Analysis & Synthesis report for singlecycle
Wed Apr 18 22:10:41 2018
Quartus Prime Version 16.1.0 Build 196 10/24/2016 SJ Lite Edition


---------------------
; Table of Contents ;
---------------------
  1. Legal Notice
  2. Analysis & Synthesis Summary
  3. Analysis & Synthesis Settings
  4. Parallel Compilation
  5. Analysis & Synthesis Messages
  6. Analysis & Synthesis Suppressed Messages



----------------
; Legal Notice ;
----------------
Copyright (C) 2016  Intel Corporation. All rights reserved.
Your use of Intel Corporation's design tools, logic functions 
and other software and tools, and its AMPP partner logic 
functions, and any output files from any of the foregoing 
(including device programming or simulation files), and any 
associated documentation or information are expressly subject 
to the terms and conditions of the Intel Program License 
Subscription Agreement, the Intel Quartus Prime License Agreement,
the Intel MegaCore Function License Agreement, or other 
applicable license agreement, including, without limitation, 
that your use is for the sole purpose of programming logic 
devices manufactured by Intel and sold by Intel or its 
authorized distributors.  Please refer to the applicable 
agreement for further details.



+----------------------------------------------------------------------------------+
; Analysis & Synthesis Summary                                                     ;
+------------------------------------+---------------------------------------------+
; Analysis & Synthesis Status        ; Failed - Wed Apr 18 22:10:41 2018           ;
; Quartus Prime Version              ; 16.1.0 Build 196 10/24/2016 SJ Lite Edition ;
; Revision Name                      ; singlecycle                                 ;
; Top-level Entity Name              ; singleCycle                                 ;
; Family                             ; Cyclone IV E                                ;
; Total logic elements               ; N/A until Partition Merge                   ;
;     Total combinational functions  ; N/A until Partition Merge                   ;
;     Dedicated logic registers      ; N/A until Partition Merge                   ;
; Total registers                    ; N/A until Partition Merge                   ;
; Total pins                         ; N/A until Partition Merge                   ;
; Total virtual pins                 ; N/A until Partition Merge                   ;
; Total memory bits                  ; N/A until Partition Merge                   ;
; Embedded Multiplier 9-bit elements ; N/A until Partition Merge                   ;
; Total PLLs                         ; N/A until Partition Merge                   ;
+------------------------------------+---------------------------------------------+


+----------------------------------------------------------------------------------------------------------------------+
; Analysis & Synthesis Settings                                                                                        ;
+----------------------------------------------------------------------------+--------------------+--------------------+
; Option                                                                     ; Setting            ; Default Value      ;
+----------------------------------------------------------------------------+--------------------+--------------------+
; Device                                                                     ; EP4CE22F17C6       ;                    ;
; Top-level entity name                                                      ; singleCycle        ; singlecycle        ;
; Family name                                                                ; Cyclone IV E       ; Cyclone V          ;
; Use smart compilation                                                      ; Off                ; Off                ;
; Enable parallel Assembler and TimeQuest Timing Analyzer during compilation ; On                 ; On                 ;
; Enable compact report table                                                ; Off                ; Off                ;
; Restructure Multiplexers                                                   ; Auto               ; Auto               ;
; Create Debugging Nodes for IP Cores                                        ; Off                ; Off                ;
; Preserve fewer node names                                                  ; On                 ; On                 ;
; OpenCore Plus hardware evaluation                                          ; Enable             ; Enable             ;
; Verilog Version                                                            ; Verilog_2001       ; Verilog_2001       ;
; VHDL Version                                                               ; VHDL_1993          ; VHDL_1993          ;
; State Machine Processing                                                   ; Auto               ; Auto               ;
; Safe State Machine                                                         ; Off                ; Off                ;
; Extract Verilog State Machines                                             ; On                 ; On                 ;
; Extract VHDL State Machines                                                ; On                 ; On                 ;
; Ignore Verilog initial constructs                                          ; Off                ; Off                ;
; Iteration limit for constant Verilog loops                                 ; 5000               ; 5000               ;
; Iteration limit for non-constant Verilog loops                             ; 250                ; 250                ;
; Add Pass-Through Logic to Inferred RAMs                                    ; On                 ; On                 ;
; Infer RAMs from Raw Logic                                                  ; On                 ; On                 ;
; Parallel Synthesis                                                         ; On                 ; On                 ;
; DSP Block Balancing                                                        ; Auto               ; Auto               ;
; NOT Gate Push-Back                                                         ; On                 ; On                 ;
; Power-Up Don't Care                                                        ; On                 ; On                 ;
; Remove Redundant Logic Cells                                               ; Off                ; Off                ;
; Remove Duplicate Registers                                                 ; On                 ; On                 ;
; Ignore CARRY Buffers                                                       ; Off                ; Off                ;
; Ignore CASCADE Buffers                                                     ; Off                ; Off                ;
; Ignore GLOBAL Buffers                                                      ; Off                ; Off                ;
; Ignore ROW GLOBAL Buffers                                                  ; Off                ; Off                ;
; Ignore LCELL Buffers                                                       ; Off                ; Off                ;
; Ignore SOFT Buffers                                                        ; On                 ; On                 ;
; Limit AHDL Integers to 32 Bits                                             ; Off                ; Off                ;
; Optimization Technique                                                     ; Balanced           ; Balanced           ;
; Carry Chain Length                                                         ; 70                 ; 70                 ;
; Auto Carry Chains                                                          ; On                 ; On                 ;
; Auto Open-Drain Pins                                                       ; On                 ; On                 ;
; Perform WYSIWYG Primitive Resynthesis                                      ; Off                ; Off                ;
; Auto ROM Replacement                                                       ; On                 ; On                 ;
; Auto RAM Replacement                                                       ; On                 ; On                 ;
; Auto DSP Block Replacement                                                 ; On                 ; On                 ;
; Auto Shift Register Replacement                                            ; Auto               ; Auto               ;
; Allow Shift Register Merging across Hierarchies                            ; Auto               ; Auto               ;
; Auto Clock Enable Replacement                                              ; On                 ; On                 ;
; Strict RAM Replacement                                                     ; Off                ; Off                ;
; Allow Synchronous Control Signals                                          ; On                 ; On                 ;
; Force Use of Synchronous Clear Signals                                     ; Off                ; Off                ;
; Auto RAM Block Balancing                                                   ; On                 ; On                 ;
; Auto RAM to Logic Cell Conversion                                          ; Off                ; Off                ;
; Auto Resource Sharing                                                      ; Off                ; Off                ;
; Allow Any RAM Size For Recognition                                         ; Off                ; Off                ;
; Allow Any ROM Size For Recognition                                         ; Off                ; Off                ;
; Allow Any Shift Register Size For Recognition                              ; Off                ; Off                ;
; Use LogicLock Constraints during Resource Balancing                        ; On                 ; On                 ;
; Ignore translate_off and synthesis_off directives                          ; Off                ; Off                ;
; Timing-Driven Synthesis                                                    ; On                 ; On                 ;
; Report Parameter Settings                                                  ; On                 ; On                 ;
; Report Source Assignments                                                  ; On                 ; On                 ;
; Report Connectivity Checks                                                 ; On                 ; On                 ;
; Ignore Maximum Fan-Out Assignments                                         ; Off                ; Off                ;
; Synchronization Register Chain Length                                      ; 2                  ; 2                  ;
; PowerPlay Power Optimization During Synthesis                              ; Normal compilation ; Normal compilation ;
; HDL message level                                                          ; Level2             ; Level2             ;
; Suppress Register Optimization Related Messages                            ; Off                ; Off                ;
; Number of Removed Registers Reported in Synthesis Report                   ; 5000               ; 5000               ;
; Number of Swept Nodes Reported in Synthesis Report                         ; 5000               ; 5000               ;
; Number of Inverted Registers Reported in Synthesis Report                  ; 100                ; 100                ;
; Clock MUX Protection                                                       ; On                 ; On                 ;
; Auto Gated Clock Conversion                                                ; Off                ; Off                ;
; Block Design Naming                                                        ; Auto               ; Auto               ;
; SDC constraint protection                                                  ; Off                ; Off                ;
; Synthesis Effort                                                           ; Auto               ; Auto               ;
; Shift Register Replacement - Allow Asynchronous Clear Signal               ; On                 ; On                 ;
; Pre-Mapping Resynthesis Optimization                                       ; Off                ; Off                ;
; Analysis & Synthesis Message Level                                         ; Medium             ; Medium             ;
; Disable Register Merging Across Hierarchies                                ; Auto               ; Auto               ;
; Resource Aware Inference For Block RAM                                     ; On                 ; On                 ;
+----------------------------------------------------------------------------+--------------------+--------------------+


+------------------------------------------+
; Parallel Compilation                     ;
+----------------------------+-------------+
; Processors                 ; Number      ;
+----------------------------+-------------+
; Number detected on machine ; 4           ;
; Maximum allowed            ; 4           ;
;                            ;             ;
; Average used               ; 1.00        ;
; Maximum used               ; 1           ;
;                            ;             ;
; Usage by Processor         ; % Time Used ;
;     Processor 1            ; 100.0%      ;
+----------------------------+-------------+


+-------------------------------+
; Analysis & Synthesis Messages ;
+-------------------------------+
Info: *******************************************************************
Info: Running Quartus Prime Analysis & Synthesis
    Info: Version 16.1.0 Build 196 10/24/2016 SJ Lite Edition
    Info: Processing started: Wed Apr 18 22:10:32 2018
Info: Command: quartus_map --read_settings_files=on --write_settings_files=off singlecycle -c singlecycle
Warning (18236): Number of processors has not been specified which may cause overloading on shared machines.  Set the global assignment NUM_PARALLEL_PROCESSORS in your QSF to an appropriate value for best performance.
Info (20030): Parallel compilation is enabled and will use 4 of the 4 processors detected
Info (12021): Found 1 design units, including 1 entities, in source file /users/mc_fe/desktop/modulevetests/simpleregwe.v
    Info (12023): Found entity 1: simpleRegWE File: C:/Users/mc_fe/Desktop/moduleVeTests/simpleregWE.v Line: 1
Info (12021): Found 1 design units, including 1 entities, in source file /users/mc_fe/desktop/modulevetests/simplereg.v
    Info (12023): Found entity 1: simpleReg File: C:/Users/mc_fe/Desktop/moduleVeTests/simpleReg.v Line: 1
Info (12021): Found 1 design units, including 1 entities, in source file /users/mc_fe/desktop/modulevetests/shiftreg.v
    Info (12023): Found entity 1: shiftReg File: C:/Users/mc_fe/Desktop/moduleVeTests/shiftReg.v Line: 1
Info (12021): Found 1 design units, including 1 entities, in source file /users/mc_fe/desktop/modulevetests/mux_4to1.v
    Info (12023): Found entity 1: mux_4to1 File: C:/Users/mc_fe/Desktop/moduleVeTests/mux_4to1.v Line: 1
Info (12021): Found 1 design units, including 1 entities, in source file /users/mc_fe/desktop/modulevetests/mux_2to1.v
    Info (12023): Found entity 1: mux_2to1 File: C:/Users/mc_fe/Desktop/moduleVeTests/mux_2to1.v Line: 1
Info (12021): Found 1 design units, including 1 entities, in source file /users/mc_fe/desktop/modulevetests/decoder_2to4.v
    Info (12023): Found entity 1: decoder_2to4 File: C:/Users/mc_fe/Desktop/moduleVeTests/decoder_2to4.v Line: 8
Info (12021): Found 1 design units, including 1 entities, in source file /users/mc_fe/desktop/modulevetests/constantvaluegenerator.v
    Info (12023): Found entity 1: constantValueGenerator File: C:/Users/mc_fe/Desktop/moduleVeTests/constantValueGenerator.v Line: 1
Info (12021): Found 1 design units, including 1 entities, in source file /users/mc_fe/desktop/modulevetests/alu.v
    Info (12023): Found entity 1: ALU File: C:/Users/mc_fe/Desktop/moduleVeTests/ALU.v Line: 1
Info (12021): Found 1 design units, including 1 entities, in source file adder.v
    Info (12023): Found entity 1: adder File: C:/Users/mc_fe/Desktop/lab3/adder.v Line: 1
Info (12021): Found 1 design units, including 1 entities, in source file registerfile.v
    Info (12023): Found entity 1: registerFile File: C:/Users/mc_fe/Desktop/lab3/registerFile.v Line: 1
Info (12021): Found 1 design units, including 1 entities, in source file extendimm.v
    Info (12023): Found entity 1: extendImm File: C:/Users/mc_fe/Desktop/lab3/extendImm.v Line: 1
Info (12021): Found 1 design units, including 1 entities, in source file shift.v
    Info (12023): Found entity 1: shift File: C:/Users/mc_fe/Desktop/lab3/shift.v Line: 1
Info (12021): Found 1 design units, including 1 entities, in source file datapath.v
    Info (12023): Found entity 1: datapath File: C:/Users/mc_fe/Desktop/lab3/datapath.v Line: 1
Info (12021): Found 1 design units, including 1 entities, in source file instructionmem.v
    Info (12023): Found entity 1: instructionMem File: C:/Users/mc_fe/Desktop/lab3/instructionMem.v Line: 1
Info (12021): Found 1 design units, including 1 entities, in source file datamem.v
    Info (12023): Found entity 1: dataMem File: C:/Users/mc_fe/Desktop/lab3/dataMem.v Line: 1
Info (12021): Found 1 design units, including 1 entities, in source file controller.v
    Info (12023): Found entity 1: controller File: C:/Users/mc_fe/Desktop/lab3/controller.v Line: 6
Info (12021): Found 1 design units, including 1 entities, in source file arm.v
    Info (12023): Found entity 1: arm File: C:/Users/mc_fe/Desktop/lab3/arm.v Line: 1
Info (12021): Found 1 design units, including 1 entities, in source file singlecycle.v
    Info (12023): Found entity 1: singleCycle File: C:/Users/mc_fe/Desktop/lab3/singleCycle.v Line: 1
Info (12021): Found 1 design units, including 1 entities, in source file test_singlecycle.v
    Info (12023): Found entity 1: Test_singleCycle File: C:/Users/mc_fe/Desktop/lab3/Test_singleCycle.v Line: 1
Info (12127): Elaborating entity "singleCycle" for the top level hierarchy
Info (12128): Elaborating entity "arm" for hierarchy "arm:arm1" File: C:/Users/mc_fe/Desktop/lab3/singleCycle.v Line: 21
Info (12128): Elaborating entity "controller" for hierarchy "arm:arm1|controller:c1" File: C:/Users/mc_fe/Desktop/lab3/arm.v Line: 25
Warning (10240): Verilog HDL Always Construct warning at controller.v(66): inferring latch(es) for variable "shiftLR", which holds its previous value in one or more paths through the always construct File: C:/Users/mc_fe/Desktop/lab3/controller.v Line: 66
Info (10041): Inferred latch for "shiftLR" at controller.v(110) File: C:/Users/mc_fe/Desktop/lab3/controller.v Line: 110
Info (12128): Elaborating entity "simpleRegWE" for hierarchy "arm:arm1|controller:c1|simpleRegWE:flagreg1" File: C:/Users/mc_fe/Desktop/lab3/controller.v Line: 33
Info (12128): Elaborating entity "datapath" for hierarchy "arm:arm1|datapath:d1" File: C:/Users/mc_fe/Desktop/lab3/arm.v Line: 34
Error (10663): Verilog HDL Port Connection error at datapath.v(33): output or inout port "out" must be connected to a structural net expression File: C:/Users/mc_fe/Desktop/lab3/datapath.v Line: 33
Error (12152): Can't elaborate user hierarchy "arm:arm1|datapath:d1" File: C:/Users/mc_fe/Desktop/lab3/arm.v Line: 34
Info (144001): Generated suppressed messages file C:/Users/mc_fe/Desktop/lab3/output_files/singlecycle.map.smsg
Error: Quartus Prime Analysis & Synthesis was unsuccessful. 2 errors, 2 warnings
    Error: Peak virtual memory: 4729 megabytes
    Error: Processing ended: Wed Apr 18 22:10:41 2018
    Error: Elapsed time: 00:00:09
    Error: Total CPU time (on all processors): 00:00:21


+------------------------------------------+
; Analysis & Synthesis Suppressed Messages ;
+------------------------------------------+
The suppressed messages can be found in C:/Users/mc_fe/Desktop/lab3/output_files/singlecycle.map.smsg.


