Flow report for de0nano_embedding
Sun Mar 17 19:02:07 2019
Quartus Prime Version 18.1.0 Build 625 09/12/2018 SJ Lite Edition


---------------------
; Table of Contents ;
---------------------
  1. Legal Notice
  2. Flow Summary
  3. Flow Settings
  4. Flow Non-Default Global Settings
  5. Flow Elapsed Time
  6. Flow OS Summary
  7. Flow Log
  8. Flow Messages
  9. Flow Suppressed Messages



----------------
; Legal Notice ;
----------------
Copyright (C) 2018  Intel Corporation. All rights reserved.
Your use of Intel Corporation's design tools, logic functions 
and other software and tools, and its AMPP partner logic 
functions, and any output files from any of the foregoing 
(including device programming or simulation files), and any 
associated documentation or information are expressly subject 
to the terms and conditions of the Intel Program License 
Subscription Agreement, the Intel Quartus Prime License Agreement,
the Intel FPGA IP License Agreement, or other applicable license
agreement, including, without limitation, that your use is for
the sole purpose of programming logic devices manufactured by
Intel and sold by Intel or its authorized distributors.  Please
refer to the applicable agreement for further details.



+----------------------------------------------------------------------------------+
; Flow Summary                                                                     ;
+------------------------------------+---------------------------------------------+
; Flow Status                        ; Successful - Sun Mar 17 19:02:07 2019       ;
; Quartus Prime Version              ; 18.1.0 Build 625 09/12/2018 SJ Lite Edition ;
; Revision Name                      ; de0nano_embedding                           ;
; Top-level Entity Name              ; Controller_Unit                             ;
; Family                             ; Cyclone IV E                                ;
; Device                             ; EP4CE22F17C6                                ;
; Timing Models                      ; Final                                       ;
; Total logic elements               ; 85 / 22,320 ( < 1 % )                       ;
;     Total combinational functions  ; 85 / 22,320 ( < 1 % )                       ;
;     Dedicated logic registers      ; 1 / 22,320 ( < 1 % )                        ;
; Total registers                    ; 1                                           ;
; Total pins                         ; 37 / 154 ( 24 % )                           ;
; Total virtual pins                 ; 0                                           ;
; Total memory bits                  ; 0 / 608,256 ( 0 % )                         ;
; Embedded Multiplier 9-bit elements ; 0 / 132 ( 0 % )                             ;
; Total PLLs                         ; 0 / 4 ( 0 % )                               ;
+------------------------------------+---------------------------------------------+


+-----------------------------------------+
; Flow Settings                           ;
+-------------------+---------------------+
; Option            ; Setting             ;
+-------------------+---------------------+
; Start date & time ; 03/17/2019 19:01:40 ;
; Main task         ; Compilation         ;
; Revision Name     ; de0nano_embedding   ;
+-------------------+---------------------+


+-----------------------------------------------------------------------------------------------------------------------------------------+
; Flow Non-Default Global Settings                                                                                                        ;
+-------------------------------------+--------------------------------------------+-------------------+-----------------+----------------+
; Assignment Name                     ; Value                                      ; Default Value     ; Entity Name     ; Section Id     ;
+-------------------------------------+--------------------------------------------+-------------------+-----------------+----------------+
; COMPILER_SIGNATURE_ID               ; 141812762215973.155283850020412            ; --                ; --              ; --             ;
; EDA_GENERATE_FUNCTIONAL_NETLIST     ; On                                         ; --                ; --              ; eda_simulation ;
; EDA_NETLIST_WRITER_OUTPUT_DIR       ; C:/intelFPGA_lite/18.1/simulation/modelsim ; --                ; --              ; eda_simulation ;
; EDA_OUTPUT_DATA_FORMAT              ; Verilog Hdl                                ; --                ; --              ; eda_simulation ;
; EDA_RUN_TOOL_AUTOMATICALLY          ; Off                                        ; --                ; --              ; eda_simulation ;
; EDA_SIMULATION_TOOL                 ; ModelSim-Altera (Verilog)                  ; <None>            ; --              ; --             ;
; EDA_TIME_SCALE                      ; 1 ps                                       ; --                ; --              ; eda_simulation ;
; MAX_CORE_JUNCTION_TEMP              ; 85                                         ; --                ; --              ; --             ;
; MIN_CORE_JUNCTION_TEMP              ; 0                                          ; --                ; --              ; --             ;
; PARTITION_COLOR                     ; -- (Not supported for targeted family)     ; --                ; Controller_Unit ; Top            ;
; PARTITION_FITTER_PRESERVATION_LEVEL ; -- (Not supported for targeted family)     ; --                ; Controller_Unit ; Top            ;
; PARTITION_NETLIST_TYPE              ; -- (Not supported for targeted family)     ; --                ; Controller_Unit ; Top            ;
; POWER_BOARD_THERMAL_MODEL           ; None (CONSERVATIVE)                        ; --                ; --              ; --             ;
; POWER_PRESET_COOLING_SOLUTION       ; 23 MM HEAT SINK WITH 200 LFPM AIRFLOW      ; --                ; --              ; --             ;
; TOP_LEVEL_ENTITY                    ; Controller_Unit                            ; de0nano_embedding ; --              ; --             ;
+-------------------------------------+--------------------------------------------+-------------------+-----------------+----------------+


+--------------------------------------------------------------------------------------------------------------------------+
; Flow Elapsed Time                                                                                                        ;
+----------------------+--------------+-------------------------+---------------------+------------------------------------+
; Module Name          ; Elapsed Time ; Average Processors Used ; Peak Virtual Memory ; Total CPU Time (on all processors) ;
+----------------------+--------------+-------------------------+---------------------+------------------------------------+
; Analysis & Synthesis ; 00:00:12     ; 1.0                     ; 4782 MB             ; 00:00:24                           ;
; Fitter               ; 00:00:07     ; 1.0                     ; 5532 MB             ; 00:00:09                           ;
; Assembler            ; 00:00:02     ; 1.0                     ; 4695 MB             ; 00:00:01                           ;
; Timing Analyzer      ; 00:00:02     ; 1.0                     ; 4795 MB             ; 00:00:03                           ;
; EDA Netlist Writer   ; 00:00:01     ; 1.0                     ; 4650 MB             ; 00:00:01                           ;
; Total                ; 00:00:24     ; --                      ; --                  ; 00:00:38                           ;
+----------------------+--------------+-------------------------+---------------------+------------------------------------+


+------------------------------------------------------------------------------------+
; Flow OS Summary                                                                    ;
+----------------------+------------------+------------+------------+----------------+
; Module Name          ; Machine Hostname ; OS Name    ; OS Version ; Processor type ;
+----------------------+------------------+------------+------------+----------------+
; Analysis & Synthesis ; Caner            ; Windows 10 ; 10.0       ; x86_64         ;
; Fitter               ; Caner            ; Windows 10 ; 10.0       ; x86_64         ;
; Assembler            ; Caner            ; Windows 10 ; 10.0       ; x86_64         ;
; Timing Analyzer      ; Caner            ; Windows 10 ; 10.0       ; x86_64         ;
; EDA Netlist Writer   ; Caner            ; Windows 10 ; 10.0       ; x86_64         ;
+----------------------+------------------+------------+------------+----------------+


------------
; Flow Log ;
------------
quartus_map --read_settings_files=on --write_settings_files=off LAB1 -c de0nano_embedding
quartus_fit --read_settings_files=off --write_settings_files=off LAB1 -c de0nano_embedding
quartus_asm --read_settings_files=off --write_settings_files=off LAB1 -c de0nano_embedding
quartus_sta LAB1 -c de0nano_embedding
quartus_eda --read_settings_files=off --write_settings_files=off LAB1 -c de0nano_embedding



