Info: Start Nativelink Simulation process

========= EDA Simulation Settings =====================

Sim Mode              :  Gate
Family                :  cycloneive
Quartus root          :  c:/intelfpga_lite/18.1/quartus/bin64/
Quartus sim root      :  c:/intelfpga_lite/18.1/quartus/eda/sim_lib
Simulation Tool       :  modelsim-altera
Simulation Language   :  verilog
Simulation Mode       :  GUI
Sim Output File       :  de0nano_embedding.vo
Sim SDF file          :  de0nano_embedding__verilog.sdo
Sim dir               :  simulation\modelsim

=======================================================

Info: Starting NativeLink simulation with ModelSim-Altera software
Sourced NativeLink script c:/intelfpga_lite/18.1/quartus/common/tcl/internal/nativelink/modelsim.tcl
Warning: File de0nano_embedding_run_msim_gate_verilog.do already exists - backing up current file as de0nano_embedding_run_msim_gate_verilog.do.bak1
Probing transcript
ModelSim-Altera Info: # Reading C:/intelFPGA_lite/18.1/modelsim_ase/tcl/vsim/pref.tcl
ModelSim-Altera Info: # do de0nano_embedding_run_msim_gate_verilog.do
ModelSim-Altera Info: # if {[file exists gate_work]} {
ModelSim-Altera Info: # 	vdel -lib gate_work -all
ModelSim-Altera Info: # }
ModelSim-Altera Info: # vlib gate_work
ModelSim-Altera Info: # vmap work gate_work
ModelSim-Altera Info: # Model Technology ModelSim - Intel FPGA Edition vmap 10.5b Lib Mapping Utility 2016.10 Oct  5 2016
ModelSim-Altera Info: # vmap work gate_work 
ModelSim-Altera Info: # Copying C:/intelFPGA_lite/18.1/modelsim_ase/win32aloem/../modelsim.ini to modelsim.ini
ModelSim-Altera Info: # Modifying modelsim.ini
ModelSim-Altera Info: # 
ModelSim-Altera Info: # vlog -vlog01compat -work work +incdir+. {de0nano_embedding.vo}
ModelSim-Altera Info: # Model Technology ModelSim - Intel FPGA Edition vlog 10.5b Compiler 2016.10 Oct  5 2016
ModelSim-Altera Info: # Start time: 03:35:50 on Mar 11,2019
ModelSim-Altera Info: # vlog -reportprogress 300 -vlog01compat -work work "+incdir+." de0nano_embedding.vo 
ModelSim-Altera Info: # -- Compiling module DATAPATH
ModelSim-Altera Info: # -- Compiling module hard_block
ModelSim-Altera Info: # 
ModelSim-Altera Info: # Top level modules:
ModelSim-Altera Info: # 	DATAPATH
ModelSim-Altera Info: # End time: 03:35:50 on Mar 11,2019, Elapsed time: 0:00:00
ModelSim-Altera Info: # Errors: 0, Warnings: 0
ModelSim-Altera Info: # 
ModelSim-Altera Info: vsim work.DATAPATH
ModelSim-Altera Info: # vsim work.DATAPATH 
ModelSim-Altera Info: # Start time: 03:36:06 on Mar 11,2019
ModelSim-Altera Info: # Loading work.DATAPATH
ModelSim-Altera Info: # Loading work.hard_block
ModelSim-Altera Error: # ** Error: (vsim-3033) de0nano_embedding.vo(167): Instantiation of 'cycloneive_io_obuf' failed. The design unit was not found.
ModelSim-Altera Info: #    Time: 0 ps  Iteration: 0  Instance: /DATAPATH File: de0nano_embedding.vo
ModelSim-Altera Info: #         Searched libraries:
ModelSim-Altera Info: #             C:/intelFPGA_lite/18.1/simulation/modelsim/gate_work
ModelSim-Altera Error: # ** Error: (vsim-3033) de0nano_embedding.vo(180): Instantiation of 'cycloneive_io_obuf' failed. The design unit was not found.
ModelSim-Altera Info: #    Time: 0 ps  Iteration: 0  Instance: /DATAPATH File: de0nano_embedding.vo
ModelSim-Altera Info: #         Searched libraries:
ModelSim-Altera Info: #             C:/intelFPGA_lite/18.1/simulation/modelsim/gate_work
ModelSim-Altera Error: # ** Error: (vsim-3033) de0nano_embedding.vo(193): Instantiation of 'cycloneive_io_obuf' failed. The design unit was not found.
ModelSim-Altera Info: #    Time: 0 ps  Iteration: 0  Instance: /DATAPATH File: de0nano_embedding.vo
ModelSim-Altera Info: #         Searched libraries:
ModelSim-Altera Info: #             C:/intelFPGA_lite/18.1/simulation/modelsim/gate_work
ModelSim-Altera Error: # ** Error: (vsim-3033) de0nano_embedding.vo(206): Instantiation of 'cycloneive_io_obuf' failed. The design unit was not found.
ModelSim-Altera Info: #    Time: 0 ps  Iteration: 0  Instance: /DATAPATH File: de0nano_embedding.vo
ModelSim-Altera Info: #         Searched libraries:
ModelSim-Altera Info: #             C:/intelFPGA_lite/18.1/simulation/modelsim/gate_work
ModelSim-Altera Error: # ** Error: (vsim-3033) de0nano_embedding.vo(219): Instantiation of 'cycloneive_io_ibuf' failed. The design unit was not found.
ModelSim-Altera Info: #    Time: 0 ps  Iteration: 0  Instance: /DATAPATH File: de0nano_embedding.vo
ModelSim-Altera Info: #         Searched libraries:
ModelSim-Altera Info: #             C:/intelFPGA_lite/18.1/simulation/modelsim/gate_work
ModelSim-Altera Error: # ** Error: (vsim-3033) de0nano_embedding.vo(229): Instantiation of 'cycloneive_clkctrl' failed. The design unit was not found.
ModelSim-Altera Info: #    Time: 0 ps  Iteration: 0  Instance: /DATAPATH File: de0nano_embedding.vo
ModelSim-Altera Info: #         Searched libraries:
ModelSim-Altera Info: #             C:/intelFPGA_lite/18.1/simulation/modelsim/gate_work
ModelSim-Altera Error: # ** Error: (vsim-3033) de0nano_embedding.vo(242): Instantiation of 'cycloneive_io_ibuf' failed. The design unit was not found.
ModelSim-Altera Info: #    Time: 0 ps  Iteration: 0  Instance: /DATAPATH File: de0nano_embedding.vo
ModelSim-Altera Info: #         Searched libraries:
ModelSim-Altera Info: #             C:/intelFPGA_lite/18.1/simulation/modelsim/gate_work
ModelSim-Altera Error: # ** Error: (vsim-3033) de0nano_embedding.vo(252): Instantiation of 'cycloneive_io_ibuf' failed. The design unit was not found.
ModelSim-Altera Info: #    Time: 0 ps  Iteration: 0  Instance: /DATAPATH File: de0nano_embedding.vo
ModelSim-Altera Info: #         Searched libraries:
ModelSim-Altera Info: #             C:/intelFPGA_lite/18.1/simulation/modelsim/gate_work
ModelSim-Altera Error: # ** Error: (vsim-3033) de0nano_embedding.vo(262): Instantiation of 'cycloneive_io_ibuf' failed. The design unit was not found.
ModelSim-Altera Info: #    Time: 0 ps  Iteration: 0  Instance: /DATAPATH File: de0nano_embedding.vo
ModelSim-Altera Info: #         Searched libraries:
ModelSim-Altera Info: #             C:/intelFPGA_lite/18.1/simulation/modelsim/gate_work
ModelSim-Altera Error: # ** Error: (vsim-3033) de0nano_embedding.vo(272): Instantiation of 'cycloneive_io_ibuf' failed. The design unit was not found.
ModelSim-Altera Info: #    Time: 0 ps  Iteration: 0  Instance: /DATAPATH File: de0nano_embedding.vo
ModelSim-Altera Info: #         Searched libraries:
ModelSim-Altera Info: #             C:/intelFPGA_lite/18.1/simulation/modelsim/gate_work
ModelSim-Altera Error: # ** Error: (vsim-3033) de0nano_embedding.vo(282): Instantiation of 'cycloneive_io_ibuf' failed. The design unit was not found.
ModelSim-Altera Info: #    Time: 0 ps  Iteration: 0  Instance: /DATAPATH File: de0nano_embedding.vo
ModelSim-Altera Info: #         Searched libraries:
ModelSim-Altera Info: #             C:/intelFPGA_lite/18.1/simulation/modelsim/gate_work
ModelSim-Altera Error: # ** Error: (vsim-3033) de0nano_embedding.vo(292): Instantiation of 'cycloneive_lcell_comb' failed. The design unit was not found.
ModelSim-Altera Info: #    Time: 0 ps  Iteration: 0  Instance: /DATAPATH File: de0nano_embedding.vo
ModelSim-Altera Info: #         Searched libraries:
ModelSim-Altera Info: #             C:/intelFPGA_lite/18.1/simulation/modelsim/gate_work
ModelSim-Altera Error: # ** Error: (vsim-3033) de0nano_embedding.vo(309): Instantiation of 'dffeas' failed. The design unit was not found.
ModelSim-Altera Info: #    Time: 0 ps  Iteration: 0  Instance: /DATAPATH File: de0nano_embedding.vo
ModelSim-Altera Info: #         Searched libraries:
ModelSim-Altera Info: #             C:/intelFPGA_lite/18.1/simulation/modelsim/gate_work
ModelSim-Altera Error: # ** Error: (vsim-3033) de0nano_embedding.vo(328): Instantiation of 'cycloneive_lcell_comb' failed. The design unit was not found.
ModelSim-Altera Info: #    Time: 0 ps  Iteration: 0  Instance: /DATAPATH File: de0nano_embedding.vo
ModelSim-Altera Info: #         Searched libraries:
ModelSim-Altera Info: #             C:/intelFPGA_lite/18.1/simulation/modelsim/gate_work
ModelSim-Altera Error: # ** Error: (vsim-3033) de0nano_embedding.vo(345): Instantiation of 'cycloneive_lcell_comb' failed. The design unit was not found.
ModelSim-Altera Info: #    Time: 0 ps  Iteration: 0  Instance: /DATAPATH File: de0nano_embedding.vo
ModelSim-Altera Info: #         Searched libraries:
ModelSim-Altera Info: #             C:/intelFPGA_lite/18.1/simulation/modelsim/gate_work
ModelSim-Altera Error: # ** Error: (vsim-3033) de0nano_embedding.vo(362): Instantiation of 'cycloneive_lcell_comb' failed. The design unit was not found.
ModelSim-Altera Info: #    Time: 0 ps  Iteration: 0  Instance: /DATAPATH File: de0nano_embedding.vo
ModelSim-Altera Info: #         Searched libraries:
ModelSim-Altera Info: #             C:/intelFPGA_lite/18.1/simulation/modelsim/gate_work
ModelSim-Altera Error: # ** Error: (vsim-3033) de0nano_embedding.vo(379): Instantiation of 'cycloneive_io_ibuf' failed. The design unit was not found.
ModelSim-Altera Info: #    Time: 0 ps  Iteration: 0  Instance: /DATAPATH File: de0nano_embedding.vo
ModelSim-Altera Info: #         Searched libraries:
ModelSim-Altera Info: #             C:/intelFPGA_lite/18.1/simulation/modelsim/gate_work
ModelSim-Altera Error: # ** Error: (vsim-3033) de0nano_embedding.vo(389): Instantiation of 'cycloneive_lcell_comb' failed. The design unit was not found.
ModelSim-Altera Info: #    Time: 0 ps  Iteration: 0  Instance: /DATAPATH File: de0nano_embedding.vo
ModelSim-Altera Info: #         Searched libraries:
ModelSim-Altera Info: #             C:/intelFPGA_lite/18.1/simulation/modelsim/gate_work
ModelSim-Altera Error: # ** Error: (vsim-3033) de0nano_embedding.vo(406): Instantiation of 'dffeas' failed. The design unit was not found.
ModelSim-Altera Info: #    Time: 0 ps  Iteration: 0  Instance: /DATAPATH File: de0nano_embedding.vo
ModelSim-Altera Info: #         Searched libraries:
ModelSim-Altera Info: #             C:/intelFPGA_lite/18.1/simulation/modelsim/gate_work
ModelSim-Altera Error: # ** Error: (vsim-3033) de0nano_embedding.vo(425): Instantiation of 'cycloneive_lcell_comb' failed. The design unit was not found.
ModelSim-Altera Info: #    Time: 0 ps  Iteration: 0  Instance: /DATAPATH File: de0nano_embedding.vo
ModelSim-Altera Info: #         Searched libraries:
ModelSim-Altera Info: #             C:/intelFPGA_lite/18.1/simulation/modelsim/gate_work
ModelSim-Altera Error: # ** Error: (vsim-3033) de0nano_embedding.vo(442): Instantiation of 'cycloneive_io_ibuf' failed. The design unit was not found.
ModelSim-Altera Info: #    Time: 0 ps  Iteration: 0  Instance: /DATAPATH File: de0nano_embedding.vo
ModelSim-Altera Info: #         Searched libraries:
ModelSim-Altera Info: #             C:/intelFPGA_lite/18.1/simulation/modelsim/gate_work
ModelSim-Altera Error: # ** Error: (vsim-3033) de0nano_embedding.vo(452): Instantiation of 'cycloneive_lcell_comb' failed. The design unit was not found.
ModelSim-Altera Info: #    Time: 0 ps  Iteration: 0  Instance: /DATAPATH File: de0nano_embedding.vo
ModelSim-Altera Info: #         Searched libraries:
ModelSim-Altera Info: #             C:/intelFPGA_lite/18.1/simulation/modelsim/gate_work
ModelSim-Altera Error: # ** Error: (vsim-3033) de0nano_embedding.vo(469): Instantiation of 'dffeas' failed. The design unit was not found.
ModelSim-Altera Info: #    Time: 0 ps  Iteration: 0  Instance: /DATAPATH File: de0nano_embedding.vo
ModelSim-Altera Info: #         Searched libraries:
ModelSim-Altera Info: #             C:/intelFPGA_lite/18.1/simulation/modelsim/gate_work
ModelSim-Altera Error: # ** Error: (vsim-3033) de0nano_embedding.vo(488): Instantiation of 'cycloneive_lcell_comb' failed. The design unit was not found.
ModelSim-Altera Info: #    Time: 0 ps  Iteration: 0  Instance: /DATAPATH File: de0nano_embedding.vo
ModelSim-Altera Info: #         Searched libraries:
ModelSim-Altera Info: #             C:/intelFPGA_lite/18.1/simulation/modelsim/gate_work
ModelSim-Altera Error: # ** Error: (vsim-3033) de0nano_embedding.vo(505): Instantiation of 'cycloneive_io_ibuf' failed. The design unit was not found.
ModelSim-Altera Info: #    Time: 0 ps  Iteration: 0  Instance: /DATAPATH File: de0nano_embedding.vo
ModelSim-Altera Info: #         Searched libraries:
ModelSim-Altera Info: #             C:/intelFPGA_lite/18.1/simulation/modelsim/gate_work
ModelSim-Altera Error: # ** Error: (vsim-3033) de0nano_embedding.vo(515): Instantiation of 'cycloneive_lcell_comb' failed. The design unit was not found.
ModelSim-Altera Info: #    Time: 0 ps  Iteration: 0  Instance: /DATAPATH File: de0nano_embedding.vo
ModelSim-Altera Info: #         Searched libraries:
ModelSim-Altera Info: #             C:/intelFPGA_lite/18.1/simulation/modelsim/gate_work
ModelSim-Altera Error: # ** Error: (vsim-3033) de0nano_embedding.vo(532): Instantiation of 'cycloneive_io_ibuf' failed. The design unit was not found.
ModelSim-Altera Info: #    Time: 0 ps  Iteration: 0  Instance: /DATAPATH File: de0nano_embedding.vo
ModelSim-Altera Info: #         Searched libraries:
ModelSim-Altera Info: #             C:/intelFPGA_lite/18.1/simulation/modelsim/gate_work
ModelSim-Altera Error: # ** Error: (vsim-3033) de0nano_embedding.vo(542): Instantiation of 'cycloneive_lcell_comb' failed. The design unit was not found.
ModelSim-Altera Info: #    Time: 0 ps  Iteration: 0  Instance: /DATAPATH File: de0nano_embedding.vo
ModelSim-Altera Info: #         Searched libraries:
ModelSim-Altera Info: #             C:/intelFPGA_lite/18.1/simulation/modelsim/gate_work
ModelSim-Altera Error: # ** Error: (vsim-3033) de0nano_embedding.vo(559): Instantiation of 'dffeas' failed. The design unit was not found.
ModelSim-Altera Info: #    Time: 0 ps  Iteration: 0  Instance: /DATAPATH File: de0nano_embedding.vo
ModelSim-Altera Info: #         Searched libraries:
ModelSim-Altera Info: #             C:/intelFPGA_lite/18.1/simulation/modelsim/gate_work
ModelSim-Altera Error: # ** Error: (vsim-3033) de0nano_embedding.vo(578): Instantiation of 'cycloneive_lcell_comb' failed. The design unit was not found.
ModelSim-Altera Info: #    Time: 0 ps  Iteration: 0  Instance: /DATAPATH File: de0nano_embedding.vo
ModelSim-Altera Info: #         Searched libraries:
ModelSim-Altera Info: #             C:/intelFPGA_lite/18.1/simulation/modelsim/gate_work
ModelSim-Altera Error: # ** Error: (vsim-3033) de0nano_embedding.vo(595): Instantiation of 'cycloneive_lcell_comb' failed. The design unit was not found.
ModelSim-Altera Info: #    Time: 0 ps  Iteration: 0  Instance: /DATAPATH File: de0nano_embedding.vo
ModelSim-Altera Info: #         Searched libraries:
ModelSim-Altera Info: #             C:/intelFPGA_lite/18.1/simulation/modelsim/gate_work
ModelSim-Altera Error: # ** Error: (vsim-3033) de0nano_embedding.vo(612): Instantiation of 'cycloneive_lcell_comb' failed. The design unit was not found.
ModelSim-Altera Info: #    Time: 0 ps  Iteration: 0  Instance: /DATAPATH File: de0nano_embedding.vo
ModelSim-Altera Info: #         Searched libraries:
ModelSim-Altera Info: #             C:/intelFPGA_lite/18.1/simulation/modelsim/gate_work
ModelSim-Altera Error: # ** Error: (vsim-3033) de0nano_embedding.vo(631): Instantiation of 'cycloneive_lcell_comb' failed. The design unit was not found.
ModelSim-Altera Info: #    Time: 0 ps  Iteration: 0  Instance: /DATAPATH File: de0nano_embedding.vo
ModelSim-Altera Info: #         Searched libraries:
ModelSim-Altera Info: #             C:/intelFPGA_lite/18.1/simulation/modelsim/gate_work
ModelSim-Altera Error: # ** Error: (vsim-3033) de0nano_embedding.vo(649): Instantiation of 'cycloneive_lcell_comb' failed. The design unit was not found.
ModelSim-Altera Info: #    Time: 0 ps  Iteration: 0  Instance: /DATAPATH File: de0nano_embedding.vo
ModelSim-Altera Info: #         Searched libraries:
ModelSim-Altera Info: #             C:/intelFPGA_lite/18.1/simulation/modelsim/gate_work
ModelSim-Altera Error: # ** Error: (vsim-3033) de0nano_embedding.vo(668): Instantiation of 'cycloneive_lcell_comb' failed. The design unit was not found.
ModelSim-Altera Info: #    Time: 0 ps  Iteration: 0  Instance: /DATAPATH File: de0nano_embedding.vo
ModelSim-Altera Info: #         Searched libraries:
ModelSim-Altera Info: #             C:/intelFPGA_lite/18.1/simulation/modelsim/gate_work
ModelSim-Altera Error: # ** Error: (vsim-3033) de0nano_embedding.vo(685): Instantiation of 'cycloneive_lcell_comb' failed. The design unit was not found.
ModelSim-Altera Info: #    Time: 0 ps  Iteration: 0  Instance: /DATAPATH File: de0nano_embedding.vo
ModelSim-Altera Info: #         Searched libraries:
ModelSim-Altera Info: #             C:/intelFPGA_lite/18.1/simulation/modelsim/gate_work
ModelSim-Altera Error: # ** Error: (vsim-3033) de0nano_embedding.vo(702): Instantiation of 'cycloneive_io_ibuf' failed. The design unit was not found.
ModelSim-Altera Info: #    Time: 0 ps  Iteration: 0  Instance: /DATAPATH File: de0nano_embedding.vo
ModelSim-Altera Info: #         Searched libraries:
ModelSim-Altera Info: #             C:/intelFPGA_lite/18.1/simulation/modelsim/gate_work
ModelSim-Altera Error: # ** Error: (vsim-3033) de0nano_embedding.vo(712): Instantiation of 'cycloneive_io_ibuf' failed. The design unit was not found.
ModelSim-Altera Info: #    Time: 0 ps  Iteration: 0  Instance: /DATAPATH File: de0nano_embedding.vo
ModelSim-Altera Info: #         Searched libraries:
ModelSim-Altera Info: #             C:/intelFPGA_lite/18.1/simulation/modelsim/gate_work
ModelSim-Altera Error: # ** Error: (vsim-3033) de0nano_embedding.vo(722): Instantiation of 'cycloneive_lcell_comb' failed. The design unit was not found.
ModelSim-Altera Info: #    Time: 0 ps  Iteration: 0  Instance: /DATAPATH File: de0nano_embedding.vo
ModelSim-Altera Info: #         Searched libraries:
ModelSim-Altera Info: #             C:/intelFPGA_lite/18.1/simulation/modelsim/gate_work
ModelSim-Altera Error: # ** Error: (vsim-3033) de0nano_embedding.vo(739): Instantiation of 'cycloneive_lcell_comb' failed. The design unit was not found.
ModelSim-Altera Info: #    Time: 0 ps  Iteration: 0  Instance: /DATAPATH File: de0nano_embedding.vo
ModelSim-Altera Info: #         Searched libraries:
ModelSim-Altera Info: #             C:/intelFPGA_lite/18.1/simulation/modelsim/gate_work
ModelSim-Altera Error: # ** Error: (vsim-3033) de0nano_embedding.vo(756): Instantiation of 'cycloneive_lcell_comb' failed. The design unit was not found.
ModelSim-Altera Info: #    Time: 0 ps  Iteration: 0  Instance: /DATAPATH File: de0nano_embedding.vo
ModelSim-Altera Info: #         Searched libraries:
ModelSim-Altera Info: #             C:/intelFPGA_lite/18.1/simulation/modelsim/gate_work
ModelSim-Altera Error: # ** Error: (vsim-3033) de0nano_embedding.vo(773): Instantiation of 'dffeas' failed. The design unit was not found.
ModelSim-Altera Info: #    Time: 0 ps  Iteration: 0  Instance: /DATAPATH File: de0nano_embedding.vo
ModelSim-Altera Info: #         Searched libraries:
ModelSim-Altera Info: #             C:/intelFPGA_lite/18.1/simulation/modelsim/gate_work
ModelSim-Altera Error: # ** Error: (vsim-3033) de0nano_embedding.vo(792): Instantiation of 'cycloneive_lcell_comb' failed. The design unit was not found.
ModelSim-Altera Info: #    Time: 0 ps  Iteration: 0  Instance: /DATAPATH File: de0nano_embedding.vo
ModelSim-Altera Info: #         Searched libraries:
ModelSim-Altera Info: #             C:/intelFPGA_lite/18.1/simulation/modelsim/gate_work
ModelSim-Altera Error: # ** Error: (vsim-3033) de0nano_embedding.vo(809): Instantiation of 'cycloneive_lcell_comb' failed. The design unit was not found.
ModelSim-Altera Info: #    Time: 0 ps  Iteration: 0  Instance: /DATAPATH File: de0nano_embedding.vo
ModelSim-Altera Info: #         Searched libraries:
ModelSim-Altera Info: #             C:/intelFPGA_lite/18.1/simulation/modelsim/gate_work
ModelSim-Altera Error: # ** Error: (vsim-3033) de0nano_embedding.vo(826): Instantiation of 'cycloneive_lcell_comb' failed. The design unit was not found.
ModelSim-Altera Info: #    Time: 0 ps  Iteration: 0  Instance: /DATAPATH File: de0nano_embedding.vo
ModelSim-Altera Info: #         Searched libraries:
ModelSim-Altera Info: #             C:/intelFPGA_lite/18.1/simulation/modelsim/gate_work
ModelSim-Altera Error: # ** Error: (vsim-3033) de0nano_embedding.vo(843): Instantiation of 'dffeas' failed. The design unit was not found.
ModelSim-Altera Info: #    Time: 0 ps  Iteration: 0  Instance: /DATAPATH File: de0nano_embedding.vo
ModelSim-Altera Info: #         Searched libraries:
ModelSim-Altera Info: #             C:/intelFPGA_lite/18.1/simulation/modelsim/gate_work
ModelSim-Altera Error: # ** Error: (vsim-3033) de0nano_embedding.vo(862): Instantiation of 'cycloneive_lcell_comb' failed. The design unit was not found.
ModelSim-Altera Info: #    Time: 0 ps  Iteration: 0  Instance: /DATAPATH File: de0nano_embedding.vo
ModelSim-Altera Info: #         Searched libraries:
ModelSim-Altera Info: #             C:/intelFPGA_lite/18.1/simulation/modelsim/gate_work
ModelSim-Altera Error: # ** Error: (vsim-3033) de0nano_embedding.vo(880): Instantiation of 'cycloneive_lcell_comb' failed. The design unit was not found.
ModelSim-Altera Info: #    Time: 0 ps  Iteration: 0  Instance: /DATAPATH File: de0nano_embedding.vo
ModelSim-Altera Info: #         Searched libraries:
ModelSim-Altera Info: #             C:/intelFPGA_lite/18.1/simulation/modelsim/gate_work
ModelSim-Altera Error: # ** Error: (vsim-3033) de0nano_embedding.vo(897): Instantiation of 'cycloneive_lcell_comb' failed. The design unit was not found.
ModelSim-Altera Info: #    Time: 0 ps  Iteration: 0  Instance: /DATAPATH File: de0nano_embedding.vo
ModelSim-Altera Info: #         Searched libraries:
ModelSim-Altera Info: #             C:/intelFPGA_lite/18.1/simulation/modelsim/gate_work
ModelSim-Altera Error: # ** Error: (vsim-3033) de0nano_embedding.vo(914): Instantiation of 'cycloneive_lcell_comb' failed. The design unit was not found.
ModelSim-Altera Info: #    Time: 0 ps  Iteration: 0  Instance: /DATAPATH File: de0nano_embedding.vo
ModelSim-Altera Info: #         Searched libraries:
ModelSim-Altera Info: #             C:/intelFPGA_lite/18.1/simulation/modelsim/gate_work
ModelSim-Altera Error: # ** Error: (vsim-3033) de0nano_embedding.vo(931): Instantiation of 'cycloneive_lcell_comb' failed. The design unit was not found.
ModelSim-Altera Info: #    Time: 0 ps  Iteration: 0  Instance: /DATAPATH File: de0nano_embedding.vo
ModelSim-Altera Info: #         Searched libraries:
ModelSim-Altera Info: #             C:/intelFPGA_lite/18.1/simulation/modelsim/gate_work
ModelSim-Altera Error: # ** Error: (vsim-3033) de0nano_embedding.vo(948): Instantiation of 'dffeas' failed. The design unit was not found.
ModelSim-Altera Info: #    Time: 0 ps  Iteration: 0  Instance: /DATAPATH File: de0nano_embedding.vo
ModelSim-Altera Info: #         Searched libraries:
ModelSim-Altera Info: #             C:/intelFPGA_lite/18.1/simulation/modelsim/gate_work
ModelSim-Altera Error: # ** Error: (vsim-3033) de0nano_embedding.vo(967): Instantiation of 'cycloneive_io_ibuf' failed. The design unit was not found.
ModelSim-Altera Info: #    Time: 0 ps  Iteration: 0  Instance: /DATAPATH File: de0nano_embedding.vo
ModelSim-Altera Info: #         Searched libraries:
ModelSim-Altera Info: #             C:/intelFPGA_lite/18.1/simulation/modelsim/gate_work
ModelSim-Altera Error: # ** Error: (vsim-3033) de0nano_embedding.vo(977): Instantiation of 'cycloneive_io_ibuf' failed. The design unit was not found.
ModelSim-Altera Info: #    Time: 0 ps  Iteration: 0  Instance: /DATAPATH File: de0nano_embedding.vo
ModelSim-Altera Info: #         Searched libraries:
ModelSim-Altera Info: #             C:/intelFPGA_lite/18.1/simulation/modelsim/gate_work
ModelSim-Altera Error: # ** Error: (vsim-3033) de0nano_embedding.vo(987): Instantiation of 'cycloneive_lcell_comb' failed. The design unit was not found.
ModelSim-Altera Info: #    Time: 0 ps  Iteration: 0  Instance: /DATAPATH File: de0nano_embedding.vo
ModelSim-Altera Info: #         Searched libraries:
ModelSim-Altera Info: #             C:/intelFPGA_lite/18.1/simulation/modelsim/gate_work
ModelSim-Altera Error: # ** Error: (vsim-3033) de0nano_embedding.vo(1004): Instantiation of 'dffeas' failed. The design unit was not found.
ModelSim-Altera Info: #    Time: 0 ps  Iteration: 0  Instance: /DATAPATH File: de0nano_embedding.vo
ModelSim-Altera Info: #         Searched libraries:
ModelSim-Altera Info: #             C:/intelFPGA_lite/18.1/simulation/modelsim/gate_work
ModelSim-Altera Error: # ** Error: (vsim-3033) de0nano_embedding.vo(1023): Instantiation of 'cycloneive_lcell_comb' failed. The design unit was not found.
ModelSim-Altera Info: #    Time: 0 ps  Iteration: 0  Instance: /DATAPATH File: de0nano_embedding.vo
ModelSim-Altera Info: #         Searched libraries:
ModelSim-Altera Info: #             C:/intelFPGA_lite/18.1/simulation/modelsim/gate_work
ModelSim-Altera Error: # ** Error: (vsim-3033) de0nano_embedding.vo(1040): Instantiation of 'dffeas' failed. The design unit was not found.
ModelSim-Altera Info: #    Time: 0 ps  Iteration: 0  Instance: /DATAPATH File: de0nano_embedding.vo
ModelSim-Altera Info: #         Searched libraries:
ModelSim-Altera Info: #             C:/intelFPGA_lite/18.1/simulation/modelsim/gate_work
ModelSim-Altera Error: # ** Error: (vsim-3033) de0nano_embedding.vo(1059): Instantiation of 'cycloneive_lcell_comb' failed. The design unit was not found.
ModelSim-Altera Info: #    Time: 0 ps  Iteration: 0  Instance: /DATAPATH File: de0nano_embedding.vo
ModelSim-Altera Info: #         Searched libraries:
ModelSim-Altera Info: #             C:/intelFPGA_lite/18.1/simulation/modelsim/gate_work
ModelSim-Altera Error: # ** Error: (vsim-3033) de0nano_embedding.vo(1076): Instantiation of 'dffeas' failed. The design unit was not found.
ModelSim-Altera Info: #    Time: 0 ps  Iteration: 0  Instance: /DATAPATH File: de0nano_embedding.vo
ModelSim-Altera Info: #         Searched libraries:
ModelSim-Altera Info: #             C:/intelFPGA_lite/18.1/simulation/modelsim/gate_work
ModelSim-Altera Error: # ** Error: (vsim-3033) de0nano_embedding.vo(1095): Instantiation of 'cycloneive_lcell_comb' failed. The design unit was not found.
ModelSim-Altera Info: #    Time: 0 ps  Iteration: 0  Instance: /DATAPATH File: de0nano_embedding.vo
ModelSim-Altera Info: #         Searched libraries:
ModelSim-Altera Info: #             C:/intelFPGA_lite/18.1/simulation/modelsim/gate_work
ModelSim-Altera Error: # ** Error: (vsim-3033) de0nano_embedding.vo(1112): Instantiation of 'dffeas' failed. The design unit was not found.
ModelSim-Altera Info: #    Time: 0 ps  Iteration: 0  Instance: /DATAPATH File: de0nano_embedding.vo
ModelSim-Altera Info: #         Searched libraries:
ModelSim-Altera Info: #             C:/intelFPGA_lite/18.1/simulation/modelsim/gate_work
ModelSim-Altera Error: # ** Error: (vsim-3033) de0nano_embedding.vo(1131): Instantiation of 'cycloneive_io_ibuf' failed. The design unit was not found.
ModelSim-Altera Info: #    Time: 0 ps  Iteration: 0  Instance: /DATAPATH File: de0nano_embedding.vo
ModelSim-Altera Info: #         Searched libraries:
ModelSim-Altera Info: #             C:/intelFPGA_lite/18.1/simulation/modelsim/gate_work
ModelSim-Altera Error: # ** Error: (vsim-3033) de0nano_embedding.vo(1141): Instantiation of 'cycloneive_io_ibuf' failed. The design unit was not found.
ModelSim-Altera Info: #    Time: 0 ps  Iteration: 0  Instance: /DATAPATH File: de0nano_embedding.vo
ModelSim-Altera Info: #         Searched libraries:
ModelSim-Altera Info: #             C:/intelFPGA_lite/18.1/simulation/modelsim/gate_work
ModelSim-Altera Error: # ** Error: (vsim-3033) de0nano_embedding.vo(1151): Instantiation of 'cycloneive_lcell_comb' failed. The design unit was not found.
ModelSim-Altera Info: #    Time: 0 ps  Iteration: 0  Instance: /DATAPATH File: de0nano_embedding.vo
ModelSim-Altera Info: #         Searched libraries:
ModelSim-Altera Info: #             C:/intelFPGA_lite/18.1/simulation/modelsim/gate_work
ModelSim-Altera Error: # ** Error: (vsim-3033) de0nano_embedding.vo(1168): Instantiation of 'cycloneive_lcell_comb' failed. The design unit was not found.
ModelSim-Altera Info: #    Time: 0 ps  Iteration: 0  Instance: /DATAPATH File: de0nano_embedding.vo
ModelSim-Altera Info: #         Searched libraries:
ModelSim-Altera Info: #             C:/intelFPGA_lite/18.1/simulation/modelsim/gate_work
ModelSim-Altera Error: # ** Error: (vsim-3033) de0nano_embedding.vo(1185): Instantiation of 'dffeas' failed. The design unit was not found.
ModelSim-Altera Info: #    Time: 0 ps  Iteration: 0  Instance: /DATAPATH File: de0nano_embedding.vo
ModelSim-Altera Info: #         Searched libraries:
ModelSim-Altera Info: #             C:/intelFPGA_lite/18.1/simulation/modelsim/gate_work
ModelSim-Altera Error: # ** Error: (vsim-3033) de0nano_embedding.vo(1204): Instantiation of 'cycloneive_io_ibuf' failed. The design unit was not found.
ModelSim-Altera Info: #    Time: 0 ps  Iteration: 0  Instance: /DATAPATH File: de0nano_embedding.vo
ModelSim-Altera Info: #         Searched libraries:
ModelSim-Altera Info: #             C:/intelFPGA_lite/18.1/simulation/modelsim/gate_work
ModelSim-Altera Error: # ** Error: (vsim-3033) de0nano_embedding.vo(1214): Instantiation of 'cycloneive_io_ibuf' failed. The design unit was not found.
ModelSim-Altera Info: #    Time: 0 ps  Iteration: 0  Instance: /DATAPATH File: de0nano_embedding.vo
ModelSim-Altera Info: #         Searched libraries:
ModelSim-Altera Info: #             C:/intelFPGA_lite/18.1/simulation/modelsim/gate_work
ModelSim-Altera Error: # ** Error: (vsim-3033) de0nano_embedding.vo(1224): Instantiation of 'dffeas' failed. The design unit was not found.
ModelSim-Altera Info: #    Time: 0 ps  Iteration: 0  Instance: /DATAPATH File: de0nano_embedding.vo
ModelSim-Altera Info: #         Searched libraries:
ModelSim-Altera Info: #             C:/intelFPGA_lite/18.1/simulation/modelsim/gate_work
ModelSim-Altera Error: # ** Error: (vsim-3033) de0nano_embedding.vo(1243): Instantiation of 'dffeas' failed. The design unit was not found.
ModelSim-Altera Info: #    Time: 0 ps  Iteration: 0  Instance: /DATAPATH File: de0nano_embedding.vo
ModelSim-Altera Info: #         Searched libraries:
ModelSim-Altera Info: #             C:/intelFPGA_lite/18.1/simulation/modelsim/gate_work
ModelSim-Altera Error: # ** Error: (vsim-3033) de0nano_embedding.vo(1262): Instantiation of 'dffeas' failed. The design unit was not found.
ModelSim-Altera Info: #    Time: 0 ps  Iteration: 0  Instance: /DATAPATH File: de0nano_embedding.vo
ModelSim-Altera Info: #         Searched libraries:
ModelSim-Altera Info: #             C:/intelFPGA_lite/18.1/simulation/modelsim/gate_work
ModelSim-Altera Error: # ** Error: (vsim-3033) de0nano_embedding.vo(1281): Instantiation of 'dffeas' failed. The design unit was not found.
ModelSim-Altera Info: #    Time: 0 ps  Iteration: 0  Instance: /DATAPATH File: de0nano_embedding.vo
ModelSim-Altera Info: #         Searched libraries:
ModelSim-Altera Info: #             C:/intelFPGA_lite/18.1/simulation/modelsim/gate_work
ModelSim-Altera Info: # Error loading design
ModelSim-Altera Info: # End time: 03:36:06 on Mar 11,2019, Elapsed time: 0:00:00
ModelSim-Altera Info: # Errors: 73, Warnings: 0
Error: Errors encountered while running modelsim do file
Error: NativeLink simulation flow was NOT successful



================The following additional information is provided to help identify the cause of error while running nativelink scripts=================
Nativelink TCL script failed with errorCode:  1
Nativelink TCL script failed with errorInfo:  1
    (procedure "launch_sim" line 1)
    invoked from within
"launch_sim launch_args_hash"
    ("eval" body line 1)
    invoked from within
"eval launch_sim launch_args_hash"
    invoked from within
"if [ info exists ::errorCode ] {
                set savedCode $::errorCode
                set savedInfo $::errorInfo
                error $result $..."
    invoked from within
"if [catch {eval launch_sim launch_args_hash} result ] {
            set status 1
            if [ info exists ::errorCode ] {
                set save..."
    (procedure "run_sim" line 74)
    invoked from within
"run_sim run_sim_args_hash"
    invoked from within
"if [ info exists ::errorCode ] {
            set savedCode $::errorCode
            set savedInfo $::errorInfo
            error "$result" $savedInfo ..."
    (procedure "run_eda_simulation_tool" line 334)
    invoked from within
"run_eda_simulation_tool eda_opts_hash"
