Flow report for de0nano_embedding
Sun Mar 24 22:43:15 2019
Quartus Prime Version 18.1.0 Build 625 09/12/2018 SJ Lite Edition


---------------------
; Table of Contents ;
---------------------
  1. Legal Notice
  2. Flow Summary
  3. Flow Settings
  4. Flow Non-Default Global Settings
  5. Flow Elapsed Time
  6. Flow OS Summary
  7. Flow Log
  8. Flow Messages
  9. Flow Suppressed Messages



----------------
; Legal Notice ;
----------------
Copyright (C) 2018  Intel Corporation. All rights reserved.
Your use of Intel Corporation's design tools, logic functions 
and other software and tools, and its AMPP partner logic 
functions, and any output files from any of the foregoing 
(including device programming or simulation files), and any 
associated documentation or information are expressly subject 
to the terms and conditions of the Intel Program License 
Subscription Agreement, the Intel Quartus Prime License Agreement,
the Intel FPGA IP License Agreement, or other applicable license
agreement, including, without limitation, that your use is for
the sole purpose of programming logic devices manufactured by
Intel and sold by Intel or its authorized distributors.  Please
refer to the applicable agreement for further details.



+----------------------------------------------------------------------------------+
; Flow Summary                                                                     ;
+------------------------------------+---------------------------------------------+
; Flow Status                        ; Flow Failed - Sun Mar 24 22:43:15 2019      ;
; Quartus Prime Version              ; 18.1.0 Build 625 09/12/2018 SJ Lite Edition ;
; Revision Name                      ; de0nano_embedding                           ;
; Top-level Entity Name              ; singlecyclearm                              ;
; Family                             ; Cyclone IV E                                ;
; Device                             ; EP4CE22F17C6                                ;
; Timing Models                      ; Final                                       ;
; Total logic elements               ; 4,648 / 22,320 ( 21 % )                     ;
;     Total combinational functions  ; 2,408 / 22,320 ( 11 % )                     ;
;     Dedicated logic registers      ; 2,334 / 22,320 ( 10 % )                     ;
; Total registers                    ; 2334                                        ;
; Total pins                         ; 329 / 154 ( 214 % )                         ;
; Total virtual pins                 ; 0                                           ;
; Total memory bits                  ; 0 / 608,256 ( 0 % )                         ;
; Embedded Multiplier 9-bit elements ; 0 / 132 ( 0 % )                             ;
; Total PLLs                         ; 0 / 4 ( 0 % )                               ;
+------------------------------------+---------------------------------------------+


+-----------------------------------------+
; Flow Settings                           ;
+-------------------+---------------------+
; Option            ; Setting             ;
+-------------------+---------------------+
; Start date & time ; 03/24/2019 22:42:51 ;
; Main task         ; Compilation         ;
; Revision Name     ; de0nano_embedding   ;
+-------------------+---------------------+


+------------------------------------------------------------------------------------------------------------------------------------+
; Flow Non-Default Global Settings                                                                                                   ;
+-------------------------------------+----------------------------------------+-------------------+----------------+----------------+
; Assignment Name                     ; Value                                  ; Default Value     ; Entity Name    ; Section Id     ;
+-------------------------------------+----------------------------------------+-------------------+----------------+----------------+
; COMPILER_SIGNATURE_ID               ; 141812762215973.155345657109520        ; --                ; --             ; --             ;
; EDA_OUTPUT_DATA_FORMAT              ; Verilog Hdl                            ; --                ; --             ; eda_simulation ;
; EDA_SIMULATION_TOOL                 ; ModelSim-Altera (Verilog)              ; <None>            ; --             ; --             ;
; MAX_CORE_JUNCTION_TEMP              ; 85                                     ; --                ; --             ; --             ;
; MIN_CORE_JUNCTION_TEMP              ; 0                                      ; --                ; --             ; --             ;
; PARTITION_COLOR                     ; -- (Not supported for targeted family) ; --                ; singlecyclearm ; Top            ;
; PARTITION_FITTER_PRESERVATION_LEVEL ; -- (Not supported for targeted family) ; --                ; singlecyclearm ; Top            ;
; PARTITION_NETLIST_TYPE              ; -- (Not supported for targeted family) ; --                ; singlecyclearm ; Top            ;
; POWER_BOARD_THERMAL_MODEL           ; None (CONSERVATIVE)                    ; --                ; --             ; --             ;
; POWER_PRESET_COOLING_SOLUTION       ; 23 MM HEAT SINK WITH 200 LFPM AIRFLOW  ; --                ; --             ; --             ;
; TOP_LEVEL_ENTITY                    ; singlecyclearm                         ; de0nano_embedding ; --             ; --             ;
+-------------------------------------+----------------------------------------+-------------------+----------------+----------------+


+--------------------------------------------------------------------------------------------------------------------------+
; Flow Elapsed Time                                                                                                        ;
+----------------------+--------------+-------------------------+---------------------+------------------------------------+
; Module Name          ; Elapsed Time ; Average Processors Used ; Peak Virtual Memory ; Total CPU Time (on all processors) ;
+----------------------+--------------+-------------------------+---------------------+------------------------------------+
; Analysis & Synthesis ; 00:00:19     ; 1.0                     ; 4813 MB             ; 00:00:35                           ;
; Fitter               ; 00:00:04     ; 1.0                     ; 4956 MB             ; 00:00:04                           ;
; Total                ; 00:00:23     ; --                      ; --                  ; 00:00:39                           ;
+----------------------+--------------+-------------------------+---------------------+------------------------------------+


+------------------------------------------------------------------------------------+
; Flow OS Summary                                                                    ;
+----------------------+------------------+------------+------------+----------------+
; Module Name          ; Machine Hostname ; OS Name    ; OS Version ; Processor type ;
+----------------------+------------------+------------+------------+----------------+
; Analysis & Synthesis ; Caner            ; Windows 10 ; 10.0       ; x86_64         ;
; Fitter               ; Caner            ; Windows 10 ; 10.0       ; x86_64         ;
+----------------------+------------------+------------+------------+----------------+


------------
; Flow Log ;
------------
quartus_map --read_settings_files=on --write_settings_files=off de0nano_embedding -c de0nano_embedding
quartus_fit --read_settings_files=off --write_settings_files=off de0nano_embedding -c de0nano_embedding



