Analysis & Synthesis report for de0nano_embedding
Mon Apr 29 00:42:00 2019
Quartus Prime Version 18.1.0 Build 625 09/12/2018 SJ Lite Edition


---------------------
; Table of Contents ;
---------------------
  1. Legal Notice
  2. Analysis & Synthesis Summary
  3. Analysis & Synthesis Settings
  4. Parallel Compilation
  5. Analysis & Synthesis Messages
  6. Analysis & Synthesis Suppressed Messages



----------------
; Legal Notice ;
----------------
Copyright (C) 2018  Intel Corporation. All rights reserved.
Your use of Intel Corporation's design tools, logic functions 
and other software and tools, and its AMPP partner logic 
functions, and any output files from any of the foregoing 
(including device programming or simulation files), and any 
associated documentation or information are expressly subject 
to the terms and conditions of the Intel Program License 
Subscription Agreement, the Intel Quartus Prime License Agreement,
the Intel FPGA IP License Agreement, or other applicable license
agreement, including, without limitation, that your use is for
the sole purpose of programming logic devices manufactured by
Intel and sold by Intel or its authorized distributors.  Please
refer to the applicable agreement for further details.



+----------------------------------------------------------------------------------+
; Analysis & Synthesis Summary                                                     ;
+------------------------------------+---------------------------------------------+
; Analysis & Synthesis Status        ; Failed - Mon Apr 29 00:42:00 2019           ;
; Quartus Prime Version              ; 18.1.0 Build 625 09/12/2018 SJ Lite Edition ;
; Revision Name                      ; de0nano_embedding                           ;
; Top-level Entity Name              ; multicycle                                  ;
; Family                             ; Cyclone IV E                                ;
; Total logic elements               ; N/A until Partition Merge                   ;
;     Total combinational functions  ; N/A until Partition Merge                   ;
;     Dedicated logic registers      ; N/A until Partition Merge                   ;
; Total registers                    ; N/A until Partition Merge                   ;
; Total pins                         ; N/A until Partition Merge                   ;
; Total virtual pins                 ; N/A until Partition Merge                   ;
; Total memory bits                  ; N/A until Partition Merge                   ;
; Embedded Multiplier 9-bit elements ; N/A until Partition Merge                   ;
; Total PLLs                         ; N/A until Partition Merge                   ;
+------------------------------------+---------------------------------------------+


+------------------------------------------------------------------------------------------------------------+
; Analysis & Synthesis Settings                                                                              ;
+------------------------------------------------------------------+--------------------+--------------------+
; Option                                                           ; Setting            ; Default Value      ;
+------------------------------------------------------------------+--------------------+--------------------+
; Device                                                           ; EP4CE22F17C6       ;                    ;
; Top-level entity name                                            ; multicycle         ; de0nano_embedding  ;
; Family name                                                      ; Cyclone IV E       ; Cyclone V          ;
; Use smart compilation                                            ; Off                ; Off                ;
; Enable parallel Assembler and Timing Analyzer during compilation ; On                 ; On                 ;
; Enable compact report table                                      ; Off                ; Off                ;
; Restructure Multiplexers                                         ; Auto               ; Auto               ;
; Create Debugging Nodes for IP Cores                              ; Off                ; Off                ;
; Preserve fewer node names                                        ; On                 ; On                 ;
; Intel FPGA IP Evaluation Mode                                    ; Enable             ; Enable             ;
; Verilog Version                                                  ; Verilog_2001       ; Verilog_2001       ;
; VHDL Version                                                     ; VHDL_1993          ; VHDL_1993          ;
; State Machine Processing                                         ; Auto               ; Auto               ;
; Safe State Machine                                               ; Off                ; Off                ;
; Extract Verilog State Machines                                   ; On                 ; On                 ;
; Extract VHDL State Machines                                      ; On                 ; On                 ;
; Ignore Verilog initial constructs                                ; Off                ; Off                ;
; Iteration limit for constant Verilog loops                       ; 5000               ; 5000               ;
; Iteration limit for non-constant Verilog loops                   ; 250                ; 250                ;
; Add Pass-Through Logic to Inferred RAMs                          ; On                 ; On                 ;
; Infer RAMs from Raw Logic                                        ; On                 ; On                 ;
; Parallel Synthesis                                               ; On                 ; On                 ;
; DSP Block Balancing                                              ; Auto               ; Auto               ;
; NOT Gate Push-Back                                               ; On                 ; On                 ;
; Power-Up Don't Care                                              ; On                 ; On                 ;
; Remove Redundant Logic Cells                                     ; Off                ; Off                ;
; Remove Duplicate Registers                                       ; On                 ; On                 ;
; Ignore CARRY Buffers                                             ; Off                ; Off                ;
; Ignore CASCADE Buffers                                           ; Off                ; Off                ;
; Ignore GLOBAL Buffers                                            ; Off                ; Off                ;
; Ignore ROW GLOBAL Buffers                                        ; Off                ; Off                ;
; Ignore LCELL Buffers                                             ; Off                ; Off                ;
; Ignore SOFT Buffers                                              ; On                 ; On                 ;
; Limit AHDL Integers to 32 Bits                                   ; Off                ; Off                ;
; Optimization Technique                                           ; Balanced           ; Balanced           ;
; Carry Chain Length                                               ; 70                 ; 70                 ;
; Auto Carry Chains                                                ; On                 ; On                 ;
; Auto Open-Drain Pins                                             ; On                 ; On                 ;
; Perform WYSIWYG Primitive Resynthesis                            ; Off                ; Off                ;
; Auto ROM Replacement                                             ; On                 ; On                 ;
; Auto RAM Replacement                                             ; On                 ; On                 ;
; Auto DSP Block Replacement                                       ; On                 ; On                 ;
; Auto Shift Register Replacement                                  ; Auto               ; Auto               ;
; Allow Shift Register Merging across Hierarchies                  ; Auto               ; Auto               ;
; Auto Clock Enable Replacement                                    ; On                 ; On                 ;
; Strict RAM Replacement                                           ; Off                ; Off                ;
; Allow Synchronous Control Signals                                ; On                 ; On                 ;
; Force Use of Synchronous Clear Signals                           ; Off                ; Off                ;
; Auto RAM Block Balancing                                         ; On                 ; On                 ;
; Auto RAM to Logic Cell Conversion                                ; Off                ; Off                ;
; Auto Resource Sharing                                            ; Off                ; Off                ;
; Allow Any RAM Size For Recognition                               ; Off                ; Off                ;
; Allow Any ROM Size For Recognition                               ; Off                ; Off                ;
; Allow Any Shift Register Size For Recognition                    ; Off                ; Off                ;
; Use LogicLock Constraints during Resource Balancing              ; On                 ; On                 ;
; Ignore translate_off and synthesis_off directives                ; Off                ; Off                ;
; Timing-Driven Synthesis                                          ; On                 ; On                 ;
; Report Parameter Settings                                        ; On                 ; On                 ;
; Report Source Assignments                                        ; On                 ; On                 ;
; Report Connectivity Checks                                       ; On                 ; On                 ;
; Ignore Maximum Fan-Out Assignments                               ; Off                ; Off                ;
; Synchronization Register Chain Length                            ; 2                  ; 2                  ;
; Power Optimization During Synthesis                              ; Normal compilation ; Normal compilation ;
; HDL message level                                                ; Level2             ; Level2             ;
; Suppress Register Optimization Related Messages                  ; Off                ; Off                ;
; Number of Removed Registers Reported in Synthesis Report         ; 5000               ; 5000               ;
; Number of Swept Nodes Reported in Synthesis Report               ; 5000               ; 5000               ;
; Number of Inverted Registers Reported in Synthesis Report        ; 100                ; 100                ;
; Clock MUX Protection                                             ; On                 ; On                 ;
; Auto Gated Clock Conversion                                      ; Off                ; Off                ;
; Block Design Naming                                              ; Auto               ; Auto               ;
; SDC constraint protection                                        ; Off                ; Off                ;
; Synthesis Effort                                                 ; Auto               ; Auto               ;
; Shift Register Replacement - Allow Asynchronous Clear Signal     ; On                 ; On                 ;
; Pre-Mapping Resynthesis Optimization                             ; Off                ; Off                ;
; Analysis & Synthesis Message Level                               ; Medium             ; Medium             ;
; Disable Register Merging Across Hierarchies                      ; Auto               ; Auto               ;
; Resource Aware Inference For Block RAM                           ; On                 ; On                 ;
+------------------------------------------------------------------+--------------------+--------------------+


+------------------------------------------+
; Parallel Compilation                     ;
+----------------------------+-------------+
; Processors                 ; Number      ;
+----------------------------+-------------+
; Number detected on machine ; 8           ;
; Maximum allowed            ; 4           ;
;                            ;             ;
; Average used               ; 1.00        ;
; Maximum used               ; 1           ;
;                            ;             ;
; Usage by Processor         ; % Time Used ;
;     Processor 1            ; 100.0%      ;
+----------------------------+-------------+


+-------------------------------+
; Analysis & Synthesis Messages ;
+-------------------------------+
Info: *******************************************************************
Info: Running Quartus Prime Analysis & Synthesis
    Info: Version 18.1.0 Build 625 09/12/2018 SJ Lite Edition
    Info: Processing started: Mon Apr 29 00:41:49 2019
Info: Command: quartus_map --read_settings_files=on --write_settings_files=off de0nano_embedding -c de0nano_embedding
Warning (18236): Number of processors has not been specified which may cause overloading on shared machines.  Set the global assignment NUM_PARALLEL_PROCESSORS in your QSF to an appropriate value for best performance.
Info (20030): Parallel compilation is enabled and will use 4 of the 4 processors detected
Info (12021): Found 1 design units, including 1 entities, in source file test_singlecyclearm.v
    Info (12023): Found entity 1: test_singlecyclearm File: C:/Users/Caner/Desktop/archlabs/lab4/laboratory_practice/test_singlecyclearm.v Line: 1
Info (12021): Found 1 design units, including 1 entities, in source file test_mux_4to1.v
    Info (12023): Found entity 1: test_mux_4to1 File: C:/Users/Caner/Desktop/archlabs/lab4/laboratory_practice/test_mux_4to1.v Line: 1
Info (12021): Found 1 design units, including 1 entities, in source file test_mux_2to1.v
    Info (12023): Found entity 1: test_mux_2to1 File: C:/Users/Caner/Desktop/archlabs/lab4/laboratory_practice/test_mux_2to1.v Line: 1
Info (12021): Found 1 design units, including 1 entities, in source file test_decoder_2to4.v
    Info (12023): Found entity 1: test_decoder_2to4 File: C:/Users/Caner/Desktop/archlabs/lab4/laboratory_practice/test_decoder_2to4.v Line: 1
Info (12021): Found 1 design units, including 1 entities, in source file test_alu.v
    Info (12023): Found entity 1: test_alu File: C:/Users/Caner/Desktop/archlabs/lab4/laboratory_practice/test_alu.v Line: 1
Info (12021): Found 1 design units, including 1 entities, in source file singlecyclearm.bdf
    Info (12023): Found entity 1: singlecyclearm
Info (12021): Found 1 design units, including 1 entities, in source file singlearm_decoder_controller.v
    Info (12023): Found entity 1: singlearm_decoder_controller File: C:/Users/Caner/Desktop/archlabs/lab4/laboratory_practice/singlearm_decoder_controller.v Line: 1
Info (12021): Found 1 design units, including 1 entities, in source file singlearm_conditional_controller.v
    Info (12023): Found entity 1: singlearm_conditional_controller File: C:/Users/Caner/Desktop/archlabs/lab4/laboratory_practice/singlearm_conditional_controller.v Line: 1
Info (12021): Found 1 design units, including 1 entities, in source file simple_reg_we.v
    Info (12023): Found entity 1: simple_reg_we File: C:/Users/Caner/Desktop/archlabs/lab4/laboratory_practice/simple_reg_we.v Line: 1
Info (12021): Found 1 design units, including 1 entities, in source file simple_reg.v
    Info (12023): Found entity 1: simple_reg File: C:/Users/Caner/Desktop/archlabs/lab4/laboratory_practice/simple_reg.v Line: 1
Info (12021): Found 1 design units, including 1 entities, in source file shifter_arm.v
    Info (12023): Found entity 1: shifter_arm File: C:/Users/Caner/Desktop/archlabs/lab4/laboratory_practice/shifter_arm.v Line: 1
Info (12021): Found 1 design units, including 1 entities, in source file shift_reg.v
    Info (12023): Found entity 1: shift_reg File: C:/Users/Caner/Desktop/archlabs/lab4/laboratory_practice/shift_reg.v Line: 1
Info (12021): Found 1 design units, including 1 entities, in source file registerfile.v
    Info (12023): Found entity 1: registerfile File: C:/Users/Caner/Desktop/archlabs/lab4/laboratory_practice/registerfile.v Line: 1
Info (12021): Found 1 design units, including 1 entities, in source file regfile.v
    Info (12023): Found entity 1: regfile File: C:/Users/Caner/Desktop/archlabs/lab4/laboratory_practice/regfile.v Line: 1
Info (12021): Found 1 design units, including 1 entities, in source file pcreg.v
    Info (12023): Found entity 1: pcreg File: C:/Users/Caner/Desktop/archlabs/lab4/laboratory_practice/pcreg.v Line: 1
Info (12021): Found 1 design units, including 1 entities, in source file mux_4to1.v
    Info (12023): Found entity 1: mux_4to1 File: C:/Users/Caner/Desktop/archlabs/lab4/laboratory_practice/mux_4to1.v Line: 1
Info (12021): Found 1 design units, including 1 entities, in source file mux_2to1.v
    Info (12023): Found entity 1: mux2 File: C:/Users/Caner/Desktop/archlabs/lab4/laboratory_practice/mux_2to1.v Line: 1
Info (12021): Found 1 design units, including 1 entities, in source file instmem.v
    Info (12023): Found entity 1: instmem File: C:/Users/Caner/Desktop/archlabs/lab4/laboratory_practice/instmem.v Line: 1
Info (12021): Found 1 design units, including 1 entities, in source file extend.v
    Info (12023): Found entity 1: extend File: C:/Users/Caner/Desktop/archlabs/lab4/laboratory_practice/extend.v Line: 1
Info (12021): Found 1 design units, including 1 entities, in source file deneme.bdf
    Info (12023): Found entity 1: deneme
Info (12021): Found 1 design units, including 1 entities, in source file demultiplexer1_4.v
    Info (12023): Found entity 1: demultiplexer1_4 File: C:/Users/Caner/Desktop/archlabs/lab4/laboratory_practice/demultiplexer1_4.v Line: 1
Info (12021): Found 1 design units, including 1 entities, in source file demultiplexer1_2.v
    Info (12023): Found entity 1: demultiplexer1_2 File: C:/Users/Caner/Desktop/archlabs/lab4/laboratory_practice/demultiplexer1_2.v Line: 1
Info (12021): Found 1 design units, including 1 entities, in source file decoder_2to4.v
    Info (12023): Found entity 1: decoder_2to4 File: C:/Users/Caner/Desktop/archlabs/lab4/laboratory_practice/decoder_2to4.v Line: 1
Info (12021): Found 1 design units, including 1 entities, in source file datapath.bdf
    Info (12023): Found entity 1: datapath
Info (12021): Found 1 design units, including 1 entities, in source file datamem.v
    Info (12023): Found entity 1: datamem File: C:/Users/Caner/Desktop/archlabs/lab4/laboratory_practice/datamem.v Line: 1
Info (12021): Found 1 design units, including 1 entities, in source file control_unit.v
    Info (12023): Found entity 1: control_unit File: C:/Users/Caner/Desktop/archlabs/lab4/laboratory_practice/control_unit.v Line: 1
Info (12021): Found 1 design units, including 1 entities, in source file constant_value_generator.v
    Info (12023): Found entity 1: constant_value_generator File: C:/Users/Caner/Desktop/archlabs/lab4/laboratory_practice/constant_value_generator.v Line: 1
Warning (10463): Verilog HDL Declaration warning at alu.v(13): "bit" is SystemVerilog-2005 keyword File: C:/Users/Caner/Desktop/archlabs/lab4/laboratory_practice/alu.v Line: 13
Info (12021): Found 1 design units, including 1 entities, in source file alu.v
    Info (12023): Found entity 1: alu File: C:/Users/Caner/Desktop/archlabs/lab4/laboratory_practice/alu.v Line: 1
Info (12021): Found 1 design units, including 1 entities, in source file adder.v
    Info (12023): Found entity 1: adder File: C:/Users/Caner/Desktop/archlabs/lab4/laboratory_practice/adder.v Line: 1
Warning (12019): Can't analyze file -- file library.v is missing
Info (12021): Found 1 design units, including 1 entities, in source file de0nano_embedding.v
    Info (12023): Found entity 1: de0nano_embedding File: C:/Users/Caner/Desktop/archlabs/lab4/laboratory_practice/de0nano_embedding.v Line: 6
Info (12021): Found 1 design units, including 1 entities, in source file multicycle.bdf
    Info (12023): Found entity 1: multicycle
Info (12021): Found 1 design units, including 1 entities, in source file datareg.v
    Info (12023): Found entity 1: datareg File: C:/Users/Caner/Desktop/archlabs/lab4/laboratory_practice/datareg.v Line: 1
Info (12021): Found 1 design units, including 1 entities, in source file pcountreg.v
    Info (12023): Found entity 1: pcountreg File: C:/Users/Caner/Desktop/archlabs/lab4/laboratory_practice/pcountreg.v Line: 1
Info (12021): Found 1 design units, including 1 entities, in source file datamemsematest.bdf
    Info (12023): Found entity 1: datamemsematest
Info (12021): Found 1 design units, including 1 entities, in source file test_multicyclearm.v
    Info (12023): Found entity 1: test_multicyclearm File: C:/Users/Caner/Desktop/archlabs/lab4/laboratory_practice/test_multicyclearm.v Line: 1
Info (12021): Found 1 design units, including 1 entities, in source file multi_controller.v
    Info (12023): Found entity 1: multi_controller File: C:/Users/Caner/Desktop/archlabs/lab4/laboratory_practice/multi_controller.v Line: 1
Warning (10236): Verilog HDL Implicit Net warning at mux_2to1.v(6): created implicit net for "out" File: C:/Users/Caner/Desktop/archlabs/lab4/laboratory_practice/mux_2to1.v Line: 6
Error (10158): Verilog HDL Module Declaration error at mux_2to1.v(1): port "out" is not declared as port File: C:/Users/Caner/Desktop/archlabs/lab4/laboratory_practice/mux_2to1.v Line: 1
Error (10206): Verilog HDL Module Declaration error at mux_2to1.v(2): top module port "O" is not found in the port list File: C:/Users/Caner/Desktop/archlabs/lab4/laboratory_practice/mux_2to1.v Line: 2
Info (144001): Generated suppressed messages file C:/Users/Caner/Desktop/archlabs/lab4/laboratory_practice/de0nano_embedding.map.smsg
Error: Quartus Prime Analysis & Synthesis was unsuccessful. 2 errors, 4 warnings
    Error: Peak virtual memory: 4723 megabytes
    Error: Processing ended: Mon Apr 29 00:42:00 2019
    Error: Elapsed time: 00:00:11
    Error: Total CPU time (on all processors): 00:00:26


+------------------------------------------+
; Analysis & Synthesis Suppressed Messages ;
+------------------------------------------+
The suppressed messages can be found in C:/Users/Caner/Desktop/archlabs/lab4/laboratory_practice/de0nano_embedding.map.smsg.


