


ARM Macro Assembler    Page 1 


    1 00000000         ;*******************************************************
                       ********
    2 00000000         ; Program section           
    3 00000000         ;*******************************************************
                       ********
    4 00000000         ;LABEL  DIRECTIVE VALUE  COMMENT
    5 00000000                 AREA             main, READONLY, CODE
    6 00000000                 THUMB
    7 00000000                 EXPORT           DELAY100    ; Reference externa
                                                            l subroutine 
    8 00000000         
    9 00000000         
   10 00000000         DELAY100
                               PROC
   11 00000000 B580            PUSH{LR,         R7}
   12 00000002 4F03            LDR              R7, =0x00061A7F
   13 00000004 3F01    wait    SUBS             R7,#1
   14 00000006 2F00            CMP              R7, #0
   15 00000008 D1FC            BNE              wait
   16 0000000A E8BD 4080       POP{LR,          R7}
   17 0000000E 4770            BX               LR
   18 00000010                 ENDP
   19 00000010         
   20 00000010         ;*******************************************************
                       ********
   21 00000010         ; End of the program  section
   22 00000010         ;*******************************************************
                       ********
   23 00000010         ;LABEL      DIRECTIVE       VALUE                       
                           COMMENT
   24 00000010                 ALIGN
   25 00000010                 END
              00061A7F 
Command Line: --debug --xref --diag_suppress=9931 --cpu=Cortex-M4.fp --apcs=int
erwork --depend=.\objects\delay100.d -o.\objects\delay100.o -I.\RTE\_Target_1 -
IC:\Keil_v5\ARM\PACK\Keil\TM4C_DFP\1.1.0\Device\Include\TM4C123 -IC:\Keil_v5\AR
M\CMSIS\Include --predefine="__EVAL SETA 1" --predefine="__UVISION_VERSION SETA
 526" --predefine="TM4C123GH6PM SETA 1" --list=.\listings\delay100.lst Delay100
.s



ARM Macro Assembler    Page 1 Alphabetic symbol ordering
Relocatable symbols

DELAY100 00000000

Symbol: DELAY100
   Definitions
      At line 10 in file Delay100.s
   Uses
      At line 7 in file Delay100.s
Comment: DELAY100 used once
main 00000000

Symbol: main
   Definitions
      At line 5 in file Delay100.s
   Uses
      None
Comment: main unused
wait 00000004

Symbol: wait
   Definitions
      At line 13 in file Delay100.s
   Uses
      At line 15 in file Delay100.s
Comment: wait used once
3 symbols
339 symbols in table
