


ARM Macro Assembler    Page 1 


    1 00000000         ; 
    2 00000000         ;*******************************************************
                       ********
    3 00000000         ; Directives - This Data Section is part of the code
    4 00000000         ; It is in the read only section  so values cannot be ch
                       anged.
    5 00000000 40025400 
                       GPIO_PORTF_DIR_R
                               EQU              0x40025400
    6 00000000 40025404 
                       GPIO_PORTF_IS_R
                               EQU              0x40025404
    7 00000000 4002540C 
                       GPIO_PORTF_IEV_R
                               EQU              0x4002540C
    8 00000000 40025410 
                       GPIO_PORTF_IM_R
                               EQU              0x40025410
    9 00000000 40025414 
                       GPIO_PORTF_RIS_R
                               EQU              0x40025414
   10 00000000 40025418 
                       GPIO_PORTF_MIS_R
                               EQU              0x40025418
   11 00000000 4002541C 
                       GPIO_PORTF_ICR_R
                               EQU              0x4002541C
   12 00000000 40025420 
                       GPIO_PORTF_AFSEL_R
                               EQU              0x40025420
   13 00000000 40025510 
                       GPIO_PORTF_PUR_R
                               EQU              0x40025510
   14 00000000 40025514 
                       GPIO_PORTF_PDR_R
                               EQU              0x40025514
   15 00000000 40025520 
                       GPIO_PORTF_LOCK_R
                               EQU              0x40025520
   16 00000000 40025524 
                       GPIO_PORTF_CR_R
                               EQU              0x40025524
   17 00000000 4002551C 
                       GPIO_PORTF_DEN_R
                               EQU              0x4002551C
   18 00000000 40025528 
                       GPIO_PORTF_AMSEL_R
                               EQU              0x40025528
   19 00000000 4002552C 
                       GPIO_PORTF_PCTL_R
                               EQU              0x4002552C
   20 00000000         
   21 00000000 40004100 
                       DC      EQU              0x40004100
   22 00000000 4000800C 
                       SSI0_SR_R
                               EQU              0x4000800C
   23 00000000 40008008 
                       SSI0_DR_R



ARM Macro Assembler    Page 2 


                               EQU              0x40008008
   24 00000000 20000004 
                       state_memory
                               EQU              0x20000004
   25 00000000         
   26 00000000 2000000C 
                       xy_memory
                               EQU              0x2000000C  ; Y 
   27 00000000         ;n      EQU 0x20000008 
   28 00000000         ;*******************************************************
                       *******
   29 00000000         ;LABEL  DIRECTIVE VALUE  COMMENT
   30 00000000                 AREA             main, READONLY, CODE
   31 00000000                 THUMB
   32 00000000                 EXPORT           My_GPIOPortF_Handler 
                                                            ; Make available 
   33 00000000                 IMPORT           DELAY100
   34 00000000                 IMPORT           mine_load
   35 00000000                 IMPORT           put_battle
   36 00000000                 IMPORT           put_civil
   37 00000000                 IMPORT           timer
   38 00000000                 IMPORT           ship_load
   39 00000000         
   40 00000000         
   41 00000000         My_GPIOPortF_Handler
   42 00000000 B500            PUSH{LR}
   43 00000002         ;BL DELAY100
   44 00000002 484A    check_state
                               LDR              R0, =state_memory
   45 00000004 6801            LDR              R1, [R0]
   46 00000006 2901            CMP              R1, #1
   47 00000008 F000 800B       BEQ.W            state_1
   48 0000000C 2902            CMP              R1, #2
   49 0000000E F000 8040       BEQ.W            state_2
   50 00000012 2904            CMP              R1, #4
   51 00000014 F000 8049       BEQ.W            state_3
   52 00000018 2908            CMP              R1, #8
   53 0000001A F000 8060       BEQ.W            state_4
   54 0000001E F000 B87B       B.W              finish
   55 00000022         
   56 00000022         state_1
   57 00000022         
   58 00000022         which_button
   59 00000022 F245 4018 
              F2C4 0002        MOV32            R0, GPIO_PORTF_MIS_R
   60 0000002A 6801            LDR              R1, [R0]
   61 0000002C F011 0201       ANDS             R2, R1, #0x1
   62 00000030 D102            BNE              put__battle ; battleship is sel
                                                            ected
   63 00000032 F011 0210       ANDS             R2, R1, #0x10
   64 00000036 D112            BNE              put__civil  ; civillian is sele
                                                            ctecd
   65 00000038         
   66 00000038         put__battle                          ; memorye yerlestir
                                                            
   67 00000038 F240 010C 
              F2C2 0100        MOV32            R1, xy_memory
   68 00000040 F891 C000       LDRB             R12, [R1]
   69 00000044 F00C 0C0F       AND              R12, #0xF



ARM Macro Assembler    Page 3 


   70 00000048 F1BC 0F04       CMP              R12, #4
   71 0000004C F000 8064       BEQ.W            finish
   72 00000050 B500            PUSH             {LR}
   73 00000052 F7FF FFFE       BL               put_battle
   74 00000056 F85D EB04       POP              {LR}
   75 0000005A F000 B813       B.W              finish_1
   76 0000005E         
   77 0000005E         put__civil                           ; memorye yerlestir
                                                            
   78 0000005E F240 010C 
              F2C2 0100        MOV32            R1, xy_memory
   79 00000066 F891 C000       LDRB             R12, [R1]
   80 0000006A F00C 0C0F       AND              R12, #0xF
   81 0000006E F1BC 0F04       CMP              R12, #4
   82 00000072 F000 8051       BEQ.W            finish
   83 00000076 B500            PUSH             {LR}
   84 00000078 F7FF FFFE       BL               put_civil
   85 0000007C F85D EB04       POP              {LR}
   86 00000080 F000 B800       B.W              finish_1
   87 00000084         
   88 00000084         
   89 00000084 4829    finish_1
                               LDR              R0, =state_memory
   90 00000086 6801            LDR              R1, [R0]
   91 00000088 EA4F 0141       LSL              R1, #1      ;1->2
   92 0000008C 6001            STR              R1, [R0]
   93 0000008E F000 B843       B.W              finish
   94 00000092         
   95 00000092         
   96 00000092         state_2
   97 00000092 B500            PUSH             {LR}
   98 00000094 F7FF FFFE       BL               mine_load
   99 00000098 F85D EB04       POP              {LR}
  100 0000009C 4823    finish_2
                               LDR              R0, =state_memory
  101 0000009E 6801            LDR              R1, [R0]
  102 000000A0 EA4F 0141       LSL              R1, #1      ;2->4
  103 000000A4 6001            STR              R1, [R0]
  104 000000A6 F000 B837       B.W              finish
  105 000000AA         
  106 000000AA         
  107 000000AA         state_3                              ;timer ayarlanacak
  108 000000AA B500            PUSH             {LR}
  109 000000AC F7FF FFFE       BL               ship_load
  110 000000B0 F85D EB04       POP              {LR}
  111 000000B4 F04F 0105       MOV              R1, #5
  112 000000B8 B500    gogo    PUSH             {LR}
  113 000000BA F7FF FFFE       BL               DELAY100
  114 000000BE F85D EB04       POP              {LR}
  115 000000C2 3901            SUBS             R1, #1
  116 000000C4 D1F8            BNE              gogo
  117 000000C6 B500            PUSH             {LR}
  118 000000C8 F7FF FFFE       BL               mine_load
  119 000000CC F85D EB04       POP              {LR}
  120 000000D0         
  121 000000D0         
  122 000000D0 4816    finish_3
                               LDR              R0, =state_memory
  123 000000D2 6801            LDR              R1, [R0]



ARM Macro Assembler    Page 4 


  124 000000D4 EA4F 0141       LSL              R1, #1      ;4->8
  125 000000D8 6001            STR              R1, [R0]
  126 000000DA F000 B81D       B.W              finish
  127 000000DE         
  128 000000DE         
  129 000000DE         state_4                              ;Systick Initialize
                                                            r
  130 000000DE F244 1000 
              F2C4 0000        MOV32            R0, DC      ; dc_command  
  131 000000E6 F04F 0140       MOV              R1, #0x40   ; make DC 1 because
                                                             we display 1-20 in
                                                            stead of writting i
                                                            n Handler I put her
                                                            e
  132 000000EA 6001            STR              R1, [R0]
  133 000000EC F04F 0A01       MOV              R10, #1
  134 000000F0 B500            PUSH             {LR}
  135 000000F2 F7FF FFFE       BL               timer
  136 000000F6 F85D EB04       POP              {LR}
  137 000000FA         ; Systick depends on R10 When R10 is bigger than 0, it s
                       tarts
  138 000000FA         
  139 000000FA         ;herhangi birinne basilmasi yeter
  140 000000FA F245 4018 
              F2C4 0002        MOV32            R0, GPIO_PORTF_MIS_R
  141 00000102 6801            LDR              R1, [R0]
  142 00000104 F011 0211       ANDS             R2, R1, #0x11
  143 00000108 D100            BNE              put_mine    ; battleship is sel
                                                            ected
  144 0000010A D0FF            BEQ              finish_4
  145 0000010C         put_mine
  146 0000010C         
  147 0000010C         
  148 0000010C 4807    finish_4
                               LDR              R0, =state_memory
  149 0000010E F04F 0110       MOV              R1, #16     ;8->1
  150 00000112 6001            STR              R1, [R0]
  151 00000114 F000 B800       B.W              finish
  152 00000118         
  153 00000118         
  154 00000118         
  155 00000118         
  156 00000118         
  157 00000118         ; interrupt clear
  158 00000118 F245 401C 
              F2C4 0002 
                       finish  MOV32            R0, GPIO_PORTF_ICR_R
  159 00000120 F04F 0111       MOV              R1, #0x11
  160 00000124 6001            STR              R1, [R0]
  161 00000126         
  162 00000126         
  163 00000126 F85D EB04       POP{LR}
  164 0000012A 4770            BX               LR
  165 0000012C         
  166 0000012C                 ALIGN
  167 0000012C                 END
              20000004 
Command Line: --debug --xref --diag_suppress=9931 --cpu=Cortex-M4.fp --apcs=int
erwork --depend=.\objects\my_gpioportf_handler.d -o.\objects\my_gpioportf_handl



ARM Macro Assembler    Page 5 


er.o -I.\RTE\_Target_1 -IC:\Keil_v5\ARM\PACK\Keil\TM4C_DFP\1.1.0\Device\Include
\TM4C123 -IC:\Keil_v5\ARM\CMSIS\Include --predefine="__EVAL SETA 1" --predefine
="__UVISION_VERSION SETA 526" --predefine="TM4C123GH6PM SETA 1" --list=.\listin
gs\my_gpioportf_handler.lst My_GPIOPortF_Handler.s



ARM Macro Assembler    Page 1 Alphabetic symbol ordering
Relocatable symbols

My_GPIOPortF_Handler 00000000

Symbol: My_GPIOPortF_Handler
   Definitions
      At line 41 in file My_GPIOPortF_Handler.s
   Uses
      At line 32 in file My_GPIOPortF_Handler.s
Comment: My_GPIOPortF_Handler used once
check_state 00000002

Symbol: check_state
   Definitions
      At line 44 in file My_GPIOPortF_Handler.s
   Uses
      None
Comment: check_state unused
finish 00000118

Symbol: finish
   Definitions
      At line 158 in file My_GPIOPortF_Handler.s
   Uses
      At line 54 in file My_GPIOPortF_Handler.s
      At line 71 in file My_GPIOPortF_Handler.s
      At line 82 in file My_GPIOPortF_Handler.s
      At line 93 in file My_GPIOPortF_Handler.s
      At line 104 in file My_GPIOPortF_Handler.s
      At line 126 in file My_GPIOPortF_Handler.s
      At line 151 in file My_GPIOPortF_Handler.s

finish_1 00000084

Symbol: finish_1
   Definitions
      At line 89 in file My_GPIOPortF_Handler.s
   Uses
      At line 75 in file My_GPIOPortF_Handler.s
      At line 86 in file My_GPIOPortF_Handler.s

finish_2 0000009C

Symbol: finish_2
   Definitions
      At line 100 in file My_GPIOPortF_Handler.s
   Uses
      None
Comment: finish_2 unused
finish_3 000000D0

Symbol: finish_3
   Definitions
      At line 122 in file My_GPIOPortF_Handler.s
   Uses
      None
Comment: finish_3 unused
finish_4 0000010C

Symbol: finish_4
   Definitions



ARM Macro Assembler    Page 2 Alphabetic symbol ordering
Relocatable symbols

      At line 148 in file My_GPIOPortF_Handler.s
   Uses
      At line 144 in file My_GPIOPortF_Handler.s
Comment: finish_4 used once
gogo 000000B8

Symbol: gogo
   Definitions
      At line 112 in file My_GPIOPortF_Handler.s
   Uses
      At line 116 in file My_GPIOPortF_Handler.s
Comment: gogo used once
main 00000000

Symbol: main
   Definitions
      At line 30 in file My_GPIOPortF_Handler.s
   Uses
      None
Comment: main unused
put__battle 00000038

Symbol: put__battle
   Definitions
      At line 66 in file My_GPIOPortF_Handler.s
   Uses
      At line 62 in file My_GPIOPortF_Handler.s
Comment: put__battle used once
put__civil 0000005E

Symbol: put__civil
   Definitions
      At line 77 in file My_GPIOPortF_Handler.s
   Uses
      At line 64 in file My_GPIOPortF_Handler.s
Comment: put__civil used once
put_mine 0000010C

Symbol: put_mine
   Definitions
      At line 145 in file My_GPIOPortF_Handler.s
   Uses
      At line 143 in file My_GPIOPortF_Handler.s
Comment: put_mine used once
state_1 00000022

Symbol: state_1
   Definitions
      At line 56 in file My_GPIOPortF_Handler.s
   Uses
      At line 47 in file My_GPIOPortF_Handler.s
Comment: state_1 used once
state_2 00000092

Symbol: state_2
   Definitions
      At line 96 in file My_GPIOPortF_Handler.s
   Uses
      At line 49 in file My_GPIOPortF_Handler.s



ARM Macro Assembler    Page 3 Alphabetic symbol ordering
Relocatable symbols

Comment: state_2 used once
state_3 000000AA

Symbol: state_3
   Definitions
      At line 107 in file My_GPIOPortF_Handler.s
   Uses
      At line 51 in file My_GPIOPortF_Handler.s
Comment: state_3 used once
state_4 000000DE

Symbol: state_4
   Definitions
      At line 129 in file My_GPIOPortF_Handler.s
   Uses
      At line 53 in file My_GPIOPortF_Handler.s
Comment: state_4 used once
which_button 00000022

Symbol: which_button
   Definitions
      At line 58 in file My_GPIOPortF_Handler.s
   Uses
      None
Comment: which_button unused
17 symbols



ARM Macro Assembler    Page 1 Alphabetic symbol ordering
Absolute symbols

DC 40004100

Symbol: DC
   Definitions
      At line 21 in file My_GPIOPortF_Handler.s
   Uses
      At line 130 in file My_GPIOPortF_Handler.s
Comment: DC used once
GPIO_PORTF_AFSEL_R 40025420

Symbol: GPIO_PORTF_AFSEL_R
   Definitions
      At line 12 in file My_GPIOPortF_Handler.s
   Uses
      None
Comment: GPIO_PORTF_AFSEL_R unused
GPIO_PORTF_AMSEL_R 40025528

Symbol: GPIO_PORTF_AMSEL_R
   Definitions
      At line 18 in file My_GPIOPortF_Handler.s
   Uses
      None
Comment: GPIO_PORTF_AMSEL_R unused
GPIO_PORTF_CR_R 40025524

Symbol: GPIO_PORTF_CR_R
   Definitions
      At line 16 in file My_GPIOPortF_Handler.s
   Uses
      None
Comment: GPIO_PORTF_CR_R unused
GPIO_PORTF_DEN_R 4002551C

Symbol: GPIO_PORTF_DEN_R
   Definitions
      At line 17 in file My_GPIOPortF_Handler.s
   Uses
      None
Comment: GPIO_PORTF_DEN_R unused
GPIO_PORTF_DIR_R 40025400

Symbol: GPIO_PORTF_DIR_R
   Definitions
      At line 5 in file My_GPIOPortF_Handler.s
   Uses
      None
Comment: GPIO_PORTF_DIR_R unused
GPIO_PORTF_ICR_R 4002541C

Symbol: GPIO_PORTF_ICR_R
   Definitions
      At line 11 in file My_GPIOPortF_Handler.s
   Uses
      At line 158 in file My_GPIOPortF_Handler.s
Comment: GPIO_PORTF_ICR_R used once
GPIO_PORTF_IEV_R 4002540C

Symbol: GPIO_PORTF_IEV_R



ARM Macro Assembler    Page 2 Alphabetic symbol ordering
Absolute symbols

   Definitions
      At line 7 in file My_GPIOPortF_Handler.s
   Uses
      None
Comment: GPIO_PORTF_IEV_R unused
GPIO_PORTF_IM_R 40025410

Symbol: GPIO_PORTF_IM_R
   Definitions
      At line 8 in file My_GPIOPortF_Handler.s
   Uses
      None
Comment: GPIO_PORTF_IM_R unused
GPIO_PORTF_IS_R 40025404

Symbol: GPIO_PORTF_IS_R
   Definitions
      At line 6 in file My_GPIOPortF_Handler.s
   Uses
      None
Comment: GPIO_PORTF_IS_R unused
GPIO_PORTF_LOCK_R 40025520

Symbol: GPIO_PORTF_LOCK_R
   Definitions
      At line 15 in file My_GPIOPortF_Handler.s
   Uses
      None
Comment: GPIO_PORTF_LOCK_R unused
GPIO_PORTF_MIS_R 40025418

Symbol: GPIO_PORTF_MIS_R
   Definitions
      At line 10 in file My_GPIOPortF_Handler.s
   Uses
      At line 59 in file My_GPIOPortF_Handler.s
      At line 140 in file My_GPIOPortF_Handler.s

GPIO_PORTF_PCTL_R 4002552C

Symbol: GPIO_PORTF_PCTL_R
   Definitions
      At line 19 in file My_GPIOPortF_Handler.s
   Uses
      None
Comment: GPIO_PORTF_PCTL_R unused
GPIO_PORTF_PDR_R 40025514

Symbol: GPIO_PORTF_PDR_R
   Definitions
      At line 14 in file My_GPIOPortF_Handler.s
   Uses
      None
Comment: GPIO_PORTF_PDR_R unused
GPIO_PORTF_PUR_R 40025510

Symbol: GPIO_PORTF_PUR_R
   Definitions
      At line 13 in file My_GPIOPortF_Handler.s



ARM Macro Assembler    Page 3 Alphabetic symbol ordering
Absolute symbols

   Uses
      None
Comment: GPIO_PORTF_PUR_R unused
GPIO_PORTF_RIS_R 40025414

Symbol: GPIO_PORTF_RIS_R
   Definitions
      At line 9 in file My_GPIOPortF_Handler.s
   Uses
      None
Comment: GPIO_PORTF_RIS_R unused
SSI0_DR_R 40008008

Symbol: SSI0_DR_R
   Definitions
      At line 23 in file My_GPIOPortF_Handler.s
   Uses
      None
Comment: SSI0_DR_R unused
SSI0_SR_R 4000800C

Symbol: SSI0_SR_R
   Definitions
      At line 22 in file My_GPIOPortF_Handler.s
   Uses
      None
Comment: SSI0_SR_R unused
state_memory 20000004

Symbol: state_memory
   Definitions
      At line 24 in file My_GPIOPortF_Handler.s
   Uses
      At line 44 in file My_GPIOPortF_Handler.s
      At line 89 in file My_GPIOPortF_Handler.s
      At line 100 in file My_GPIOPortF_Handler.s
      At line 122 in file My_GPIOPortF_Handler.s
      At line 148 in file My_GPIOPortF_Handler.s

xy_memory 2000000C

Symbol: xy_memory
   Definitions
      At line 26 in file My_GPIOPortF_Handler.s
   Uses
      At line 67 in file My_GPIOPortF_Handler.s
      At line 78 in file My_GPIOPortF_Handler.s

20 symbols



ARM Macro Assembler    Page 1 Alphabetic symbol ordering
External symbols

DELAY100 00000000

Symbol: DELAY100
   Definitions
      At line 33 in file My_GPIOPortF_Handler.s
   Uses
      At line 113 in file My_GPIOPortF_Handler.s
Comment: DELAY100 used once
mine_load 00000000

Symbol: mine_load
   Definitions
      At line 34 in file My_GPIOPortF_Handler.s
   Uses
      At line 98 in file My_GPIOPortF_Handler.s
      At line 118 in file My_GPIOPortF_Handler.s

put_battle 00000000

Symbol: put_battle
   Definitions
      At line 35 in file My_GPIOPortF_Handler.s
   Uses
      At line 73 in file My_GPIOPortF_Handler.s
Comment: put_battle used once
put_civil 00000000

Symbol: put_civil
   Definitions
      At line 36 in file My_GPIOPortF_Handler.s
   Uses
      At line 84 in file My_GPIOPortF_Handler.s
Comment: put_civil used once
ship_load 00000000

Symbol: ship_load
   Definitions
      At line 38 in file My_GPIOPortF_Handler.s
   Uses
      At line 109 in file My_GPIOPortF_Handler.s
Comment: ship_load used once
timer 00000000

Symbol: timer
   Definitions
      At line 37 in file My_GPIOPortF_Handler.s
   Uses
      At line 135 in file My_GPIOPortF_Handler.s
Comment: timer used once
6 symbols
379 symbols in table
