


ARM Macro Assembler    Page 1 


    1 00000000         ;*******************************************************
                       ******** 
    2 00000000         ; cursor.s  
    3 00000000         ; This program gets (X,Y) coordinates from R7 and R8. 
    4 00000000         ; Displays the cursor on the screen according to (X,Y).
    5 00000000         ;*******************************************************
                       ******** 
    6 00000000         ;*******************************************************
                       ******** 
    7 00000000         ; EQU Directives
    8 00000000         ; These directives do not allocate memory
    9 00000000         ;*******************************************************
                       ********
   10 00000000         ;LABEL   DIRECTIVE VALUE  COMMENT
   11 00000000 40004100 
                       DC      EQU              0x40004100
   12 00000000 4000800C 
                       SSI0_SR_R
                               EQU              0x4000800C
   13 00000000 40008008 
                       SSI0_DR_R
                               EQU              0x40008008
   14 00000000 00000087 
                       X       EQU              0x87
   15 00000000 00000041 
                       Y       EQU              0x41
   16 00000000 20000400 
                       memory  EQU              0x20000400
   17 00000000 20000500 
                       offset_memory
                               EQU              0x20000500
   18 00000000 20000008 
                       case_memory
                               EQU              0x20000008
   19 00000000 2000000C 
                       xy_memory
                               EQU              0x2000000C  ; Y 
   20 00000000         ;*******************************************************
                       ********
   21 00000000         ; Program section           
   22 00000000         ;*******************************************************
                       ********
   23 00000000         ;LABEL   DIRECTIVE VALUE     COMMENT
   24 00000000                 AREA             main, READONLY, CODE
   25 00000000                 THUMB
   26 00000000                 IMPORT           DELAY100
   27 00000000                 EXPORT           put_civil   ; Make available
   28 00000000         
   29 00000000         put_civil
   30 00000000         
   31 00000000 E92D 5FFF       PUSH             {R0-R12,LR}
   32 00000004 F240 4000 
              F2C2 0000        MOV32            R0, memory
   33 0000000C F240 010C 
              F2C2 0100        MOV32            R1, xy_memory
   34 00000014 F891 C000       LDRB             R12, [R1]
   35 00000018 F00C 0C0F       AND              R12, #0xF
   36 0000001C F10B 0B01       ADD              R11, #1
   37 00000020 FB0C F30B       MUL              R3, R12, R11



ARM Macro Assembler    Page 2 


   38 00000024 4403            ADD              R3, R0
   39 00000026         
   40 00000026         
   41 00000026 F240 0108 
              F2C2 0100        MOV32            R1, case_memory
   42 0000002E 6808            LDR              R0, [R1]
   43 00000030 2801            CMP              R0, #1
   44 00000032 F000 8016       BEQ.W            case_one
   45 00000036 2802            CMP              R0, #2
   46 00000038 F000 8039       BEQ.W            case_two
   47 0000003C 2803            CMP              R0, #3
   48 0000003E F000 805A       BEQ.W            case_three
   49 00000042 2804            CMP              R0, #4
   50 00000044 F000 807B       BEQ.W            case_four
   51 00000048 2805            CMP              R0, #5
   52 0000004A F000 809C       BEQ.W            case_five
   53 0000004E 2806            CMP              R0, #6
   54 00000050 F000 80BD       BEQ.W            case_six
   55 00000054 2807            CMP              R0, #7
   56 00000056 F000 80CC       BEQ.W            case_seven
   57 0000005A 2808            CMP              R0, #8
   58 0000005C F000 80ED       BEQ.W            case_eight
   59 00000060         
   60 00000060 E10F            B                finish
   61 00000062         
   62 00000062 4618    case_one
                               MOV              R0, R3
   63 00000064 F04F 01F8       MOV              R1, #0xF8
   64 00000068 F840 1B01       STR              R1, [R0] , #1
   65 0000006C F04F 01F8       MOV              R1, #0xF8
   66 00000070 F840 1B01       STR              R1, [R0] , #1
   67 00000074 F04F 01F8       MOV              R1, #0xF8
   68 00000078 F840 1B01       STR              R1, [R0] , #1
   69 0000007C F04F 01F8       MOV              R1, #0xF8
   70 00000080 F840 1B01       STR              R1, [R0] , #1
   71 00000084         
   72 00000084         
   73 00000084 F100 003C       ADD              R0, #60
   74 00000088         
   75 00000088 F04F 0107       MOV              R1, #0x07
   76 0000008C F840 1B01       STR              R1, [R0] , #1
   77 00000090 F04F 0107       MOV              R1, #0x07
   78 00000094 F840 1B01       STR              R1, [R0] , #1
   79 00000098 F04F 0107       MOV              R1, #0x07
   80 0000009C F840 1B01       STR              R1, [R0] , #1
   81 000000A0 F04F 0107       MOV              R1, #0x07
   82 000000A4 F840 1B01       STR              R1, [R0] , #1
   83 000000A8 F04F 0107       MOV              R1, #0x07
   84 000000AC         
   85 000000AC         
   86 000000AC E0E9            B                finish
   87 000000AE         
   88 000000AE         
   89 000000AE 4618    case_two
                               MOV              R0, R3
   90 000000B0 F04F 01F0       MOV              R1, #0xF0
   91 000000B4 F840 1B01       STR              R1, [R0] , #1
   92 000000B8 F04F 01F0       MOV              R1, #0xF0
   93 000000BC F840 1B01       STR              R1, [R0] , #1



ARM Macro Assembler    Page 3 


   94 000000C0 F04F 01F0       MOV              R1, #0xF0
   95 000000C4 F840 1B01       STR              R1, [R0] , #1
   96 000000C8 F04F 01F0       MOV              R1, #0xF0
   97 000000CC F840 1B01       STR              R1, [R0] , #1
   98 000000D0         
   99 000000D0         
  100 000000D0         ; OFFSET
  101 000000D0 F100 003C       ADD              R0, #60
  102 000000D4         
  103 000000D4 F04F 010F       MOV              R1, #0x0F
  104 000000D8 F840 1B01       STR              R1, [R0] , #1
  105 000000DC F04F 010F       MOV              R1, #0x0F
  106 000000E0 F840 1B01       STR              R1, [R0] , #1
  107 000000E4 F04F 010F       MOV              R1, #0x0F
  108 000000E8 F840 1B01       STR              R1, [R0] , #1
  109 000000EC F04F 010F       MOV              R1, #0x0F
  110 000000F0 F840 1B01       STR              R1, [R0] , #1
  111 000000F4         
  112 000000F4         
  113 000000F4 E0C5            B                finish
  114 000000F6         
  115 000000F6 4618    case_three
                               MOV              R0, R3
  116 000000F8 F04F 01E0       MOV              R1, #0xE0
  117 000000FC F840 1B01       STR              R1, [R0] , #1
  118 00000100 F04F 01E0       MOV              R1, #0xE0
  119 00000104 F840 1B01       STR              R1, [R0] , #1
  120 00000108 F04F 01E0       MOV              R1, #0xE0
  121 0000010C F840 1B01       STR              R1, [R0] , #1
  122 00000110 F04F 01E0       MOV              R1, #0xE0
  123 00000114 F840 1B01       STR              R1, [R0] , #1
  124 00000118         
  125 00000118         ;    OFFSET
  126 00000118 F100 003C       ADD              R0, #60
  127 0000011C         
  128 0000011C         
  129 0000011C F04F 011F       MOV              R1, #0x1F
  130 00000120 F840 1B01       STR              R1, [R0] , #1
  131 00000124 F04F 011F       MOV              R1, #0x1F
  132 00000128 F840 1B01       STR              R1, [R0] , #1
  133 0000012C F04F 011F       MOV              R1, #0x1F
  134 00000130 F840 1B01       STR              R1, [R0] , #1
  135 00000134 F04F 011F       MOV              R1, #0x1F
  136 00000138 F840 1B01       STR              R1, [R0] , #1
  137 0000013C         
  138 0000013C         
  139 0000013C E0A1            B                finish
  140 0000013E         
  141 0000013E         
  142 0000013E 4618    case_four
                               MOV              R0, R3
  143 00000140 F04F 01C0       MOV              R1, #0xC0
  144 00000144 F840 1B01       STR              R1, [R0] , #1
  145 00000148 F04F 01C0       MOV              R1, #0xC0
  146 0000014C F840 1B01       STR              R1, [R0] , #1
  147 00000150 F04F 01C0       MOV              R1, #0xC0
  148 00000154 F840 1B01       STR              R1, [R0] , #1
  149 00000158 F04F 01C0       MOV              R1, #0xC0
  150 0000015C F840 1B01       STR              R1, [R0] , #1



ARM Macro Assembler    Page 4 


  151 00000160         
  152 00000160         
  153 00000160         ; OFFSET
  154 00000160 F100 003C       ADD              R0, #60
  155 00000164         
  156 00000164 F04F 013F       MOV              R1, #0x3F
  157 00000168 F840 1B01       STR              R1, [R0] , #1
  158 0000016C F04F 013F       MOV              R1, #0x3F
  159 00000170 F840 1B01       STR              R1, [R0] , #1
  160 00000174 F04F 013F       MOV              R1, #0x3F
  161 00000178 F840 1B01       STR              R1, [R0] , #1
  162 0000017C F04F 013F       MOV              R1, #0x3F
  163 00000180 F840 1B01       STR              R1, [R0] , #1
  164 00000184         
  165 00000184         
  166 00000184 E07D            B                finish
  167 00000186         
  168 00000186         
  169 00000186         case_five
  170 00000186 4618            MOV              R0, R3
  171 00000188 F04F 0180       MOV              R1, #0x80
  172 0000018C F840 1B01       STR              R1, [R0] , #1
  173 00000190 F04F 0180       MOV              R1, #0x80
  174 00000194 F840 1B01       STR              R1, [R0] , #1
  175 00000198 F04F 0180       MOV              R1, #0x80
  176 0000019C F840 1B01       STR              R1, [R0] , #1
  177 000001A0 F04F 0180       MOV              R1, #0x80
  178 000001A4 F840 1B01       STR              R1, [R0] , #1
  179 000001A8         
  180 000001A8         ; OFFSET
  181 000001A8 F100 003C       ADD              R0, #60
  182 000001AC         
  183 000001AC F04F 017F       MOV              R1, #0x7F
  184 000001B0 F840 1B01       STR              R1, [R0] , #1
  185 000001B4 F04F 017F       MOV              R1, #0x7F
  186 000001B8 F840 1B01       STR              R1, [R0] , #1
  187 000001BC F04F 017F       MOV              R1, #0x7F
  188 000001C0 F840 1B01       STR              R1, [R0] , #1
  189 000001C4 F04F 017F       MOV              R1, #0x7F
  190 000001C8 F840 1B01       STR              R1, [R0] , #1
  191 000001CC         
  192 000001CC         
  193 000001CC E059            B                finish
  194 000001CE         
  195 000001CE         
  196 000001CE 4618    case_six
                               MOV              R0, R3
  197 000001D0 F04F 01FF       MOV              R1, #0xFF
  198 000001D4 F840 1B01       STR              R1, [R0] , #1
  199 000001D8 F04F 01FF       MOV              R1, #0xFF
  200 000001DC F840 1B01       STR              R1, [R0] , #1
  201 000001E0 F04F 01FF       MOV              R1, #0xFF
  202 000001E4 F840 1B01       STR              R1, [R0] , #1
  203 000001E8 F04F 01FF       MOV              R1, #0xFF
  204 000001EC F840 1B01       STR              R1, [R0] , #1
  205 000001F0         
  206 000001F0         
  207 000001F0         
  208 000001F0 E047            B                finish



ARM Macro Assembler    Page 5 


  209 000001F2         
  210 000001F2 4618    case_seven
                               MOV              R0, R3
  211 000001F4 F04F 01FE       MOV              R1, #0xFE
  212 000001F8 F840 1B01       STR              R1, [R0] , #1
  213 000001FC F04F 01FE       MOV              R1, #0xFE
  214 00000200 F840 1B01       STR              R1, [R0] , #1
  215 00000204 F04F 01FE       MOV              R1, #0xFE
  216 00000208 F840 1B01       STR              R1, [R0] , #1
  217 0000020C F04F 01FE       MOV              R1, #0xFE
  218 00000210 F840 1B01       STR              R1, [R0] , #1
  219 00000214         
  220 00000214         ; OFFSET
  221 00000214 F100 003C       ADD              R0, #60
  222 00000218         
  223 00000218 F04F 0101       MOV              R1, #0x01
  224 0000021C F840 1B01       STR              R1, [R0] , #1
  225 00000220 F04F 0101       MOV              R1, #0x01
  226 00000224 F840 1B01       STR              R1, [R0] , #1
  227 00000228 F04F 0101       MOV              R1, #0x01
  228 0000022C F840 1B01       STR              R1, [R0] , #1
  229 00000230 F04F 0101       MOV              R1, #0x01
  230 00000234 F840 1B01       STR              R1, [R0] , #1
  231 00000238         
  232 00000238         
  233 00000238         
  234 00000238 E023            B                finish
  235 0000023A         
  236 0000023A 4618    case_eight
                               MOV              R0, R3
  237 0000023C F04F 01FC       MOV              R1, #0xFC
  238 00000240 F840 1B01       STR              R1, [R0] , #1
  239 00000244 F04F 01FC       MOV              R1, #0xFC
  240 00000248 F840 1B01       STR              R1, [R0] , #1
  241 0000024C F04F 01FC       MOV              R1, #0xFC
  242 00000250 F840 1B01       STR              R1, [R0] , #1
  243 00000254 F04F 01FC       MOV              R1, #0xFC
  244 00000258 F840 1B01       STR              R1, [R0] , #1
  245 0000025C         
  246 0000025C         
  247 0000025C         ; OFFSET
  248 0000025C F100 003C       ADD              R0, #60
  249 00000260         
  250 00000260 F04F 0103       MOV              R1, #0x03
  251 00000264 F840 1B01       STR              R1, [R0] , #1
  252 00000268 F04F 0103       MOV              R1, #0x03
  253 0000026C F840 1B01       STR              R1, [R0] , #1
  254 00000270 F04F 0103       MOV              R1, #0x03
  255 00000274 F840 1B01       STR              R1, [R0] , #1
  256 00000278 F04F 0103       MOV              R1, #0x03
  257 0000027C F840 1B01       STR              R1, [R0] , #1
  258 00000280         
  259 00000280         
  260 00000280 E7FF            B                finish
  261 00000282         
  262 00000282         
  263 00000282 E8BD 5FFF 
                       finish  POP              {R0-R12,LR}
  264 00000286 4770            BX               LR



ARM Macro Assembler    Page 6 


  265 00000288                 ALIGN
  266 00000288                 END
Command Line: --debug --xref --diag_suppress=9931 --cpu=Cortex-M4.fp --apcs=int
erwork --depend=.\objects\put_civil.d -o.\objects\put_civil.o -I.\RTE\_Target_1
 -IC:\Keil_v5\ARM\PACK\Keil\TM4C_DFP\1.1.0\Device\Include\TM4C123 -IC:\Keil_v5\
ARM\CMSIS\Include --predefine="__EVAL SETA 1" --predefine="__UVISION_VERSION SE
TA 526" --predefine="TM4C123GH6PM SETA 1" --list=.\listings\put_civil.lst put_c
ivil.s



ARM Macro Assembler    Page 1 Alphabetic symbol ordering
Relocatable symbols

case_eight 0000023A

Symbol: case_eight
   Definitions
      At line 236 in file put_civil.s
   Uses
      At line 58 in file put_civil.s
Comment: case_eight used once
case_five 00000186

Symbol: case_five
   Definitions
      At line 169 in file put_civil.s
   Uses
      At line 52 in file put_civil.s
Comment: case_five used once
case_four 0000013E

Symbol: case_four
   Definitions
      At line 142 in file put_civil.s
   Uses
      At line 50 in file put_civil.s
Comment: case_four used once
case_one 00000062

Symbol: case_one
   Definitions
      At line 62 in file put_civil.s
   Uses
      At line 44 in file put_civil.s
Comment: case_one used once
case_seven 000001F2

Symbol: case_seven
   Definitions
      At line 210 in file put_civil.s
   Uses
      At line 56 in file put_civil.s
Comment: case_seven used once
case_six 000001CE

Symbol: case_six
   Definitions
      At line 196 in file put_civil.s
   Uses
      At line 54 in file put_civil.s
Comment: case_six used once
case_three 000000F6

Symbol: case_three
   Definitions
      At line 115 in file put_civil.s
   Uses
      At line 48 in file put_civil.s
Comment: case_three used once
case_two 000000AE

Symbol: case_two



ARM Macro Assembler    Page 2 Alphabetic symbol ordering
Relocatable symbols

   Definitions
      At line 89 in file put_civil.s
   Uses
      At line 46 in file put_civil.s
Comment: case_two used once
finish 00000282

Symbol: finish
   Definitions
      At line 263 in file put_civil.s
   Uses
      At line 60 in file put_civil.s
      At line 86 in file put_civil.s
      At line 113 in file put_civil.s
      At line 139 in file put_civil.s
      At line 166 in file put_civil.s
      At line 193 in file put_civil.s
      At line 208 in file put_civil.s
      At line 234 in file put_civil.s
      At line 260 in file put_civil.s

main 00000000

Symbol: main
   Definitions
      At line 24 in file put_civil.s
   Uses
      None
Comment: main unused
put_civil 00000000

Symbol: put_civil
   Definitions
      At line 29 in file put_civil.s
   Uses
      At line 27 in file put_civil.s
Comment: put_civil used once
11 symbols



ARM Macro Assembler    Page 1 Alphabetic symbol ordering
Absolute symbols

DC 40004100

Symbol: DC
   Definitions
      At line 11 in file put_civil.s
   Uses
      None
Comment: DC unused
SSI0_DR_R 40008008

Symbol: SSI0_DR_R
   Definitions
      At line 13 in file put_civil.s
   Uses
      None
Comment: SSI0_DR_R unused
SSI0_SR_R 4000800C

Symbol: SSI0_SR_R
   Definitions
      At line 12 in file put_civil.s
   Uses
      None
Comment: SSI0_SR_R unused
X 00000087

Symbol: X
   Definitions
      At line 14 in file put_civil.s
   Uses
      None
Comment: X unused
Y 00000041

Symbol: Y
   Definitions
      At line 15 in file put_civil.s
   Uses
      None
Comment: Y unused
case_memory 20000008

Symbol: case_memory
   Definitions
      At line 18 in file put_civil.s
   Uses
      At line 41 in file put_civil.s
Comment: case_memory used once
memory 20000400

Symbol: memory
   Definitions
      At line 16 in file put_civil.s
   Uses
      At line 32 in file put_civil.s
Comment: memory used once
offset_memory 20000500

Symbol: offset_memory



ARM Macro Assembler    Page 2 Alphabetic symbol ordering
Absolute symbols

   Definitions
      At line 17 in file put_civil.s
   Uses
      None
Comment: offset_memory unused
xy_memory 2000000C

Symbol: xy_memory
   Definitions
      At line 19 in file put_civil.s
   Uses
      At line 33 in file put_civil.s
Comment: xy_memory used once
9 symbols



ARM Macro Assembler    Page 1 Alphabetic symbol ordering
External symbols

DELAY100 00000000

Symbol: DELAY100
   Definitions
      At line 26 in file put_civil.s
   Uses
      None
Comment: DELAY100 unused
1 symbol
355 symbols in table
