


ARM Macro Assembler    Page 1 


    1 00000000 E000E010 
                       SYSCTRL EQU              0xE000E010
    2 00000000         
    3 00000000         ;*******************************************************
                       ********
    4 00000000         ; Program section           
    5 00000000         ;*******************************************************
                       ********
    6 00000000         ;LABEL  DIRECTIVE VALUE  COMMENT
    7 00000000                 AREA             main, READONLY, CODE
    8 00000000                 THUMB
    9 00000000                 EXPORT           timer       ; Reference externa
                                                            l subroutine 
   10 00000000         
   11 00000000         
   12 00000000         timer   PROC
   13 00000000 4F07            LDR              R7, =SYSCTRL ; SYSTICK control 
                                                            and status register
                                                            
   14 00000002 F04F 0800       MOV              R8, #0
   15 00000006 F8C7 8000       STR              R8, [R7]    ; stop counter to p
                                                            revent interrupt tr
                                                            iggered accidentall
                                                            y
   16 0000000A F8DF 8018       LDR              R8, =19999999 ; trigger every X
                                                            XX cycles - set thi
                                                            s value
   17 0000000E F8C7 8004       STR              R8, [R7,#4] ; write reload valu
                                                            e to reload value r
                                                            egister
   18 00000012 F8C7 8008       STR              R8, [R7,#8] ; write any value t
                                                            o current value
   19 00000016 F04F 0803       MOV              R8, #0x3    ; enable interrupt,
                                                             enable SYSTICK cou
                                                            nter
   20 0000001A F8C7 8000       STR              R8, [R7]    ; start counter
   21 0000001E 4770            BX               LR
   22 00000020                 ENDP
   23 00000020         
   24 00000020         ;*******************************************************
                       ********
   25 00000020         ; End of the program  section
   26 00000020         ;*******************************************************
                       ********
   27 00000020         ;LABEL      DIRECTIVE       VALUE                       
                           COMMENT
   28 00000020                 ALIGN
   29 00000020                 END
              E000E010 
              01312CFF 
Command Line: --debug --xref --diag_suppress=9931 --cpu=Cortex-M4.fp --apcs=int
erwork --depend=.\objects\timer.d -o.\objects\timer.o -I.\RTE\_Target_1 -IC:\Ke
il_v5\ARM\PACK\Keil\TM4C_DFP\1.1.0\Device\Include\TM4C123 -IC:\Keil_v5\ARM\CMSI
S\Include --predefine="__EVAL SETA 1" --predefine="__UVISION_VERSION SETA 526" 
--predefine="TM4C123GH6PM SETA 1" --list=.\listings\timer.lst timer.s



ARM Macro Assembler    Page 1 Alphabetic symbol ordering
Relocatable symbols

main 00000000

Symbol: main
   Definitions
      At line 7 in file timer.s
   Uses
      None
Comment: main unused
timer 00000000

Symbol: timer
   Definitions
      At line 12 in file timer.s
   Uses
      At line 9 in file timer.s
Comment: timer used once
2 symbols



ARM Macro Assembler    Page 1 Alphabetic symbol ordering
Absolute symbols

SYSCTRL E000E010

Symbol: SYSCTRL
   Definitions
      At line 1 in file timer.s
   Uses
      At line 13 in file timer.s
Comment: SYSCTRL used once
1 symbol
339 symbols in table
