


ARM Macro Assembler    Page 1 


    1 00000000 40004100 
                       DC      EQU              0x40004100
    2 00000000 4000800C 
                       SSI0_SR_R
                               EQU              0x4000800C
    3 00000000 40008008 
                       SSI0_DR_R
                               EQU              0x40008008
    4 00000000         ;LABEL  DIRECTIVE VALUE  COMMENT
    5 00000000                 AREA             main, READONLY, CODE
    6 00000000                 THUMB
    7 00000000                 EXPORT           clear_screen ; Make available 
    8 00000000         
    9 00000000         clear_screen
   10 00000000 E92D 5FFF       PUSH             {R0-R12, LR}
   11 00000004         
   12 00000004 F248 000C 
              F2C4 0000 
                       init_XY MOV32            R0, SSI0_SR_R
   13 0000000C 6801            LDR              R1, [R0]
   14 0000000E F011 0110       ANDS             R1, R1, #0x10
   15 00000012 D1F7            BNE              init_XY
   16 00000014 F244 1000 
              F2C4 0000 
                       repeat  MOV32            R0, DC      ;dc_command  
   17 0000001C F04F 0100       MOV              R1, #0
   18 00000020 6001            STR              R1, [R0]
   19 00000022         ;    LDR R1, [R0]
   20 00000022         ;    CMP R1, #0
   21 00000022 D1F7            BNE              repeat
   22 00000024         ; sent
   23 00000024 F248 0008 
              F2C4 0000        MOV32            R0, SSI0_DR_R
   24 0000002C F04F 0186       MOV              R1, #0x86   ; CURSOR RESET X=6
   25 00000030 6001            STR              R1, [R0]
   26 00000032 F04F 0141       MOV              R1, #0x41   ;  CURSOR RESET Y=1
                                                            
   27 00000036 6001            STR              R1, [R0]
   28 00000038 F244 1000 
              F2C4 0000        MOV32            R0, DC
   29 00000040 F04F 0140       MOV              R1, #0x40
   30 00000044 6001            STR              R1, [R0]
   31 00000046         
   32 00000046 F04F 053F       MOV              R5, #63     ; for loop = 64  
   33 0000004A F04F 0604       MOV              R6, #4      ; change Y
   34 0000004E F04F 07FF       MOV              R7, #0xFF
   35 00000052 F248 000C 
              F2C4 0000 
                       clear   MOV32            R0, SSI0_SR_R
   36 0000005A 6801            LDR              R1, [R0]
   37 0000005C F011 0110       ANDS             R1, R1, #0x10
   38 00000060 D1F7            BNE              clear
   39 00000062 F248 0008 
              F2C4 0000        MOV32            R0, SSI0_DR_R
   40 0000006A 6007            STR              R7,[R0]
   41 0000006C 3D01            SUBS             R5, #1
   42 0000006E D1F0            BNE              clear
   43 00000070         
   44 00000070 F04F 053F       MOV              R5, #63     ; for loop = 64



ARM Macro Assembler    Page 2 


   45 00000074 3E01            SUBS             R6, #1
   46 00000076 D067            BEQ              finish_2
   47 00000078 2E02            CMP              R6, #2
   48 0000007A D801            BHI              Y2
   49 0000007C D022            BEQ              Y3
   50 0000007E D342            BLO              Y4
   51 00000080         
   52 00000080 F248 000C 
              F2C4 0000 
                       Y2      MOV32            R0, SSI0_SR_R
   53 00000088 6801            LDR              R1, [R0]
   54 0000008A F011 0110       ANDS             R1, R1, #0x10
   55 0000008E D1F7            BNE              Y2
   56 00000090 F244 1000 
              F2C4 0000 
                       repeat2 MOV32            R0, DC      ;dc_command  
   57 00000098 F04F 0100       MOV              R1, #0
   58 0000009C 6001            STR              R1, [R0]
   59 0000009E D1F7            BNE              repeat2
   60 000000A0         ; sent
   61 000000A0 F248 0008 
              F2C4 0000        MOV32            R0, SSI0_DR_R
   62 000000A8 F04F 0186       MOV              R1, #0x86   ; CURSOR RESET X=6
   63 000000AC 6001            STR              R1, [R0]
   64 000000AE F244 1000 
              F2C4 0000        MOV32            R0, DC      ;dc_command  
   65 000000B6 F04F 0100       MOV              R1, #0
   66 000000BA 6001            STR              R1, [R0]
   67 000000BC F04F 0142       MOV              R1, #0x42   ;  CURSOR RESET Y=2
                                                            
   68 000000C0 6001            STR              R1, [R0]
   69 000000C2 E7C6            B                clear
   70 000000C4         
   71 000000C4 F248 000C 
              F2C4 0000 
                       Y3      MOV32            R0, SSI0_SR_R
   72 000000CC 6801            LDR              R1, [R0]
   73 000000CE F011 0110       ANDS             R1, R1, #0x10
   74 000000D2 D1F7            BNE              Y3
   75 000000D4 F244 1000 
              F2C4 0000        MOV32            R0, DC      ;dc_command  
   76 000000DC F04F 0100       MOV              R1, #0
   77 000000E0 6001            STR              R1, [R0]
   78 000000E2         ; sent
   79 000000E2 F248 0008 
              F2C4 0000        MOV32            R0, SSI0_DR_R
   80 000000EA F04F 0186       MOV              R1, #0x86   ; CURSOR RESET X=6
   81 000000EE 6001            STR              R1, [R0]
   82 000000F0 F244 1000 
              F2C4 0000        MOV32            R0, DC      ;dc_command  
   83 000000F8 F04F 0100       MOV              R1, #0
   84 000000FC 6001            STR              R1, [R0]
   85 000000FE F04F 0143       MOV              R1, #0x43   ;  CURSOR RESET Y=3
                                                            
   86 00000102 6001            STR              R1, [R0]
   87 00000104 E7A5            B                clear
   88 00000106         
   89 00000106 F248 000C 
              F2C4 0000 



ARM Macro Assembler    Page 3 


                       Y4      MOV32            R0, SSI0_SR_R
   90 0000010E 6801            LDR              R1, [R0]
   91 00000110 F011 0110       ANDS             R1, R1, #0x10
   92 00000114 D1F7            BNE              Y4
   93 00000116 F244 1000 
              F2C4 0000        MOV32            R0, DC      ;dc_command  
   94 0000011E F04F 0100       MOV              R1, #0
   95 00000122 6001            STR              R1, [R0]
   96 00000124         ; sent
   97 00000124 F248 0008 
              F2C4 0000        MOV32            R0, SSI0_DR_R
   98 0000012C F04F 0186       MOV              R1, #0x86   ; CURSOR RESET X=6
   99 00000130 6001            STR              R1, [R0]
  100 00000132 F244 1000 
              F2C4 0000        MOV32            R0, DC      ;dc_command  
  101 0000013A F04F 0100       MOV              R1, #0
  102 0000013E 6001            STR              R1, [R0]
  103 00000140 F04F 0144       MOV              R1, #0x44   ;  CURSOR RESET Y=4
                                                            
  104 00000144 6001            STR              R1, [R0]
  105 00000146 E784            B                clear
  106 00000148         
  107 00000148 E8BD 5FFF 
                       finish_2
                               POP              {R0-R12, LR}
  108 0000014C 4770            BX               LR
  109 0000014E                 END
Command Line: --debug --xref --diag_suppress=9931 --cpu=Cortex-M4.fp --apcs=int
erwork --depend=.\objects\clear_screen.d -o.\objects\clear_screen.o -I.\RTE\_Ta
rget_1 -IC:\Keil_v5\ARM\PACK\Keil\TM4C_DFP\1.1.0\Device\Include\TM4C123 -IC:\Ke
il_v5\ARM\CMSIS\Include --predefine="__EVAL SETA 1" --predefine="__UVISION_VERS
ION SETA 526" --predefine="TM4C123GH6PM SETA 1" --list=.\listings\clear_screen.
lst clear_screen.s



ARM Macro Assembler    Page 1 Alphabetic symbol ordering
Relocatable symbols

Y2 00000080

Symbol: Y2
   Definitions
      At line 52 in file clear_screen.s
   Uses
      At line 48 in file clear_screen.s
      At line 55 in file clear_screen.s

Y3 000000C4

Symbol: Y3
   Definitions
      At line 71 in file clear_screen.s
   Uses
      At line 49 in file clear_screen.s
      At line 74 in file clear_screen.s

Y4 00000106

Symbol: Y4
   Definitions
      At line 89 in file clear_screen.s
   Uses
      At line 50 in file clear_screen.s
      At line 92 in file clear_screen.s

clear 00000052

Symbol: clear
   Definitions
      At line 35 in file clear_screen.s
   Uses
      At line 38 in file clear_screen.s
      At line 42 in file clear_screen.s
      At line 69 in file clear_screen.s
      At line 87 in file clear_screen.s
      At line 105 in file clear_screen.s

clear_screen 00000000

Symbol: clear_screen
   Definitions
      At line 9 in file clear_screen.s
   Uses
      At line 7 in file clear_screen.s
Comment: clear_screen used once
finish_2 00000148

Symbol: finish_2
   Definitions
      At line 107 in file clear_screen.s
   Uses
      At line 46 in file clear_screen.s
Comment: finish_2 used once
init_XY 00000004

Symbol: init_XY
   Definitions



ARM Macro Assembler    Page 2 Alphabetic symbol ordering
Relocatable symbols

      At line 12 in file clear_screen.s
   Uses
      At line 15 in file clear_screen.s
Comment: init_XY used once
main 00000000

Symbol: main
   Definitions
      At line 5 in file clear_screen.s
   Uses
      None
Comment: main unused
repeat 00000014

Symbol: repeat
   Definitions
      At line 16 in file clear_screen.s
   Uses
      At line 21 in file clear_screen.s
Comment: repeat used once
repeat2 00000090

Symbol: repeat2
   Definitions
      At line 56 in file clear_screen.s
   Uses
      At line 59 in file clear_screen.s
Comment: repeat2 used once
10 symbols



ARM Macro Assembler    Page 1 Alphabetic symbol ordering
Absolute symbols

DC 40004100

Symbol: DC
   Definitions
      At line 1 in file clear_screen.s
   Uses
      At line 16 in file clear_screen.s
      At line 28 in file clear_screen.s
      At line 56 in file clear_screen.s
      At line 64 in file clear_screen.s
      At line 75 in file clear_screen.s
      At line 82 in file clear_screen.s
      At line 93 in file clear_screen.s
      At line 100 in file clear_screen.s

SSI0_DR_R 40008008

Symbol: SSI0_DR_R
   Definitions
      At line 3 in file clear_screen.s
   Uses
      At line 23 in file clear_screen.s
      At line 39 in file clear_screen.s
      At line 61 in file clear_screen.s
      At line 79 in file clear_screen.s
      At line 97 in file clear_screen.s

SSI0_SR_R 4000800C

Symbol: SSI0_SR_R
   Definitions
      At line 2 in file clear_screen.s
   Uses
      At line 12 in file clear_screen.s
      At line 35 in file clear_screen.s
      At line 52 in file clear_screen.s
      At line 71 in file clear_screen.s
      At line 89 in file clear_screen.s

3 symbols
347 symbols in table
