


ARM Macro Assembler    Page 1 


    1 00000000         ; 
    2 00000000         ;*********************
    3 00000000         ; Directives - This Data Section is part of the code
    4 00000000         ; It is in the read only section  so values cannot be ch
                       anged.
    5 00000000 40004100 
                       DC      EQU              0x40004100
    6 00000000 4000800C 
                       SSI0_SR_R
                               EQU              0x4000800C
    7 00000000 40008008 
                       SSI0_DR_R
                               EQU              0x40008008
    8 00000000 E000E010 
                       SYSCTRL EQU              0xE000E010
    9 00000000         
   10 00000000         ;LABEL  DIRECTIVE VALUE  COMMENT
   11 00000000                 AREA             main, READONLY, CODE
   12 00000000                 THUMB
   13 00000000                 EXPORT           MySysTick   ; Make available 
   14 00000000                 IMPORT           DELAY100
   15 00000000         
   16 00000000         
   17 00000000         MySysTick
                               PROC
   18 00000000         
   19 00000000 B500            PUSH{LR}
   20 00000002         ; This becomes SysTick Handler
   21 00000002         ; It uses R0,R1 and R10
   22 00000002 F248 000C 
              F2C4 0000 
                       check   MOV32            R0,SSI0_SR_R
   23 0000000A 6801            LDR              R1, [R0]
   24 0000000C F001 0110       AND              R1, #0x10
   25 00000010 2910            CMP              R1, #0x10
   26 00000012 D0F6            BEQ              check
   27 00000014 F244 1000 
              F2C4 0000        MOV32            R0, DC      ;dc_command  
   28 0000001C F04F 0100       MOV              R1, #0      ; 0 because we coor
                                                            dinate
   29 00000020 6001            STR              R1, [R0]
   30 00000022         ; set the direction of the clock X=0x45, Y = 000 (bank0)
                       
   31 00000022 F248 0008 
              F2C4 0000        MOV32            R0,SSI0_DR_R
   32 0000002A F04F 0140       MOV              R1, #0x40   ;  CURSOR RESET Y=0
                                                            
   33 0000002E 6001            STR              R1, [R0]
   34 00000030 F04F 01C7       MOV              R1, #0xC7   ; X = 0b_1100_0101
   35 00000034 6001            STR              R1, [R0]
   36 00000036         
   37 00000036 F248 000C 
              F2C4 0000 
                       check2  MOV32            R0,SSI0_SR_R
   38 0000003E 6801            LDR              R1, [R0]
   39 00000040 F001 0110       AND              R1, #0x10
   40 00000044 2910            CMP              R1, #0x10
   41 00000046 D0F6            BEQ              check2
   42 00000048 F244 1000 



ARM Macro Assembler    Page 2 


              F2C4 0000        MOV32            R0, DC      ; dc_command  
   43 00000050 F04F 0140       MOV              R1, #0x40   ; make DC 1 because
                                                             we display 1-20 in
                                                            stead of writting i
                                                            n Handler I put her
                                                            e
   44 00000054 6001            STR              R1, [R0]
   45 00000056         ;   MOV R10, #1   
   46 00000056         
   47 00000056         
   48 00000056         
   49 00000056         
   50 00000056 F04F 0101       MOV              R1, #1
   51 0000005A 458A            CMP              R10, R1
   52 0000005C D008            BEQ              one
   53 0000005E F04F 0102       MOV              R1, #2
   54 00000062 458A            CMP              R10, R1
   55 00000064 D029            BEQ              two
   56 00000066 F04F 0103       MOV              R1, #3
   57 0000006A 458A            CMP              R10, R1
   58 0000006C D053            BEQ              three
   59 0000006E D849            BHI              jump1
   60 00000070         
   61 00000070         
   62 00000070         
   63 00000070         
   64 00000070         
   65 00000070 F248 000C 
              F2C4 0000 
                       one     MOV32            R0,SSI0_SR_R
   66 00000078 6801            LDR              R1, [R0]
   67 0000007A F001 0110       AND              R1, #0x10
   68 0000007E 2910            CMP              R1, #0x10
   69 00000080 D0F6            BEQ              one
   70 00000082         
   71 00000082         ; sent
   72 00000082 F248 0008 
              F2C4 0000        MOV32            R0, SSI0_DR_R
   73 0000008A F04F 0100       MOV              R1, #0x0
   74 0000008E 6001            STR              R1, [R0]
   75 00000090 F04F 0104       MOV              R1, #0x04
   76 00000094 6001            STR              R1, [R0]
   77 00000096 F04F 0102       MOV              R1, #0x02
   78 0000009A 6001            STR              R1, [R0]
   79 0000009C F04F 01FF       MOV              R1, #0xFF
   80 000000A0 6001            STR              R1, [R0]
   81 000000A2 F04F 0100       MOV              R1, #0x0
   82 000000A6 6001            STR              R1, [R0]
   83 000000A8 F04F 0100       MOV              R1, #0x0
   84 000000AC 6001            STR              R1, [R0]
   85 000000AE F04F 0100       MOV              R1, #0x0
   86 000000B2 6001            STR              R1, [R0]
   87 000000B4 F10A 0A01       ADD              R10, #1     ; R10 = 2
   88 000000B8 E281            B                endnumbers
   89 000000BA         
   90 000000BA         
   91 000000BA F248 000C 
              F2C4 0000 
                       two     MOV32            R0,SSI0_SR_R



ARM Macro Assembler    Page 3 


   92 000000C2 6801            LDR              R1, [R0]
   93 000000C4 F001 0110       AND              R1, #0x10
   94 000000C8 2910            CMP              R1, #0x10
   95 000000CA D0F6            BEQ              two
   96 000000CC         
   97 000000CC F248 0008 
              F2C4 0000        MOV32            R0, SSI0_DR_R
   98 000000D4 F04F 0100       MOV              R1, #0x0
   99 000000D8 6001            STR              R1, [R0]
  100 000000DA F04F 0184       MOV              R1, #0x84
  101 000000DE 6001            STR              R1, [R0]
  102 000000E0 F04F 01C2       MOV              R1, #0xC2
  103 000000E4 6001            STR              R1, [R0]
  104 000000E6 F04F 01A1       MOV              R1, #0xA1
  105 000000EA 6001            STR              R1, [R0]
  106 000000EC F04F 0191       MOV              R1, #0x91
  107 000000F0 6001            STR              R1, [R0]
  108 000000F2 F04F 018E       MOV              R1, #0x8E
  109 000000F6 6001            STR              R1, [R0]
  110 000000F8 F04F 0100       MOV              R1, #0x0
  111 000000FC 6001            STR              R1, [R0]
  112 000000FE F10A 0A01       ADD              R10, #1     ; 3
  113 00000102 E25C            B                endnumbers
  114 00000104 F04F 0104 
                       jump1   MOV              R1, #4
  115 00000108 458A            CMP              R10, R1
  116 0000010A D029            BEQ              four
  117 0000010C F04F 0105       MOV              R1, #5
  118 00000110 458A            CMP              R10, R1
  119 00000112 D04A            BEQ              five
  120 00000114 D86E            BHI              jump2
  121 00000116 F248 000C 
              F2C4 0000 
                       three   MOV32            R0,SSI0_SR_R
  122 0000011E 6801            LDR              R1, [R0]
  123 00000120 F001 0110       AND              R1, #0x10
  124 00000124 2910            CMP              R1, #0x10
  125 00000126 D0F6            BEQ              three
  126 00000128         ; sent
  127 00000128 F248 0008 
              F2C4 0000        MOV32            R0, SSI0_DR_R
  128 00000130 F04F 0100       MOV              R1, #0x0
  129 00000134 6001            STR              R1, [R0]
  130 00000136 F04F 0142       MOV              R1, #0x42
  131 0000013A 6001            STR              R1, [R0]
  132 0000013C F04F 0191       MOV              R1, #0x91
  133 00000140 6001            STR              R1, [R0]
  134 00000142 F04F 0191       MOV              R1, #0x91
  135 00000146 6001            STR              R1, [R0]
  136 00000148 F04F 0191       MOV              R1, #0x91
  137 0000014C 6001            STR              R1, [R0]
  138 0000014E F04F 016E       MOV              R1, #0x6E
  139 00000152 6001            STR              R1, [R0]
  140 00000154 F04F 0100       MOV              R1, #0x0
  141 00000158 6001            STR              R1, [R0]
  142 0000015A F10A 0A01       ADD              R10, #1     ; R10 = 4
  143 0000015E E22E            B                endnumbers
  144 00000160         
  145 00000160 F248 000C 



ARM Macro Assembler    Page 4 


              F2C4 0000 
                       four    MOV32            R0,SSI0_SR_R
  146 00000168 6801            LDR              R1, [R0]
  147 0000016A F001 0110       AND              R1, #0x10
  148 0000016E 2910            CMP              R1, #0x10
  149 00000170 D0F6            BEQ              four
  150 00000172         ; sent
  151 00000172 F248 0008 
              F2C4 0000        MOV32            R0, SSI0_DR_R
  152 0000017A F04F 0100       MOV              R1, #0x0
  153 0000017E 6001            STR              R1, [R0]
  154 00000180 F04F 0170       MOV              R1, #0x70
  155 00000184 6001            STR              R1, [R0]
  156 00000186 F04F 0148       MOV              R1, #0x48
  157 0000018A 6001            STR              R1, [R0]
  158 0000018C F04F 0144       MOV              R1, #0x44
  159 00000190 6001            STR              R1, [R0]
  160 00000192 F04F 0142       MOV              R1, #0x42
  161 00000196 6001            STR              R1, [R0]
  162 00000198 F04F 01E1       MOV              R1, #0xE1
  163 0000019C 6001            STR              R1, [R0]
  164 0000019E F04F 0100       MOV              R1, #0x0
  165 000001A2 6001            STR              R1, [R0]
  166 000001A4 F10A 0A01       ADD              R10, #1     ;R10 = 5
  167 000001A8 E209            B                endnumbers
  168 000001AA         
  169 000001AA         
  170 000001AA         
  171 000001AA         
  172 000001AA F248 000C 
              F2C4 0000 
                       five    MOV32            R0,SSI0_SR_R
  173 000001B2 6801            LDR              R1, [R0]
  174 000001B4 F001 0110       AND              R1, #0x10
  175 000001B8 2910            CMP              R1, #0x10
  176 000001BA D0F6            BEQ              five
  177 000001BC         ; sent
  178 000001BC F248 0008 
              F2C4 0000        MOV32            R0, SSI0_DR_R
  179 000001C4 F04F 0100       MOV              R1, #0x0
  180 000001C8 6001            STR              R1, [R0]
  181 000001CA F04F 014F       MOV              R1, #0x4F
  182 000001CE 6001            STR              R1, [R0]
  183 000001D0 F04F 0189       MOV              R1, #0x89
  184 000001D4 6001            STR              R1, [R0]
  185 000001D6 F04F 0189       MOV              R1, #0x89
  186 000001DA 6001            STR              R1, [R0]
  187 000001DC F04F 0189       MOV              R1, #0x89
  188 000001E0 6001            STR              R1, [R0]
  189 000001E2 F04F 0171       MOV              R1, #0x71
  190 000001E6 6001            STR              R1, [R0]
  191 000001E8 F04F 0100       MOV              R1, #0x0
  192 000001EC 6001            STR              R1, [R0]
  193 000001EE F10A 0A01       ADD              R10, #1     ; R10 = 6
  194 000001F2 E1E4            B                endnumbers
  195 000001F4         
  196 000001F4 F04F 0106 
                       jump2   MOV              R1, #6
  197 000001F8 458A            CMP              R10, R1



ARM Macro Assembler    Page 5 


  198 000001FA D004            BEQ              six
  199 000001FC F04F 0107       MOV              R1, #7
  200 00000200 458A            CMP              R10, R1
  201 00000202 D025            BEQ              seven
  202 00000204 D849            BHI              jump3
  203 00000206         
  204 00000206         
  205 00000206 F248 000C 
              F2C4 0000 
                       six     MOV32            R0,SSI0_SR_R
  206 0000020E 6801            LDR              R1, [R0]
  207 00000210 F001 0110       AND              R1, #0x10
  208 00000214 2910            CMP              R1, #0x10
  209 00000216 D0F6            BEQ              six
  210 00000218         ; sent
  211 00000218 F248 0008 
              F2C4 0000        MOV32            R0, SSI0_DR_R
  212 00000220 F04F 0100       MOV              R1, #0x0
  213 00000224 6001            STR              R1, [R0]
  214 00000226 F04F 017E       MOV              R1, #0x7E
  215 0000022A 6001            STR              R1, [R0]
  216 0000022C F04F 0191       MOV              R1, #0x91
  217 00000230 6001            STR              R1, [R0]
  218 00000232 F04F 0191       MOV              R1, #0x91
  219 00000236 6001            STR              R1, [R0]
  220 00000238 F04F 0191       MOV              R1, #0x91
  221 0000023C 6001            STR              R1, [R0]
  222 0000023E F04F 0162       MOV              R1, #0x62
  223 00000242 6001            STR              R1, [R0]
  224 00000244 F04F 0100       MOV              R1, #0x0
  225 00000248 6001            STR              R1, [R0]
  226 0000024A F10A 0A01       ADD              R10, #1     ; R10 = 7
  227 0000024E E1B6            B                endnumbers
  228 00000250         
  229 00000250         
  230 00000250 F248 000C 
              F2C4 0000 
                       seven   MOV32            R0,SSI0_SR_R
  231 00000258 6801            LDR              R1, [R0]
  232 0000025A F001 0110       AND              R1, #0x10
  233 0000025E 2910            CMP              R1, #0x10
  234 00000260 D0F6            BEQ              seven
  235 00000262         ; sent
  236 00000262 F248 0008 
              F2C4 0000        MOV32            R0, SSI0_DR_R
  237 0000026A F04F 0100       MOV              R1, #0x0
  238 0000026E 6001            STR              R1, [R0]
  239 00000270 F04F 01C1       MOV              R1, #0xC1
  240 00000274 6001            STR              R1, [R0]
  241 00000276 F04F 0121       MOV              R1, #0x21
  242 0000027A 6001            STR              R1, [R0]
  243 0000027C F04F 0111       MOV              R1, #0x11
  244 00000280 6001            STR              R1, [R0]
  245 00000282 F04F 0109       MOV              R1, #0x9
  246 00000286 6001            STR              R1, [R0]
  247 00000288 F04F 0107       MOV              R1, #0x7
  248 0000028C 6001            STR              R1, [R0]
  249 0000028E F04F 0100       MOV              R1, #0x0
  250 00000292 6001            STR              R1, [R0]



ARM Macro Assembler    Page 6 


  251 00000294 F10A 0A01       ADD              R10, #1     ; R10 = 8
  252 00000298 E191            B                endnumbers
  253 0000029A F04F 0108 
                       jump3   MOV              R1, #8
  254 0000029E 458A            CMP              R10, R1
  255 000002A0 D004            BEQ              eight
  256 000002A2 F04F 0109       MOV              R1, #9
  257 000002A6 458A            CMP              R10, R1
  258 000002A8 D025            BEQ              nine
  259 000002AA D849            BHI              jump4
  260 000002AC         
  261 000002AC         
  262 000002AC F248 000C 
              F2C4 0000 
                       eight   MOV32            R0,SSI0_SR_R
  263 000002B4 6801            LDR              R1, [R0]
  264 000002B6 F001 0110       AND              R1, #0x10
  265 000002BA 2910            CMP              R1, #0x10
  266 000002BC D0F6            BEQ              eight
  267 000002BE         ; sent
  268 000002BE F248 0008 
              F2C4 0000        MOV32            R0, SSI0_DR_R
  269 000002C6 F04F 0100       MOV              R1, #0x0
  270 000002CA 6001            STR              R1, [R0]
  271 000002CC F04F 0176       MOV              R1, #0x76
  272 000002D0 6001            STR              R1, [R0]
  273 000002D2 F04F 0189       MOV              R1, #0x89
  274 000002D6 6001            STR              R1, [R0]
  275 000002D8 F04F 0189       MOV              R1, #0x89
  276 000002DC 6001            STR              R1, [R0]
  277 000002DE F04F 0189       MOV              R1, #0x89
  278 000002E2 6001            STR              R1, [R0]
  279 000002E4 F04F 0176       MOV              R1, #0x76
  280 000002E8 6001            STR              R1, [R0]
  281 000002EA F04F 0100       MOV              R1, #0x0
  282 000002EE 6001            STR              R1, [R0]
  283 000002F0 F10A 0A01       ADD              R10, #1     ; R10 = 9
  284 000002F4 E163            B                endnumbers
  285 000002F6         
  286 000002F6         
  287 000002F6         
  288 000002F6         
  289 000002F6         
  290 000002F6 F248 000C 
              F2C4 0000 
                       nine    MOV32            R0,SSI0_SR_R
  291 000002FE 6801            LDR              R1, [R0]
  292 00000300 F001 0110       AND              R1, #0x10
  293 00000304 2910            CMP              R1, #0x10
  294 00000306 D0F6            BEQ              nine
  295 00000308         ; sent
  296 00000308 F248 0008 
              F2C4 0000        MOV32            R0, SSI0_DR_R
  297 00000310 F04F 0100       MOV              R1, #0x0
  298 00000314 6001            STR              R1, [R0]
  299 00000316 F04F 0146       MOV              R1, #0x46
  300 0000031A 6001            STR              R1, [R0]
  301 0000031C F04F 0189       MOV              R1, #0x89
  302 00000320 6001            STR              R1, [R0]



ARM Macro Assembler    Page 7 


  303 00000322 F04F 0189       MOV              R1, #0x89
  304 00000326 6001            STR              R1, [R0]
  305 00000328 F04F 0189       MOV              R1, #0x89
  306 0000032C 6001            STR              R1, [R0]
  307 0000032E F04F 0176       MOV              R1, #0x76
  308 00000332 6001            STR              R1, [R0]
  309 00000334 F04F 0100       MOV              R1, #0x0
  310 00000338 6001            STR              R1, [R0]
  311 0000033A F10A 0A01       ADD              R10, #1     ;  R10 = 10
  312 0000033E E13E            B                endnumbers
  313 00000340         
  314 00000340 F04F 010A 
                       jump4   MOV              R1, #10
  315 00000344 458A            CMP              R10, R1
  316 00000346 D000            BEQ              ten
  317 00000348 D846            BHI              tenplus
  318 0000034A F248 000C 
              F2C4 0000 
                       ten     MOV32            R0,SSI0_SR_R
  319 00000352 6801            LDR              R1, [R0]
  320 00000354 F001 0110       AND              R1, #0x10
  321 00000358 2910            CMP              R1, #0x10
  322 0000035A D0F6            BEQ              ten
  323 0000035C         ; sent
  324 0000035C F248 0008 
              F2C4 0000        MOV32            R0, SSI0_DR_R
  325 00000364 F04F 0100       MOV              R1, #0x0
  326 00000368 6001            STR              R1, [R0]
  327 0000036A F04F 0104       MOV              R1, #0x04
  328 0000036E 6001            STR              R1, [R0]
  329 00000370 F04F 0102       MOV              R1, #0x02
  330 00000374 6001            STR              R1, [R0]
  331 00000376 F04F 01FF       MOV              R1, #0xFF
  332 0000037A 6001            STR              R1, [R0]
  333 0000037C F04F 0100       MOV              R1, #0x0
  334 00000380 6001            STR              R1, [R0]
  335 00000382 F04F 0100       MOV              R1, #0x0
  336 00000386 6001            STR              R1, [R0]
  337 00000388 F248 000C 
              F2C4 0000 
                       tenpass MOV32            R0,SSI0_SR_R
  338 00000390 6801            LDR              R1, [R0]
  339 00000392 F001 0110       AND              R1, #0x10
  340 00000396 2910            CMP              R1, #0x10
  341 00000398 D0F6            BEQ              tenpass
  342 0000039A F248 0008 
              F2C4 0000        MOV32            R0, SSI0_DR_R
  343 000003A2 F04F 0100       MOV              R1, #0x0
  344 000003A6 6001            STR              R1, [R0]
  345 000003A8 F04F 0100       MOV              R1, #0x0
  346 000003AC 6001            STR              R1, [R0]
  347 000003AE F04F 017E       MOV              R1, #0x7E
  348 000003B2 6001            STR              R1, [R0]
  349 000003B4 F04F 0181       MOV              R1, #0x81
  350 000003B8 6001            STR              R1, [R0]
  351 000003BA F04F 0181       MOV              R1, #0x81
  352 000003BE 6001            STR              R1, [R0]
  353 000003C0 F04F 0181       MOV              R1, #0x81
  354 000003C4 6001            STR              R1, [R0]



ARM Macro Assembler    Page 8 


  355 000003C6 F04F 017E       MOV              R1, #0x7E
  356 000003CA 6001            STR              R1, [R0]
  357 000003CC F04F 0100       MOV              R1, #0x0
  358 000003D0 6001            STR              R1, [R0]
  359 000003D2 F10A 0A01       ADD              R10, #1     ; R10 = 11
  360 000003D6 E0F2            B                endnumbers
  361 000003D8         
  362 000003D8 F248 000C 
              F2C4 0000 
                       tenplus MOV32            R0,SSI0_SR_R
  363 000003E0 6801            LDR              R1, [R0]
  364 000003E2 F001 0110       AND              R1, #0x10
  365 000003E6 2910            CMP              R1, #0x10
  366 000003E8 D0F6            BEQ              tenplus
  367 000003EA         ; sent
  368 000003EA F04F 0114       MOV              R1, #20
  369 000003EE 458A            CMP              R10, R1
  370 000003F0 D069            BEQ              twenty
  371 000003F2 F200 8092       BHI.W            clear_end1
  372 000003F6         
  373 000003F6 F248 0008 
              F2C4 0000        MOV32            R0, SSI0_DR_R
  374 000003FE F04F 0100       MOV              R1, #0x0
  375 00000402 6001            STR              R1, [R0]
  376 00000404 F04F 0104       MOV              R1, #0x04
  377 00000408 6001            STR              R1, [R0]
  378 0000040A F04F 0102       MOV              R1, #0x02
  379 0000040E 6001            STR              R1, [R0]
  380 00000410 F04F 01FF       MOV              R1, #0xFF
  381 00000414 6001            STR              R1, [R0]
  382 00000416 F04F 0100       MOV              R1, #0x0
  383 0000041A 6001            STR              R1, [R0]
  384 0000041C F04F 0100       MOV              R1, #0x0
  385 00000420 6001            STR              R1, [R0]
  386 00000422 F04F 0100       MOV              R1, #0x0
  387 00000426 6001            STR              R1, [R0]
  388 00000428 F04F 010B       MOV              R1, #11
  389 0000042C 458A            CMP              R10, R1
  390 0000042E F43F AE1F       BEQ              one
  391 00000432 F04F 010C       MOV              R1, #12
  392 00000436 458A            CMP              R10, R1
  393 00000438 F43F AE3F       BEQ              two
  394 0000043C F04F 010D       MOV              R1, #13
  395 00000440 458A            CMP              R10, R1
  396 00000442 F43F AE68       BEQ              three
  397 00000446 F04F 010E       MOV              R1, #14
  398 0000044A 458A            CMP              R10, R1
  399 0000044C F43F AE88       BEQ              four
  400 00000450 F04F 010F       MOV              R1, #15
  401 00000454 458A            CMP              R10, R1
  402 00000456 F43F AEA8       BEQ              five
  403 0000045A F04F 0110       MOV              R1, #16
  404 0000045E 458A            CMP              R10, R1
  405 00000460 F43F AED1       BEQ              six
  406 00000464 F04F 0111       MOV              R1, #17
  407 00000468 458A            CMP              R10, R1
  408 0000046A F43F AEF1       BEQ              seven
  409 0000046E F04F 0112       MOV              R1, #18
  410 00000472 458A            CMP              R10, R1



ARM Macro Assembler    Page 9 


  411 00000474 F43F AF1A       BEQ              eight
  412 00000478 F63F AF3D       BHI              nine
  413 0000047C         
  414 0000047C F248 000C 
              F2C4 0000 
                       zero    MOV32            R0,SSI0_SR_R
  415 00000484 6801            LDR              R1, [R0]
  416 00000486 F001 0110       AND              R1, #0x10
  417 0000048A 2910            CMP              R1, #0x10
  418 0000048C D0F6            BEQ              zero
  419 0000048E         ; sent
  420 0000048E F248 0008 
              F2C4 0000        MOV32            R0, SSI0_DR_R
  421 00000496 F04F 0100       MOV              R1, #0x0
  422 0000049A 6001            STR              R1, [R0]
  423 0000049C F04F 017E       MOV              R1, #0x7E
  424 000004A0 6001            STR              R1, [R0]
  425 000004A2 F04F 0181       MOV              R1, #0x81
  426 000004A6 6001            STR              R1, [R0]
  427 000004A8 F04F 0181       MOV              R1, #0x81
  428 000004AC 6001            STR              R1, [R0]
  429 000004AE F04F 0181       MOV              R1, #0x81
  430 000004B2 6001            STR              R1, [R0]
  431 000004B4 F04F 017E       MOV              R1, #0x7E
  432 000004B8 6001            STR              R1, [R0]
  433 000004BA F04F 0100       MOV              R1, #0x0
  434 000004BE 6001            STR              R1, [R0]
  435 000004C0 F10A 0A01       ADD              R10, #1     ; 20->21
  436 000004C4 E07B            B                endnumbers
  437 000004C6         
  438 000004C6 F248 000C 
              F2C4 0000 
                       twenty  MOV32            R0,SSI0_SR_R
  439 000004CE 6801            LDR              R1, [R0]
  440 000004D0 F001 0110       AND              R1, #0x10
  441 000004D4 2910            CMP              R1, #0x10
  442 000004D6 D0F6            BEQ              twenty
  443 000004D8 F244 1000 
              F2C4 0000        MOV32            R0, DC      ; dc_command  
  444 000004E0 F04F 0140       MOV              R1, #0x40   ; make DC 1
  445 000004E4 6001            STR              R1, [R0]
  446 000004E6         ; sent
  447 000004E6 F248 0008 
              F2C4 0000        MOV32            R0, SSI0_DR_R
  448 000004EE F04F 0100       MOV              R1, #0x0
  449 000004F2 6001            STR              R1, [R0]
  450 000004F4 F04F 0184       MOV              R1, #0x84
  451 000004F8 6001            STR              R1, [R0]
  452 000004FA F04F 01C2       MOV              R1, #0xC2
  453 000004FE 6001            STR              R1, [R0]
  454 00000500 F04F 01A1       MOV              R1, #0xA1
  455 00000504 6001            STR              R1, [R0]
  456 00000506 F04F 0191       MOV              R1, #0x91
  457 0000050A 6001            STR              R1, [R0]
  458 0000050C F04F 018E       MOV              R1, #0x8E
  459 00000510 6001            STR              R1, [R0]
  460 00000512 F04F 0100       MOV              R1, #0x0
  461 00000516 6001            STR              R1, [R0]
  462 00000518         ;   MOV R10, #0  ; R10=20->0 ; END OF THIS SECTION



ARM Macro Assembler    Page 10 


  463 00000518 E7B0            B                zero
  464 0000051A         
  465 0000051A F248 000C 
              F2C4 0000 
                       clear_end1
                               MOV32            R0,SSI0_SR_R
  466 00000522 6801            LDR              R1, [R0]
  467 00000524 F001 0110       AND              R1, #0x10
  468 00000528 2910            CMP              R1, #0x10
  469 0000052A D0F6            BEQ              clear_end1
  470 0000052C F244 1000 
              F2C4 0000        MOV32            R0, DC      ; dc_command  
  471 00000534 F04F 0140       MOV              R1, #0x40   ; make DC 1
  472 00000538 6001            STR              R1, [R0]
  473 0000053A         ; sent
  474 0000053A F248 0008 
              F2C4 0000        MOV32            R0, SSI0_DR_R
  475 00000542 F04F 0100       MOV              R1, #0x0
  476 00000546 6001            STR              R1, [R0]
  477 00000548 F04F 0100       MOV              R1, #0x0
  478 0000054C 6001            STR              R1, [R0]
  479 0000054E F04F 0100       MOV              R1, #0x0
  480 00000552 6001            STR              R1, [R0]
  481 00000554 F04F 0100       MOV              R1, #0x0
  482 00000558 6001            STR              R1, [R0]
  483 0000055A F04F 0100       MOV              R1, #0x0
  484 0000055E 6001            STR              R1, [R0]
  485 00000560 F04F 0100       MOV              R1, #0x0
  486 00000564 6001            STR              R1, [R0]
  487 00000566 F04F 0100       MOV              R1, #0x0
  488 0000056A 6001            STR              R1, [R0]
  489 0000056C F248 000C 
              F2C4 0000 
                       clear_end2
                               MOV32            R0,SSI0_SR_R
  490 00000574 6801            LDR              R1, [R0]
  491 00000576 F001 0110       AND              R1, #0x10
  492 0000057A 2910            CMP              R1, #0x10
  493 0000057C D0F6            BEQ              clear_end2
  494 0000057E F244 1000 
              F2C4 0000        MOV32            R0, DC      ; dc_command  
  495 00000586 F04F 0140       MOV              R1, #0x40   ; make DC 1
  496 0000058A 6001            STR              R1, [R0]
  497 0000058C F04F 0100       MOV              R1, #0x0
  498 00000590 6001            STR              R1, [R0]
  499 00000592 F04F 0100       MOV              R1, #0x0
  500 00000596 6001            STR              R1, [R0]
  501 00000598 F04F 0100       MOV              R1, #0x0
  502 0000059C 6001            STR              R1, [R0]
  503 0000059E F04F 0100       MOV              R1, #0x0
  504 000005A2 6001            STR              R1, [R0]
  505 000005A4 F04F 0100       MOV              R1, #0x0
  506 000005A8 6001            STR              R1, [R0]
  507 000005AA F04F 0100       MOV              R1, #0x0
  508 000005AE 6001            STR              R1, [R0]
  509 000005B0 F04F 0100       MOV              R1, #0x0
  510 000005B4 6001            STR              R1, [R0]
  511 000005B6 4807            LDR              R0, =SYSCTRL ; SYSTICK control 
                                                            and status register



ARM Macro Assembler    Page 11 


                                                            
  512 000005B8 F04F 0100       MOV              R1, #0
  513 000005BC 6001            STR              R1, [R0]    ; stop counter to p
                                                            revent interrupt tr
                                                            iggered accidentall
                                                            y
  514 000005BE         
  515 000005BE         
  516 000005BE         
  517 000005BE         
  518 000005BE         
  519 000005BE         endnumbers
  520 000005BE         
  521 000005BE F244 1000 
              F2C4 0000        MOV32            R0, DC      ;dc_command  
  522 000005C6 F04F 0140       MOV              R1, #0x40   ; 0 because we coor
                                                            dinate
  523 000005CA 6001            STR              R1, [R0]
  524 000005CC         
  525 000005CC         
  526 000005CC         
  527 000005CC F85D EB04       POP{LR}
  528 000005D0 4770            BX               LR
  529 000005D2                 ENDP
  530 000005D2 00 00           ALIGN
  531 000005D4                 END
              E000E010 
Command Line: --debug --xref --diag_suppress=9931 --cpu=Cortex-M4.fp --apcs=int
erwork --depend=.\objects\systick_handler.d -o.\objects\systick_handler.o -I.\R
TE\_Target_1 -IC:\Keil_v5\ARM\PACK\Keil\TM4C_DFP\1.1.0\Device\Include\TM4C123 -
IC:\Keil_v5\ARM\CMSIS\Include --predefine="__EVAL SETA 1" --predefine="__UVISIO
N_VERSION SETA 526" --predefine="TM4C123GH6PM SETA 1" --list=.\listings\systick
_handler.lst SysTick_Handler.s



ARM Macro Assembler    Page 1 Alphabetic symbol ordering
Relocatable symbols

MySysTick 00000000

Symbol: MySysTick
   Definitions
      At line 17 in file SysTick_Handler.s
   Uses
      At line 13 in file SysTick_Handler.s
Comment: MySysTick used once
check 00000002

Symbol: check
   Definitions
      At line 22 in file SysTick_Handler.s
   Uses
      At line 26 in file SysTick_Handler.s
Comment: check used once
check2 00000036

Symbol: check2
   Definitions
      At line 37 in file SysTick_Handler.s
   Uses
      At line 41 in file SysTick_Handler.s
Comment: check2 used once
clear_end1 0000051A

Symbol: clear_end1
   Definitions
      At line 465 in file SysTick_Handler.s
   Uses
      At line 371 in file SysTick_Handler.s
      At line 469 in file SysTick_Handler.s

clear_end2 0000056C

Symbol: clear_end2
   Definitions
      At line 489 in file SysTick_Handler.s
   Uses
      At line 493 in file SysTick_Handler.s
Comment: clear_end2 used once
eight 000002AC

Symbol: eight
   Definitions
      At line 262 in file SysTick_Handler.s
   Uses
      At line 255 in file SysTick_Handler.s
      At line 266 in file SysTick_Handler.s
      At line 411 in file SysTick_Handler.s

endnumbers 000005BE

Symbol: endnumbers
   Definitions
      At line 519 in file SysTick_Handler.s
   Uses
      At line 88 in file SysTick_Handler.s
      At line 113 in file SysTick_Handler.s



ARM Macro Assembler    Page 2 Alphabetic symbol ordering
Relocatable symbols

      At line 143 in file SysTick_Handler.s
      At line 167 in file SysTick_Handler.s
      At line 194 in file SysTick_Handler.s
      At line 227 in file SysTick_Handler.s
      At line 252 in file SysTick_Handler.s
      At line 284 in file SysTick_Handler.s
      At line 312 in file SysTick_Handler.s
      At line 360 in file SysTick_Handler.s
      At line 436 in file SysTick_Handler.s

five 000001AA

Symbol: five
   Definitions
      At line 172 in file SysTick_Handler.s
   Uses
      At line 119 in file SysTick_Handler.s
      At line 176 in file SysTick_Handler.s
      At line 402 in file SysTick_Handler.s

four 00000160

Symbol: four
   Definitions
      At line 145 in file SysTick_Handler.s
   Uses
      At line 116 in file SysTick_Handler.s
      At line 149 in file SysTick_Handler.s
      At line 399 in file SysTick_Handler.s

jump1 00000104

Symbol: jump1
   Definitions
      At line 114 in file SysTick_Handler.s
   Uses
      At line 59 in file SysTick_Handler.s
Comment: jump1 used once
jump2 000001F4

Symbol: jump2
   Definitions
      At line 196 in file SysTick_Handler.s
   Uses
      At line 120 in file SysTick_Handler.s
Comment: jump2 used once
jump3 0000029A

Symbol: jump3
   Definitions
      At line 253 in file SysTick_Handler.s
   Uses
      At line 202 in file SysTick_Handler.s
Comment: jump3 used once
jump4 00000340

Symbol: jump4
   Definitions
      At line 314 in file SysTick_Handler.s



ARM Macro Assembler    Page 3 Alphabetic symbol ordering
Relocatable symbols

   Uses
      At line 259 in file SysTick_Handler.s
Comment: jump4 used once
main 00000000

Symbol: main
   Definitions
      At line 11 in file SysTick_Handler.s
   Uses
      None
Comment: main unused
nine 000002F6

Symbol: nine
   Definitions
      At line 290 in file SysTick_Handler.s
   Uses
      At line 258 in file SysTick_Handler.s
      At line 294 in file SysTick_Handler.s
      At line 412 in file SysTick_Handler.s

one 00000070

Symbol: one
   Definitions
      At line 65 in file SysTick_Handler.s
   Uses
      At line 52 in file SysTick_Handler.s
      At line 69 in file SysTick_Handler.s
      At line 390 in file SysTick_Handler.s

seven 00000250

Symbol: seven
   Definitions
      At line 230 in file SysTick_Handler.s
   Uses
      At line 201 in file SysTick_Handler.s
      At line 234 in file SysTick_Handler.s
      At line 408 in file SysTick_Handler.s

six 00000206

Symbol: six
   Definitions
      At line 205 in file SysTick_Handler.s
   Uses
      At line 198 in file SysTick_Handler.s
      At line 209 in file SysTick_Handler.s
      At line 405 in file SysTick_Handler.s

ten 0000034A

Symbol: ten
   Definitions
      At line 318 in file SysTick_Handler.s
   Uses
      At line 316 in file SysTick_Handler.s
      At line 322 in file SysTick_Handler.s



ARM Macro Assembler    Page 4 Alphabetic symbol ordering
Relocatable symbols


tenpass 00000388

Symbol: tenpass
   Definitions
      At line 337 in file SysTick_Handler.s
   Uses
      At line 341 in file SysTick_Handler.s
Comment: tenpass used once
tenplus 000003D8

Symbol: tenplus
   Definitions
      At line 362 in file SysTick_Handler.s
   Uses
      At line 317 in file SysTick_Handler.s
      At line 366 in file SysTick_Handler.s

three 00000116

Symbol: three
   Definitions
      At line 121 in file SysTick_Handler.s
   Uses
      At line 58 in file SysTick_Handler.s
      At line 125 in file SysTick_Handler.s
      At line 396 in file SysTick_Handler.s

twenty 000004C6

Symbol: twenty
   Definitions
      At line 438 in file SysTick_Handler.s
   Uses
      At line 370 in file SysTick_Handler.s
      At line 442 in file SysTick_Handler.s

two 000000BA

Symbol: two
   Definitions
      At line 91 in file SysTick_Handler.s
   Uses
      At line 55 in file SysTick_Handler.s
      At line 95 in file SysTick_Handler.s
      At line 393 in file SysTick_Handler.s

zero 0000047C

Symbol: zero
   Definitions
      At line 414 in file SysTick_Handler.s
   Uses
      At line 418 in file SysTick_Handler.s
      At line 463 in file SysTick_Handler.s

25 symbols



ARM Macro Assembler    Page 1 Alphabetic symbol ordering
Absolute symbols

DC 40004100

Symbol: DC
   Definitions
      At line 5 in file SysTick_Handler.s
   Uses
      At line 27 in file SysTick_Handler.s
      At line 42 in file SysTick_Handler.s
      At line 443 in file SysTick_Handler.s
      At line 470 in file SysTick_Handler.s
      At line 494 in file SysTick_Handler.s
      At line 521 in file SysTick_Handler.s

SSI0_DR_R 40008008

Symbol: SSI0_DR_R
   Definitions
      At line 7 in file SysTick_Handler.s
   Uses
      At line 31 in file SysTick_Handler.s
      At line 72 in file SysTick_Handler.s
      At line 97 in file SysTick_Handler.s
      At line 127 in file SysTick_Handler.s
      At line 151 in file SysTick_Handler.s
      At line 178 in file SysTick_Handler.s
      At line 211 in file SysTick_Handler.s
      At line 236 in file SysTick_Handler.s
      At line 268 in file SysTick_Handler.s
      At line 296 in file SysTick_Handler.s
      At line 324 in file SysTick_Handler.s
      At line 342 in file SysTick_Handler.s
      At line 373 in file SysTick_Handler.s
      At line 420 in file SysTick_Handler.s
      At line 447 in file SysTick_Handler.s
      At line 474 in file SysTick_Handler.s

SSI0_SR_R 4000800C

Symbol: SSI0_SR_R
   Definitions
      At line 6 in file SysTick_Handler.s
   Uses
      At line 22 in file SysTick_Handler.s
      At line 37 in file SysTick_Handler.s
      At line 65 in file SysTick_Handler.s
      At line 91 in file SysTick_Handler.s
      At line 121 in file SysTick_Handler.s
      At line 145 in file SysTick_Handler.s
      At line 172 in file SysTick_Handler.s
      At line 205 in file SysTick_Handler.s
      At line 230 in file SysTick_Handler.s
      At line 262 in file SysTick_Handler.s
      At line 290 in file SysTick_Handler.s
      At line 318 in file SysTick_Handler.s
      At line 337 in file SysTick_Handler.s
      At line 362 in file SysTick_Handler.s
      At line 414 in file SysTick_Handler.s
      At line 438 in file SysTick_Handler.s
      At line 465 in file SysTick_Handler.s



ARM Macro Assembler    Page 2 Alphabetic symbol ordering
Absolute symbols

      At line 489 in file SysTick_Handler.s

SYSCTRL E000E010

Symbol: SYSCTRL
   Definitions
      At line 8 in file SysTick_Handler.s
   Uses
      At line 511 in file SysTick_Handler.s
Comment: SYSCTRL used once
4 symbols



ARM Macro Assembler    Page 1 Alphabetic symbol ordering
External symbols

DELAY100 00000000

Symbol: DELAY100
   Definitions
      At line 14 in file SysTick_Handler.s
   Uses
      None
Comment: DELAY100 unused
1 symbol
366 symbols in table
