Analysis & Synthesis report for de0nano_embedding
Tue May 07 14:08:57 2019
Quartus Prime Version 18.1.0 Build 625 09/12/2018 SJ Lite Edition


---------------------
; Table of Contents ;
---------------------
  1. Legal Notice
  2. Analysis & Synthesis Summary
  3. Analysis & Synthesis Settings
  4. Parallel Compilation
  5. Analysis & Synthesis Messages
  6. Analysis & Synthesis Suppressed Messages



----------------
; Legal Notice ;
----------------
Copyright (C) 2018  Intel Corporation. All rights reserved.
Your use of Intel Corporation's design tools, logic functions 
and other software and tools, and its AMPP partner logic 
functions, and any output files from any of the foregoing 
(including device programming or simulation files), and any 
associated documentation or information are expressly subject 
to the terms and conditions of the Intel Program License 
Subscription Agreement, the Intel Quartus Prime License Agreement,
the Intel FPGA IP License Agreement, or other applicable license
agreement, including, without limitation, that your use is for
the sole purpose of programming logic devices manufactured by
Intel and sold by Intel or its authorized distributors.  Please
refer to the applicable agreement for further details.



+----------------------------------------------------------------------------------+
; Analysis & Synthesis Summary                                                     ;
+------------------------------------+---------------------------------------------+
; Analysis & Synthesis Status        ; Failed - Tue May 07 14:08:57 2019           ;
; Quartus Prime Version              ; 18.1.0 Build 625 09/12/2018 SJ Lite Edition ;
; Revision Name                      ; de0nano_embedding                           ;
; Top-level Entity Name              ; multicycle                                  ;
; Family                             ; Cyclone IV E                                ;
; Total logic elements               ; N/A until Partition Merge                   ;
;     Total combinational functions  ; N/A until Partition Merge                   ;
;     Dedicated logic registers      ; N/A until Partition Merge                   ;
; Total registers                    ; N/A until Partition Merge                   ;
; Total pins                         ; N/A until Partition Merge                   ;
; Total virtual pins                 ; N/A until Partition Merge                   ;
; Total memory bits                  ; N/A until Partition Merge                   ;
; Embedded Multiplier 9-bit elements ; N/A until Partition Merge                   ;
; Total PLLs                         ; N/A until Partition Merge                   ;
+------------------------------------+---------------------------------------------+


+------------------------------------------------------------------------------------------------------------+
; Analysis & Synthesis Settings                                                                              ;
+------------------------------------------------------------------+--------------------+--------------------+
; Option                                                           ; Setting            ; Default Value      ;
+------------------------------------------------------------------+--------------------+--------------------+
; Device                                                           ; EP4CE22F17C6       ;                    ;
; Top-level entity name                                            ; multicycle         ; de0nano_embedding  ;
; Family name                                                      ; Cyclone IV E       ; Cyclone V          ;
; Use smart compilation                                            ; Off                ; Off                ;
; Enable parallel Assembler and Timing Analyzer during compilation ; On                 ; On                 ;
; Enable compact report table                                      ; Off                ; Off                ;
; Restructure Multiplexers                                         ; Auto               ; Auto               ;
; Create Debugging Nodes for IP Cores                              ; Off                ; Off                ;
; Preserve fewer node names                                        ; On                 ; On                 ;
; Intel FPGA IP Evaluation Mode                                    ; Enable             ; Enable             ;
; Verilog Version                                                  ; Verilog_2001       ; Verilog_2001       ;
; VHDL Version                                                     ; VHDL_1993          ; VHDL_1993          ;
; State Machine Processing                                         ; Auto               ; Auto               ;
; Safe State Machine                                               ; Off                ; Off                ;
; Extract Verilog State Machines                                   ; On                 ; On                 ;
; Extract VHDL State Machines                                      ; On                 ; On                 ;
; Ignore Verilog initial constructs                                ; Off                ; Off                ;
; Iteration limit for constant Verilog loops                       ; 5000               ; 5000               ;
; Iteration limit for non-constant Verilog loops                   ; 250                ; 250                ;
; Add Pass-Through Logic to Inferred RAMs                          ; On                 ; On                 ;
; Infer RAMs from Raw Logic                                        ; On                 ; On                 ;
; Parallel Synthesis                                               ; On                 ; On                 ;
; DSP Block Balancing                                              ; Auto               ; Auto               ;
; NOT Gate Push-Back                                               ; On                 ; On                 ;
; Power-Up Don't Care                                              ; On                 ; On                 ;
; Remove Redundant Logic Cells                                     ; Off                ; Off                ;
; Remove Duplicate Registers                                       ; On                 ; On                 ;
; Ignore CARRY Buffers                                             ; Off                ; Off                ;
; Ignore CASCADE Buffers                                           ; Off                ; Off                ;
; Ignore GLOBAL Buffers                                            ; Off                ; Off                ;
; Ignore ROW GLOBAL Buffers                                        ; Off                ; Off                ;
; Ignore LCELL Buffers                                             ; Off                ; Off                ;
; Ignore SOFT Buffers                                              ; On                 ; On                 ;
; Limit AHDL Integers to 32 Bits                                   ; Off                ; Off                ;
; Optimization Technique                                           ; Balanced           ; Balanced           ;
; Carry Chain Length                                               ; 70                 ; 70                 ;
; Auto Carry Chains                                                ; On                 ; On                 ;
; Auto Open-Drain Pins                                             ; On                 ; On                 ;
; Perform WYSIWYG Primitive Resynthesis                            ; Off                ; Off                ;
; Auto ROM Replacement                                             ; On                 ; On                 ;
; Auto RAM Replacement                                             ; On                 ; On                 ;
; Auto DSP Block Replacement                                       ; On                 ; On                 ;
; Auto Shift Register Replacement                                  ; Auto               ; Auto               ;
; Allow Shift Register Merging across Hierarchies                  ; Auto               ; Auto               ;
; Auto Clock Enable Replacement                                    ; On                 ; On                 ;
; Strict RAM Replacement                                           ; Off                ; Off                ;
; Allow Synchronous Control Signals                                ; On                 ; On                 ;
; Force Use of Synchronous Clear Signals                           ; Off                ; Off                ;
; Auto RAM Block Balancing                                         ; On                 ; On                 ;
; Auto RAM to Logic Cell Conversion                                ; Off                ; Off                ;
; Auto Resource Sharing                                            ; Off                ; Off                ;
; Allow Any RAM Size For Recognition                               ; Off                ; Off                ;
; Allow Any ROM Size For Recognition                               ; Off                ; Off                ;
; Allow Any Shift Register Size For Recognition                    ; Off                ; Off                ;
; Use LogicLock Constraints during Resource Balancing              ; On                 ; On                 ;
; Ignore translate_off and synthesis_off directives                ; Off                ; Off                ;
; Timing-Driven Synthesis                                          ; On                 ; On                 ;
; Report Parameter Settings                                        ; On                 ; On                 ;
; Report Source Assignments                                        ; On                 ; On                 ;
; Report Connectivity Checks                                       ; On                 ; On                 ;
; Ignore Maximum Fan-Out Assignments                               ; Off                ; Off                ;
; Synchronization Register Chain Length                            ; 2                  ; 2                  ;
; Power Optimization During Synthesis                              ; Normal compilation ; Normal compilation ;
; HDL message level                                                ; Level2             ; Level2             ;
; Suppress Register Optimization Related Messages                  ; Off                ; Off                ;
; Number of Removed Registers Reported in Synthesis Report         ; 5000               ; 5000               ;
; Number of Swept Nodes Reported in Synthesis Report               ; 5000               ; 5000               ;
; Number of Inverted Registers Reported in Synthesis Report        ; 100                ; 100                ;
; Clock MUX Protection                                             ; On                 ; On                 ;
; Auto Gated Clock Conversion                                      ; Off                ; Off                ;
; Block Design Naming                                              ; Auto               ; Auto               ;
; SDC constraint protection                                        ; Off                ; Off                ;
; Synthesis Effort                                                 ; Auto               ; Auto               ;
; Shift Register Replacement - Allow Asynchronous Clear Signal     ; On                 ; On                 ;
; Pre-Mapping Resynthesis Optimization                             ; Off                ; Off                ;
; Analysis & Synthesis Message Level                               ; Medium             ; Medium             ;
; Disable Register Merging Across Hierarchies                      ; Auto               ; Auto               ;
; Resource Aware Inference For Block RAM                           ; On                 ; On                 ;
+------------------------------------------------------------------+--------------------+--------------------+


+------------------------------------------+
; Parallel Compilation                     ;
+----------------------------+-------------+
; Processors                 ; Number      ;
+----------------------------+-------------+
; Number detected on machine ; 8           ;
; Maximum allowed            ; 4           ;
;                            ;             ;
; Average used               ; 1.00        ;
; Maximum used               ; 1           ;
;                            ;             ;
; Usage by Processor         ; % Time Used ;
;     Processor 1            ; 100.0%      ;
+----------------------------+-------------+


+-------------------------------+
; Analysis & Synthesis Messages ;
+-------------------------------+
Info: *******************************************************************
Info: Running Quartus Prime Analysis & Synthesis
    Info: Version 18.1.0 Build 625 09/12/2018 SJ Lite Edition
    Info: Processing started: Tue May 07 14:08:44 2019
Info: Command: quartus_map --read_settings_files=on --write_settings_files=off de0nano_embedding -c de0nano_embedding
Warning (18236): Number of processors has not been specified which may cause overloading on shared machines.  Set the global assignment NUM_PARALLEL_PROCESSORS in your QSF to an appropriate value for best performance.
Info (20030): Parallel compilation is enabled and will use 4 of the 4 processors detected
Info (12021): Found 1 design units, including 1 entities, in source file shift.v
    Info (12023): Found entity 1: SHIFT File: C:/Users/Caner/Documents/GitHub/Course-Projects/EE446/LAB5/SHIFT.v Line: 1
Info (12021): Found 1 design units, including 1 entities, in source file reg_file.v
    Info (12023): Found entity 1: REG_FILE File: C:/Users/Caner/Documents/GitHub/Course-Projects/EE446/LAB5/REG_FILE.v Line: 1
Info (12021): Found 1 design units, including 1 entities, in source file register_b.v
    Info (12023): Found entity 1: register_B File: C:/Users/Caner/Documents/GitHub/Course-Projects/EE446/LAB5/register_B.v Line: 1
Info (12021): Found 1 design units, including 1 entities, in source file register_a.v
    Info (12023): Found entity 1: register_A File: C:/Users/Caner/Documents/GitHub/Course-Projects/EE446/LAB5/register_A.v Line: 1
Info (12021): Found 1 design units, including 1 entities, in source file pc.v
    Info (12023): Found entity 1: PC File: C:/Users/Caner/Documents/GitHub/Course-Projects/EE446/LAB5/PC.v Line: 1
Info (12021): Found 1 design units, including 1 entities, in source file mux_2.v
    Info (12023): Found entity 1: mux2 File: C:/Users/Caner/Documents/GitHub/Course-Projects/EE446/LAB5/mux_2.v Line: 1
Info (12021): Found 1 design units, including 1 entities, in source file mux4.v
    Info (12023): Found entity 1: mux4 File: C:/Users/Caner/Documents/GitHub/Course-Projects/EE446/LAB5/mux4.v Line: 1
Info (12021): Found 1 design units, including 1 entities, in source file multicycle_tb.v
    Info (12023): Found entity 1: multicycle_tb File: C:/Users/Caner/Documents/GitHub/Course-Projects/EE446/LAB5/multicycle_tb.v Line: 1
Info (12021): Found 1 design units, including 1 entities, in source file inst_reg.v
    Info (12023): Found entity 1: INST_REG File: C:/Users/Caner/Documents/GitHub/Course-Projects/EE446/LAB5/INST_REG.v Line: 1
Info (12021): Found 1 design units, including 1 entities, in source file inst_mem.v
    Info (12023): Found entity 1: INST_MEM File: C:/Users/Caner/Documents/GitHub/Course-Projects/EE446/LAB5/INST_MEM.v Line: 1
Info (12021): Found 1 design units, including 1 entities, in source file idm.v
    Info (12023): Found entity 1: IDM File: C:/Users/Caner/Documents/GitHub/Course-Projects/EE446/LAB5/IDM.v Line: 1
Info (12021): Found 1 design units, including 1 entities, in source file extend.v
    Info (12023): Found entity 1: EXTEND File: C:/Users/Caner/Documents/GitHub/Course-Projects/EE446/LAB5/EXTEND.v Line: 1
Info (12021): Found 1 design units, including 1 entities, in source file dec.v
    Info (12023): Found entity 1: DEC File: C:/Users/Caner/Documents/GitHub/Course-Projects/EE446/LAB5/DEC.v Line: 1
Info (12021): Found 1 design units, including 1 entities, in source file de0nano_embedding.v
    Info (12023): Found entity 1: de0nano_embedding File: C:/Users/Caner/Documents/GitHub/Course-Projects/EE446/LAB5/de0nano_embedding.v Line: 6
Info (12021): Found 1 design units, including 1 entities, in source file data_reg.v
    Info (12023): Found entity 1: DATA_REG File: C:/Users/Caner/Documents/GitHub/Course-Projects/EE446/LAB5/DATA_REG.v Line: 1
Info (12021): Found 1 design units, including 1 entities, in source file data_mem.v
    Info (12023): Found entity 1: DATA_MEM File: C:/Users/Caner/Documents/GitHub/Course-Projects/EE446/LAB5/DATA_MEM.v Line: 1
Info (12021): Found 1 design units, including 1 entities, in source file control_unit.v
    Info (12023): Found entity 1: control_unit File: C:/Users/Caner/Documents/GitHub/Course-Projects/EE446/LAB5/control_unit.v Line: 1
Info (12021): Found 1 design units, including 1 entities, in source file constant.v
    Info (12023): Found entity 1: CONSTANT File: C:/Users/Caner/Documents/GitHub/Course-Projects/EE446/LAB5/CONSTANT.v Line: 1
Warning (10463): Verilog HDL Declaration warning at ALU.v(13): "bit" is SystemVerilog-2005 keyword File: C:/Users/Caner/Documents/GitHub/Course-Projects/EE446/LAB5/ALU.v Line: 13
Info (12021): Found 1 design units, including 1 entities, in source file alu.v
    Info (12023): Found entity 1: ALU File: C:/Users/Caner/Documents/GitHub/Course-Projects/EE446/LAB5/ALU.v Line: 1
Info (12021): Found 1 design units, including 1 entities, in source file flag_reg.v
    Info (12023): Found entity 1: FLAG_REG File: C:/Users/Caner/Documents/GitHub/Course-Projects/EE446/LAB5/FLAG_REG.v Line: 1
Info (12021): Found 1 design units, including 1 entities, in source file multicycle.bdf
    Info (12023): Found entity 1: multicycle
Error (12049): Can't compile duplicate declarations of entity "multicycle" into library "work" File: C:/Users/Caner/Documents/GitHub/Course-Projects/EE446/LAB5/multicycle.v Line: 19
    Error (12180): Instance could be entity "multicycle" in file multicycle.bdf compiled in library work
    Error (12180): Instance could be entity "multicycle" in file multicycle.v compiled in library work File: C:/Users/Caner/Documents/GitHub/Course-Projects/EE446/LAB5/multicycle.v Line: 19
Info (12021): Found 1 design units, including 1 entities, in source file multicycle.v
Info (144001): Generated suppressed messages file C:/Users/Caner/Documents/GitHub/Course-Projects/EE446/LAB5/de0nano_embedding.map.smsg
Error: Quartus Prime Analysis & Synthesis was unsuccessful. 3 errors, 2 warnings
    Error: Peak virtual memory: 4729 megabytes
    Error: Processing ended: Tue May 07 14:08:57 2019
    Error: Elapsed time: 00:00:13
    Error: Total CPU time (on all processors): 00:00:32


+------------------------------------------+
; Analysis & Synthesis Suppressed Messages ;
+------------------------------------------+
The suppressed messages can be found in C:/Users/Caner/Documents/GitHub/Course-Projects/EE446/LAB5/de0nano_embedding.map.smsg.


