Analysis & Synthesis report for de0nano_embedding
Thu Apr 05 22:55:31 2018
Quartus II 64-Bit Version 15.0.2 Build 153 07/15/2015 SJ Web Edition


---------------------
; Table of Contents ;
---------------------
  1. Legal Notice
  2. Analysis & Synthesis Summary
  3. Analysis & Synthesis Settings
  4. Parallel Compilation
  5. Analysis & Synthesis Source Files Read
  6. Analysis & Synthesis Resource Usage Summary
  7. Analysis & Synthesis Resource Utilization by Entity
  8. State Machine - |de0nano_embedding|deneme:dnm|control_unit:inst1|y
  9. User-Specified and Inferred Latches
 10. Registers Removed During Synthesis
 11. General Register Statistics
 12. Multiplexer Restructuring Statistics (Restructuring Performed)
 13. Parameter Settings for User Entity Instance: deneme:dnm|alu:inst3
 14. Parameter Settings for User Entity Instance: deneme:dnm|simple_reg_we:inst
 15. Parameter Settings for User Entity Instance: deneme:dnm|control_unit:inst1
 16. Parameter Settings for User Entity Instance: deneme:dnm|shift_reg:inst5
 17. Parameter Settings for User Entity Instance: deneme:dnm|shift_reg:inst4
 18. Parameter Settings for User Entity Instance: deneme:dnm|mux_2to1:inst13
 19. Parameter Settings for User Entity Instance: deneme:dnm|simple_reg:inst8
 20. Parameter Settings for User Entity Instance: deneme:dnm|simple_reg_we:inst2
 21. Parameter Settings for User Entity Instance: deneme:dnm|mux_4to1:inst7
 22. Parameter Settings for User Entity Instance: deneme:dnm|constant_value_generator:inst10
 23. Parameter Settings for User Entity Instance: deneme:dnm|mux_4to1:inst6
 24. Parameter Settings for User Entity Instance: deneme:dnm|mux_2to1:inst14
 25. Parameter Settings for User Entity Instance: deneme:dnm|shift_reg:inst9
 26. Post-Synthesis Netlist Statistics for Top Partition
 27. Elapsed Time Per Partition
 28. Analysis & Synthesis Messages
 29. Analysis & Synthesis Suppressed Messages



----------------
; Legal Notice ;
----------------
Copyright (C) 1991-2015 Altera Corporation. All rights reserved.
Your use of Altera Corporation's design tools, logic functions 
and other software and tools, and its AMPP partner logic 
functions, and any output files from any of the foregoing 
(including device programming or simulation files), and any 
associated documentation or information are expressly subject 
to the terms and conditions of the Altera Program License 
Subscription Agreement, the Altera Quartus II License Agreement,
the Altera MegaCore Function License Agreement, or other 
applicable license agreement, including, without limitation, 
that your use is for the sole purpose of programming logic 
devices manufactured by Altera and sold by Altera or its 
authorized distributors.  Please refer to the applicable 
agreement for further details.



+---------------------------------------------------------------------------------+
; Analysis & Synthesis Summary                                                    ;
+------------------------------------+--------------------------------------------+
; Analysis & Synthesis Status        ; Successful - Thu Apr 05 22:55:31 2018      ;
; Quartus II 64-Bit Version          ; 15.0.2 Build 153 07/15/2015 SJ Web Edition ;
; Revision Name                      ; de0nano_embedding                          ;
; Top-level Entity Name              ; de0nano_embedding                          ;
; Family                             ; Cyclone IV E                               ;
; Total logic elements               ; 340                                        ;
;     Total combinational functions  ; 340                                        ;
;     Dedicated logic registers      ; 35                                         ;
; Total registers                    ; 35                                         ;
; Total pins                         ; 126                                        ;
; Total virtual pins                 ; 0                                          ;
; Total memory bits                  ; 0                                          ;
; Embedded Multiplier 9-bit elements ; 0                                          ;
; Total PLLs                         ; 0                                          ;
+------------------------------------+--------------------------------------------+


+----------------------------------------------------------------------------------------------------------------------+
; Analysis & Synthesis Settings                                                                                        ;
+----------------------------------------------------------------------------+--------------------+--------------------+
; Option                                                                     ; Setting            ; Default Value      ;
+----------------------------------------------------------------------------+--------------------+--------------------+
; Device                                                                     ; EP4CE22F17C6       ;                    ;
; Top-level entity name                                                      ; de0nano_embedding  ; de0nano_embedding  ;
; Family name                                                                ; Cyclone IV E       ; Cyclone V          ;
; Use smart compilation                                                      ; Off                ; Off                ;
; Enable parallel Assembler and TimeQuest Timing Analyzer during compilation ; On                 ; On                 ;
; Enable compact report table                                                ; Off                ; Off                ;
; Restructure Multiplexers                                                   ; Auto               ; Auto               ;
; Create Debugging Nodes for IP Cores                                        ; Off                ; Off                ;
; Preserve fewer node names                                                  ; On                 ; On                 ;
; Disable OpenCore Plus hardware evaluation                                  ; Off                ; Off                ;
; Verilog Version                                                            ; Verilog_2001       ; Verilog_2001       ;
; VHDL Version                                                               ; VHDL_1993          ; VHDL_1993          ;
; State Machine Processing                                                   ; Auto               ; Auto               ;
; Safe State Machine                                                         ; Off                ; Off                ;
; Extract Verilog State Machines                                             ; On                 ; On                 ;
; Extract VHDL State Machines                                                ; On                 ; On                 ;
; Ignore Verilog initial constructs                                          ; Off                ; Off                ;
; Iteration limit for constant Verilog loops                                 ; 5000               ; 5000               ;
; Iteration limit for non-constant Verilog loops                             ; 250                ; 250                ;
; Add Pass-Through Logic to Inferred RAMs                                    ; On                 ; On                 ;
; Infer RAMs from Raw Logic                                                  ; On                 ; On                 ;
; Parallel Synthesis                                                         ; On                 ; On                 ;
; DSP Block Balancing                                                        ; Auto               ; Auto               ;
; NOT Gate Push-Back                                                         ; On                 ; On                 ;
; Power-Up Don't Care                                                        ; On                 ; On                 ;
; Remove Redundant Logic Cells                                               ; Off                ; Off                ;
; Remove Duplicate Registers                                                 ; On                 ; On                 ;
; Ignore CARRY Buffers                                                       ; Off                ; Off                ;
; Ignore CASCADE Buffers                                                     ; Off                ; Off                ;
; Ignore GLOBAL Buffers                                                      ; Off                ; Off                ;
; Ignore ROW GLOBAL Buffers                                                  ; Off                ; Off                ;
; Ignore LCELL Buffers                                                       ; Off                ; Off                ;
; Ignore SOFT Buffers                                                        ; On                 ; On                 ;
; Limit AHDL Integers to 32 Bits                                             ; Off                ; Off                ;
; Optimization Technique                                                     ; Balanced           ; Balanced           ;
; Carry Chain Length                                                         ; 70                 ; 70                 ;
; Auto Carry Chains                                                          ; On                 ; On                 ;
; Auto Open-Drain Pins                                                       ; On                 ; On                 ;
; Perform WYSIWYG Primitive Resynthesis                                      ; Off                ; Off                ;
; Auto ROM Replacement                                                       ; On                 ; On                 ;
; Auto RAM Replacement                                                       ; On                 ; On                 ;
; Auto DSP Block Replacement                                                 ; On                 ; On                 ;
; Auto Shift Register Replacement                                            ; Auto               ; Auto               ;
; Allow Shift Register Merging across Hierarchies                            ; Auto               ; Auto               ;
; Auto Clock Enable Replacement                                              ; On                 ; On                 ;
; Strict RAM Replacement                                                     ; Off                ; Off                ;
; Allow Synchronous Control Signals                                          ; On                 ; On                 ;
; Force Use of Synchronous Clear Signals                                     ; Off                ; Off                ;
; Auto RAM Block Balancing                                                   ; On                 ; On                 ;
; Auto RAM to Logic Cell Conversion                                          ; Off                ; Off                ;
; Auto Resource Sharing                                                      ; Off                ; Off                ;
; Allow Any RAM Size For Recognition                                         ; Off                ; Off                ;
; Allow Any ROM Size For Recognition                                         ; Off                ; Off                ;
; Allow Any Shift Register Size For Recognition                              ; Off                ; Off                ;
; Use LogicLock Constraints during Resource Balancing                        ; On                 ; On                 ;
; Ignore translate_off and synthesis_off directives                          ; Off                ; Off                ;
; Timing-Driven Synthesis                                                    ; On                 ; On                 ;
; Report Parameter Settings                                                  ; On                 ; On                 ;
; Report Source Assignments                                                  ; On                 ; On                 ;
; Report Connectivity Checks                                                 ; On                 ; On                 ;
; Ignore Maximum Fan-Out Assignments                                         ; Off                ; Off                ;
; Synchronization Register Chain Length                                      ; 2                  ; 2                  ;
; PowerPlay Power Optimization During Synthesis                              ; Normal compilation ; Normal compilation ;
; HDL message level                                                          ; Level2             ; Level2             ;
; Suppress Register Optimization Related Messages                            ; Off                ; Off                ;
; Number of Removed Registers Reported in Synthesis Report                   ; 5000               ; 5000               ;
; Number of Swept Nodes Reported in Synthesis Report                         ; 5000               ; 5000               ;
; Number of Inverted Registers Reported in Synthesis Report                  ; 100                ; 100                ;
; Clock MUX Protection                                                       ; On                 ; On                 ;
; Auto Gated Clock Conversion                                                ; Off                ; Off                ;
; Block Design Naming                                                        ; Auto               ; Auto               ;
; SDC constraint protection                                                  ; Off                ; Off                ;
; Synthesis Effort                                                           ; Auto               ; Auto               ;
; Shift Register Replacement - Allow Asynchronous Clear Signal               ; On                 ; On                 ;
; Pre-Mapping Resynthesis Optimization                                       ; Off                ; Off                ;
; Analysis & Synthesis Message Level                                         ; Medium             ; Medium             ;
; Disable Register Merging Across Hierarchies                                ; Auto               ; Auto               ;
; Resource Aware Inference For Block RAM                                     ; On                 ; On                 ;
; Synthesis Seed                                                             ; 1                  ; 1                  ;
+----------------------------------------------------------------------------+--------------------+--------------------+


+------------------------------------------+
; Parallel Compilation                     ;
+----------------------------+-------------+
; Processors                 ; Number      ;
+----------------------------+-------------+
; Number detected on machine ; 4           ;
; Maximum allowed            ; 2           ;
;                            ;             ;
; Average used               ; 1.00        ;
; Maximum used               ; 1           ;
;                            ;             ;
; Usage by Processor         ; % Time Used ;
;     Processor 1            ; 100.0%      ;
;     Processors 2-4         ;   0.0%      ;
+----------------------------+-------------+


+----------------------------------------------------------------------------------------------------------------------------------------------------------------------------------------+
; Analysis & Synthesis Source Files Read                                                                                                                                                 ;
+----------------------------------+-----------------+------------------------------------+------------------------------------------------------------------------------------+---------+
; File Name with User-Entered Path ; Used in Netlist ; File Type                          ; File Name with Absolute Path                                                       ; Library ;
+----------------------------------+-----------------+------------------------------------+------------------------------------------------------------------------------------+---------+
; simple_reg_we.v                  ; yes             ; User Verilog HDL File              ; C:/Users/KaanFurkan/Desktop/lab2_v2/laboratory_practice/simple_reg_we.v            ;         ;
; simple_reg.v                     ; yes             ; User Verilog HDL File              ; C:/Users/KaanFurkan/Desktop/lab2_v2/laboratory_practice/simple_reg.v               ;         ;
; shift_reg.v                      ; yes             ; User Verilog HDL File              ; C:/Users/KaanFurkan/Desktop/lab2_v2/laboratory_practice/shift_reg.v                ;         ;
; mux_4to1.v                       ; yes             ; User Verilog HDL File              ; C:/Users/KaanFurkan/Desktop/lab2_v2/laboratory_practice/mux_4to1.v                 ;         ;
; mux_2to1.v                       ; yes             ; User Verilog HDL File              ; C:/Users/KaanFurkan/Desktop/lab2_v2/laboratory_practice/mux_2to1.v                 ;         ;
; deneme.bdf                       ; yes             ; User Block Diagram/Schematic File  ; C:/Users/KaanFurkan/Desktop/lab2_v2/laboratory_practice/deneme.bdf                 ;         ;
; control_unit.v                   ; yes             ; User Verilog HDL File              ; C:/Users/KaanFurkan/Desktop/lab2_v2/laboratory_practice/control_unit.v             ;         ;
; constant_value_generator.v       ; yes             ; User Verilog HDL File              ; C:/Users/KaanFurkan/Desktop/lab2_v2/laboratory_practice/constant_value_generator.v ;         ;
; alu.v                            ; yes             ; User Verilog HDL File              ; C:/Users/KaanFurkan/Desktop/lab2_v2/laboratory_practice/alu.v                      ;         ;
; de0nano_embedding.v              ; yes             ; User Verilog HDL File              ; C:/Users/KaanFurkan/Desktop/lab2_v2/laboratory_practice/de0nano_embedding.v        ;         ;
+----------------------------------+-----------------+------------------------------------+------------------------------------------------------------------------------------+---------+


+---------------------------------------------------------------------------------------+
; Analysis & Synthesis Resource Usage Summary                                           ;
+---------------------------------------------+-----------------------------------------+
; Resource                                    ; Usage                                   ;
+---------------------------------------------+-----------------------------------------+
; Estimated Total logic elements              ; 340                                     ;
;                                             ;                                         ;
; Total combinational functions               ; 340                                     ;
; Logic element usage by number of LUT inputs ;                                         ;
;     -- 4 input functions                    ; 92                                      ;
;     -- 3 input functions                    ; 202                                     ;
;     -- <=2 input functions                  ; 46                                      ;
;                                             ;                                         ;
; Logic elements by mode                      ;                                         ;
;     -- normal mode                          ; 231                                     ;
;     -- arithmetic mode                      ; 109                                     ;
;                                             ;                                         ;
; Total registers                             ; 35                                      ;
;     -- Dedicated logic registers            ; 35                                      ;
;     -- I/O registers                        ; 0                                       ;
;                                             ;                                         ;
; I/O pins                                    ; 126                                     ;
;                                             ;                                         ;
; Embedded Multiplier 9-bit elements          ; 0                                       ;
;                                             ;                                         ;
; Maximum fan-out node                        ; deneme:dnm|control_unit:inst1|WideOr8~0 ;
; Maximum fan-out                             ; 35                                      ;
; Total fan-out                               ; 1390                                    ;
; Average fan-out                             ; 1.95                                    ;
+---------------------------------------------+-----------------------------------------+


+------------------------------------------------------------------------------------------------------------------------------------------------------------------------------------------------------------+
; Analysis & Synthesis Resource Utilization by Entity                                                                                                                                                        ;
+-----------------------------+-------------------+--------------+-------------+--------------+---------+-----------+------+--------------+---------------------------------------------------+--------------+
; Compilation Hierarchy Node  ; LC Combinationals ; LC Registers ; Memory Bits ; DSP Elements ; DSP 9x9 ; DSP 18x18 ; Pins ; Virtual Pins ; Full Hierarchy Name                               ; Library Name ;
+-----------------------------+-------------------+--------------+-------------+--------------+---------+-----------+------+--------------+---------------------------------------------------+--------------+
; |de0nano_embedding          ; 340 (0)           ; 35 (0)       ; 0           ; 0            ; 0       ; 0         ; 126  ; 0            ; |de0nano_embedding                                ; work         ;
;    |deneme:dnm|             ; 340 (0)           ; 35 (0)       ; 0           ; 0            ; 0       ; 0         ; 0    ; 0            ; |de0nano_embedding|deneme:dnm                     ; work         ;
;       |alu:inst3|           ; 282 (282)         ; 0 (0)        ; 0           ; 0            ; 0       ; 0         ; 0    ; 0            ; |de0nano_embedding|deneme:dnm|alu:inst3           ; work         ;
;       |control_unit:inst1|  ; 14 (14)           ; 9 (9)        ; 0           ; 0            ; 0       ; 0         ; 0    ; 0            ; |de0nano_embedding|deneme:dnm|control_unit:inst1  ; work         ;
;       |mux_2to1:inst14|     ; 8 (8)             ; 0 (0)        ; 0           ; 0            ; 0       ; 0         ; 0    ; 0            ; |de0nano_embedding|deneme:dnm|mux_2to1:inst14     ; work         ;
;       |shift_reg:inst4|     ; 8 (8)             ; 8 (8)        ; 0           ; 0            ; 0       ; 0         ; 0    ; 0            ; |de0nano_embedding|deneme:dnm|shift_reg:inst4     ; work         ;
;       |shift_reg:inst5|     ; 1 (1)             ; 1 (1)        ; 0           ; 0            ; 0       ; 0         ; 0    ; 0            ; |de0nano_embedding|deneme:dnm|shift_reg:inst5     ; work         ;
;       |simple_reg:inst8|    ; 1 (1)             ; 1 (1)        ; 0           ; 0            ; 0       ; 0         ; 0    ; 0            ; |de0nano_embedding|deneme:dnm|simple_reg:inst8    ; work         ;
;       |simple_reg_we:inst2| ; 9 (9)             ; 8 (8)        ; 0           ; 0            ; 0       ; 0         ; 0    ; 0            ; |de0nano_embedding|deneme:dnm|simple_reg_we:inst2 ; work         ;
;       |simple_reg_we:inst|  ; 17 (17)           ; 8 (8)        ; 0           ; 0            ; 0       ; 0         ; 0    ; 0            ; |de0nano_embedding|deneme:dnm|simple_reg_we:inst  ; work         ;
+-----------------------------+-------------------+--------------+-------------+--------------+---------+-----------+------+--------------+---------------------------------------------------+--------------+
Note: For table entries with two numbers listed, the numbers in parentheses indicate the number of resources of the given type used by the specific entity alone. The numbers listed outside of parentheses indicate the total resources of the given type used by the specific entity and all of its sub-entities in the hierarchy.


Encoding Type:  One-Hot
+-------------------------------------------------------------------------------------+
; State Machine - |de0nano_embedding|deneme:dnm|control_unit:inst1|y                  ;
+-------+-------+------+------+------+------+------+------+------+------+------+------+
; Name  ; y.S10 ; y.S9 ; y.S8 ; y.S7 ; y.S6 ; y.S5 ; y.S4 ; y.S3 ; y.S2 ; y.S1 ; y.S0 ;
+-------+-------+------+------+------+------+------+------+------+------+------+------+
; y.S0  ; 0     ; 0    ; 0    ; 0    ; 0    ; 0    ; 0    ; 0    ; 0    ; 0    ; 0    ;
; y.S1  ; 0     ; 0    ; 0    ; 0    ; 0    ; 0    ; 0    ; 0    ; 0    ; 1    ; 1    ;
; y.S2  ; 0     ; 0    ; 0    ; 0    ; 0    ; 0    ; 0    ; 0    ; 1    ; 0    ; 1    ;
; y.S3  ; 0     ; 0    ; 0    ; 0    ; 0    ; 0    ; 0    ; 1    ; 0    ; 0    ; 1    ;
; y.S4  ; 0     ; 0    ; 0    ; 0    ; 0    ; 0    ; 1    ; 0    ; 0    ; 0    ; 1    ;
; y.S5  ; 0     ; 0    ; 0    ; 0    ; 0    ; 1    ; 0    ; 0    ; 0    ; 0    ; 1    ;
; y.S6  ; 0     ; 0    ; 0    ; 0    ; 1    ; 0    ; 0    ; 0    ; 0    ; 0    ; 1    ;
; y.S7  ; 0     ; 0    ; 0    ; 1    ; 0    ; 0    ; 0    ; 0    ; 0    ; 0    ; 1    ;
; y.S8  ; 0     ; 0    ; 1    ; 0    ; 0    ; 0    ; 0    ; 0    ; 0    ; 0    ; 1    ;
; y.S9  ; 0     ; 1    ; 0    ; 0    ; 0    ; 0    ; 0    ; 0    ; 0    ; 0    ; 1    ;
; y.S10 ; 1     ; 0    ; 0    ; 0    ; 0    ; 0    ; 0    ; 0    ; 0    ; 0    ; 1    ;
+-------+-------+------+------+------+------+------+------+------+------+------+------+


+----------------------------------------------------------------------------------------------------------+
; User-Specified and Inferred Latches                                                                      ;
+-----------------------------------------------------+---------------------------+------------------------+
; Latch Name                                          ; Latch Enable Signal       ; Free of Timing Hazards ;
+-----------------------------------------------------+---------------------------+------------------------+
; deneme:dnm|alu:inst3|out1[0]                        ; deneme:dnm|alu:inst3|Mux0 ; yes                    ;
; deneme:dnm|alu:inst3|out[0]                         ; deneme:dnm|alu:inst3|Mux0 ; yes                    ;
; deneme:dnm|alu:inst3|out1[1]                        ; deneme:dnm|alu:inst3|Mux0 ; yes                    ;
; deneme:dnm|alu:inst3|out[1]                         ; deneme:dnm|alu:inst3|Mux0 ; yes                    ;
; deneme:dnm|alu:inst3|out1[2]                        ; deneme:dnm|alu:inst3|Mux0 ; yes                    ;
; deneme:dnm|alu:inst3|out[2]                         ; deneme:dnm|alu:inst3|Mux0 ; yes                    ;
; deneme:dnm|alu:inst3|out1[3]                        ; deneme:dnm|alu:inst3|Mux0 ; yes                    ;
; deneme:dnm|alu:inst3|out[3]                         ; deneme:dnm|alu:inst3|Mux0 ; yes                    ;
; deneme:dnm|alu:inst3|out1[4]                        ; deneme:dnm|alu:inst3|Mux0 ; yes                    ;
; deneme:dnm|alu:inst3|out[4]                         ; deneme:dnm|alu:inst3|Mux0 ; yes                    ;
; deneme:dnm|alu:inst3|out1[5]                        ; deneme:dnm|alu:inst3|Mux0 ; yes                    ;
; deneme:dnm|alu:inst3|out[5]                         ; deneme:dnm|alu:inst3|Mux0 ; yes                    ;
; deneme:dnm|alu:inst3|out1[6]                        ; deneme:dnm|alu:inst3|Mux0 ; yes                    ;
; deneme:dnm|alu:inst3|out[6]                         ; deneme:dnm|alu:inst3|Mux0 ; yes                    ;
; deneme:dnm|alu:inst3|out1[7]                        ; deneme:dnm|alu:inst3|Mux0 ; yes                    ;
; deneme:dnm|alu:inst3|out[7]                         ; deneme:dnm|alu:inst3|Mux0 ; yes                    ;
; deneme:dnm|alu:inst3|ovf                            ; deneme:dnm|alu:inst3|Mux0 ; yes                    ;
; deneme:dnm|alu:inst3|out2[0]                        ; deneme:dnm|alu:inst3|Mux0 ; yes                    ;
; deneme:dnm|alu:inst3|out2[1]                        ; deneme:dnm|alu:inst3|Mux0 ; yes                    ;
; deneme:dnm|alu:inst3|out2[2]                        ; deneme:dnm|alu:inst3|Mux0 ; yes                    ;
; deneme:dnm|alu:inst3|out2[3]                        ; deneme:dnm|alu:inst3|Mux0 ; yes                    ;
; deneme:dnm|alu:inst3|out2[4]                        ; deneme:dnm|alu:inst3|Mux0 ; yes                    ;
; deneme:dnm|alu:inst3|out2[5]                        ; deneme:dnm|alu:inst3|Mux0 ; yes                    ;
; deneme:dnm|alu:inst3|out2[6]                        ; deneme:dnm|alu:inst3|Mux0 ; yes                    ;
; deneme:dnm|alu:inst3|out2[7]                        ; deneme:dnm|alu:inst3|Mux0 ; yes                    ;
; deneme:dnm|alu:inst3|co                             ; deneme:dnm|alu:inst3|Mux0 ; yes                    ;
; Number of user-specified and inferred latches = 26  ;                           ;                        ;
+-----------------------------------------------------+---------------------------+------------------------+
Note: All latches listed above may not be present at the end of synthesis due to various synthesis optimizations.


+----------------------------------------------------------------------------------------+
; Registers Removed During Synthesis                                                     ;
+----------------------------------------+-----------------------------------------------+
; Register name                          ; Reason for Removal                            ;
+----------------------------------------+-----------------------------------------------+
; deneme:dnm|shift_reg:inst5|out[0]      ; Merged with deneme:dnm|shift_reg:inst4|out[1] ;
; deneme:dnm|shift_reg:inst5|out[1]      ; Merged with deneme:dnm|shift_reg:inst4|out[2] ;
; deneme:dnm|shift_reg:inst5|out[2]      ; Merged with deneme:dnm|shift_reg:inst4|out[3] ;
; deneme:dnm|shift_reg:inst5|out[3]      ; Merged with deneme:dnm|shift_reg:inst4|out[4] ;
; deneme:dnm|shift_reg:inst5|out[4]      ; Merged with deneme:dnm|shift_reg:inst4|out[5] ;
; deneme:dnm|shift_reg:inst5|out[5]      ; Merged with deneme:dnm|shift_reg:inst4|out[6] ;
; deneme:dnm|shift_reg:inst5|out[6]      ; Merged with deneme:dnm|shift_reg:inst4|out[7] ;
; deneme:dnm|control_unit:inst1|y.S4     ; Lost fanout                                   ;
; deneme:dnm|control_unit:inst1|y.S10    ; Lost fanout                                   ;
; deneme:dnm|control_unit:inst1|y~2      ; Lost fanout                                   ;
; deneme:dnm|control_unit:inst1|y~3      ; Lost fanout                                   ;
; deneme:dnm|control_unit:inst1|y~4      ; Lost fanout                                   ;
; deneme:dnm|control_unit:inst1|y~5      ; Lost fanout                                   ;
; deneme:dnm|control_unit:inst1|y~6      ; Lost fanout                                   ;
; Total Number of Removed Registers = 14 ;                                               ;
+----------------------------------------+-----------------------------------------------+


+------------------------------------------------------+
; General Register Statistics                          ;
+----------------------------------------------+-------+
; Statistic                                    ; Value ;
+----------------------------------------------+-------+
; Total registers                              ; 35    ;
; Number of registers using Synchronous Clear  ; 16    ;
; Number of registers using Synchronous Load   ; 8     ;
; Number of registers using Asynchronous Clear ; 0     ;
; Number of registers using Asynchronous Load  ; 0     ;
; Number of registers using Clock Enable       ; 16    ;
; Number of registers using Preset             ; 0     ;
+----------------------------------------------+-------+


+------------------------------------------------------------------------------------------------------------------------------------------------------------------------+
; Multiplexer Restructuring Statistics (Restructuring Performed)                                                                                                         ;
+--------------------+-----------+---------------+----------------------+------------------------+------------+----------------------------------------------------------+
; Multiplexer Inputs ; Bus Width ; Baseline Area ; Area if Restructured ; Saving if Restructured ; Registered ; Example Multiplexer Output                               ;
+--------------------+-----------+---------------+----------------------+------------------------+------------+----------------------------------------------------------+
; 6:1                ; 8 bits    ; 32 LEs        ; 16 LEs               ; 16 LEs                 ; Yes        ; |de0nano_embedding|deneme:dnm|simple_reg_we:inst2|out[6] ;
; 6:1                ; 8 bits    ; 32 LEs        ; 24 LEs               ; 8 LEs                  ; Yes        ; |de0nano_embedding|deneme:dnm|simple_reg_we:inst|out[1]  ;
; 3:1                ; 9 bits    ; 18 LEs        ; 9 LEs                ; 9 LEs                  ; No         ; |de0nano_embedding|deneme:dnm|control_unit:inst1|y       ;
; 7:1                ; 7 bits    ; 28 LEs        ; 28 LEs               ; 0 LEs                  ; No         ; |de0nano_embedding|deneme:dnm|alu:inst3|Mux6             ;
+--------------------+-----------+---------------+----------------------+------------------------+------------+----------------------------------------------------------+


+-------------------------------------------------------------------+
; Parameter Settings for User Entity Instance: deneme:dnm|alu:inst3 ;
+----------------+-------+------------------------------------------+
; Parameter Name ; Value ; Type                                     ;
+----------------+-------+------------------------------------------+
; W              ; 8     ; Signed Integer                           ;
+----------------+-------+------------------------------------------+
Note: In order to hide this table in the UI and the text report file, please set the "Show Parameter Settings in Synthesis Report" option in "Analysis and Synthesis Settings -> More Settings" to "Off".


+----------------------------------------------------------------------------+
; Parameter Settings for User Entity Instance: deneme:dnm|simple_reg_we:inst ;
+----------------+-------+---------------------------------------------------+
; Parameter Name ; Value ; Type                                              ;
+----------------+-------+---------------------------------------------------+
; W              ; 8     ; Signed Integer                                    ;
+----------------+-------+---------------------------------------------------+
Note: In order to hide this table in the UI and the text report file, please set the "Show Parameter Settings in Synthesis Report" option in "Analysis and Synthesis Settings -> More Settings" to "Off".


+----------------------------------------------------------------------------+
; Parameter Settings for User Entity Instance: deneme:dnm|control_unit:inst1 ;
+----------------+-------+---------------------------------------------------+
; Parameter Name ; Value ; Type                                              ;
+----------------+-------+---------------------------------------------------+
; S0             ; 0     ; Signed Integer                                    ;
; S1             ; 1     ; Signed Integer                                    ;
; S2             ; 2     ; Signed Integer                                    ;
; S3             ; 3     ; Signed Integer                                    ;
; S4             ; 4     ; Signed Integer                                    ;
; S5             ; 5     ; Signed Integer                                    ;
; S6             ; 6     ; Signed Integer                                    ;
; S7             ; 7     ; Signed Integer                                    ;
; S8             ; 8     ; Signed Integer                                    ;
; S9             ; 9     ; Signed Integer                                    ;
; S10            ; 10    ; Signed Integer                                    ;
+----------------+-------+---------------------------------------------------+
Note: In order to hide this table in the UI and the text report file, please set the "Show Parameter Settings in Synthesis Report" option in "Analysis and Synthesis Settings -> More Settings" to "Off".


+-------------------------------------------------------------------------+
; Parameter Settings for User Entity Instance: deneme:dnm|shift_reg:inst5 ;
+----------------+-------+------------------------------------------------+
; Parameter Name ; Value ; Type                                           ;
+----------------+-------+------------------------------------------------+
; W              ; 8     ; Signed Integer                                 ;
+----------------+-------+------------------------------------------------+
Note: In order to hide this table in the UI and the text report file, please set the "Show Parameter Settings in Synthesis Report" option in "Analysis and Synthesis Settings -> More Settings" to "Off".


+-------------------------------------------------------------------------+
; Parameter Settings for User Entity Instance: deneme:dnm|shift_reg:inst4 ;
+----------------+-------+------------------------------------------------+
; Parameter Name ; Value ; Type                                           ;
+----------------+-------+------------------------------------------------+
; W              ; 8     ; Signed Integer                                 ;
+----------------+-------+------------------------------------------------+
Note: In order to hide this table in the UI and the text report file, please set the "Show Parameter Settings in Synthesis Report" option in "Analysis and Synthesis Settings -> More Settings" to "Off".


+-------------------------------------------------------------------------+
; Parameter Settings for User Entity Instance: deneme:dnm|mux_2to1:inst13 ;
+----------------+-------+------------------------------------------------+
; Parameter Name ; Value ; Type                                           ;
+----------------+-------+------------------------------------------------+
; W              ; 1     ; Signed Integer                                 ;
+----------------+-------+------------------------------------------------+
Note: In order to hide this table in the UI and the text report file, please set the "Show Parameter Settings in Synthesis Report" option in "Analysis and Synthesis Settings -> More Settings" to "Off".


+--------------------------------------------------------------------------+
; Parameter Settings for User Entity Instance: deneme:dnm|simple_reg:inst8 ;
+----------------+-------+-------------------------------------------------+
; Parameter Name ; Value ; Type                                            ;
+----------------+-------+-------------------------------------------------+
; W              ; 1     ; Signed Integer                                  ;
+----------------+-------+-------------------------------------------------+
Note: In order to hide this table in the UI and the text report file, please set the "Show Parameter Settings in Synthesis Report" option in "Analysis and Synthesis Settings -> More Settings" to "Off".


+-----------------------------------------------------------------------------+
; Parameter Settings for User Entity Instance: deneme:dnm|simple_reg_we:inst2 ;
+----------------+-------+----------------------------------------------------+
; Parameter Name ; Value ; Type                                               ;
+----------------+-------+----------------------------------------------------+
; W              ; 8     ; Signed Integer                                     ;
+----------------+-------+----------------------------------------------------+
Note: In order to hide this table in the UI and the text report file, please set the "Show Parameter Settings in Synthesis Report" option in "Analysis and Synthesis Settings -> More Settings" to "Off".


+------------------------------------------------------------------------+
; Parameter Settings for User Entity Instance: deneme:dnm|mux_4to1:inst7 ;
+----------------+-------+-----------------------------------------------+
; Parameter Name ; Value ; Type                                          ;
+----------------+-------+-----------------------------------------------+
; W              ; 8     ; Signed Integer                                ;
+----------------+-------+-----------------------------------------------+
Note: In order to hide this table in the UI and the text report file, please set the "Show Parameter Settings in Synthesis Report" option in "Analysis and Synthesis Settings -> More Settings" to "Off".


+-----------------------------------------------------------------------------------------+
; Parameter Settings for User Entity Instance: deneme:dnm|constant_value_generator:inst10 ;
+----------------+-------+----------------------------------------------------------------+
; Parameter Name ; Value ; Type                                                           ;
+----------------+-------+----------------------------------------------------------------+
; W              ; 8     ; Signed Integer                                                 ;
; D              ; 0     ; Signed Integer                                                 ;
+----------------+-------+----------------------------------------------------------------+
Note: In order to hide this table in the UI and the text report file, please set the "Show Parameter Settings in Synthesis Report" option in "Analysis and Synthesis Settings -> More Settings" to "Off".


+------------------------------------------------------------------------+
; Parameter Settings for User Entity Instance: deneme:dnm|mux_4to1:inst6 ;
+----------------+-------+-----------------------------------------------+
; Parameter Name ; Value ; Type                                          ;
+----------------+-------+-----------------------------------------------+
; W              ; 8     ; Signed Integer                                ;
+----------------+-------+-----------------------------------------------+
Note: In order to hide this table in the UI and the text report file, please set the "Show Parameter Settings in Synthesis Report" option in "Analysis and Synthesis Settings -> More Settings" to "Off".


+-------------------------------------------------------------------------+
; Parameter Settings for User Entity Instance: deneme:dnm|mux_2to1:inst14 ;
+----------------+-------+------------------------------------------------+
; Parameter Name ; Value ; Type                                           ;
+----------------+-------+------------------------------------------------+
; W              ; 8     ; Signed Integer                                 ;
+----------------+-------+------------------------------------------------+
Note: In order to hide this table in the UI and the text report file, please set the "Show Parameter Settings in Synthesis Report" option in "Analysis and Synthesis Settings -> More Settings" to "Off".


+-------------------------------------------------------------------------+
; Parameter Settings for User Entity Instance: deneme:dnm|shift_reg:inst9 ;
+----------------+-------+------------------------------------------------+
; Parameter Name ; Value ; Type                                           ;
+----------------+-------+------------------------------------------------+
; W              ; 8     ; Signed Integer                                 ;
+----------------+-------+------------------------------------------------+
Note: In order to hide this table in the UI and the text report file, please set the "Show Parameter Settings in Synthesis Report" option in "Analysis and Synthesis Settings -> More Settings" to "Off".


+-----------------------------------------------------+
; Post-Synthesis Netlist Statistics for Top Partition ;
+-----------------------+-----------------------------+
; Type                  ; Count                       ;
+-----------------------+-----------------------------+
; boundary_port         ; 126                         ;
; cycloneiii_ff         ; 35                          ;
;     ENA SCLR          ; 8                           ;
;     ENA SCLR SLD      ; 8                           ;
;     plain             ; 19                          ;
; cycloneiii_io_obuf    ; 84                          ;
; cycloneiii_lcell_comb ; 341                         ;
;     arith             ; 109                         ;
;         2 data inputs ; 22                          ;
;         3 data inputs ; 87                          ;
;     normal            ; 232                         ;
;         0 data inputs ; 10                          ;
;         1 data inputs ; 3                           ;
;         2 data inputs ; 12                          ;
;         3 data inputs ; 115                         ;
;         4 data inputs ; 92                          ;
;                       ;                             ;
; Max LUT depth         ; 20.40                       ;
; Average LUT depth     ; 11.38                       ;
+-----------------------+-----------------------------+


+-------------------------------+
; Elapsed Time Per Partition    ;
+----------------+--------------+
; Partition Name ; Elapsed Time ;
+----------------+--------------+
; Top            ; 00:00:01     ;
+----------------+--------------+


+-------------------------------+
; Analysis & Synthesis Messages ;
+-------------------------------+
Info: *******************************************************************
Info: Running Quartus II 64-Bit Analysis & Synthesis
    Info: Version 15.0.2 Build 153 07/15/2015 SJ Web Edition
    Info: Processing started: Thu Apr 05 22:55:17 2018
Info: Command: quartus_map --read_settings_files=on --write_settings_files=off de0nano_embedding -c de0nano_embedding
Info (11104): Parallel Compilation has detected 4 hyper-threaded processors. However, the extra hyper-threaded processors will not be used by default. Parallel Compilation will use 2 of the 2 physical processors detected instead.
Info (12021): Found 1 design units, including 1 entities, in source file test_mux_4to1.v
    Info (12023): Found entity 1: test_mux_4to1
Info (12021): Found 1 design units, including 1 entities, in source file test_mux_2to1.v
    Info (12023): Found entity 1: test_mux_2to1
Info (12021): Found 1 design units, including 1 entities, in source file test_decoder_2to4.v
    Info (12023): Found entity 1: test_decoder_2to4
Info (12021): Found 1 design units, including 1 entities, in source file test_alu.v
    Info (12023): Found entity 1: test_alu
Info (12021): Found 1 design units, including 1 entities, in source file simple_reg_we.v
    Info (12023): Found entity 1: simple_reg_we
Info (12021): Found 1 design units, including 1 entities, in source file simple_reg.v
    Info (12023): Found entity 1: simple_reg
Info (12021): Found 1 design units, including 1 entities, in source file shift_reg.v
    Info (12023): Found entity 1: shift_reg
Info (12021): Found 1 design units, including 1 entities, in source file registerfile.bdf
    Info (12023): Found entity 1: registerfile
Info (12021): Found 1 design units, including 1 entities, in source file regfile.v
    Info (12023): Found entity 1: regfile
Info (12021): Found 1 design units, including 1 entities, in source file mux_4to1.v
    Info (12023): Found entity 1: mux_4to1
Info (12021): Found 1 design units, including 1 entities, in source file mux_2to1.v
    Info (12023): Found entity 1: mux_2to1
Info (12021): Found 1 design units, including 1 entities, in source file deneme.bdf
    Info (12023): Found entity 1: deneme
Info (12021): Found 1 design units, including 1 entities, in source file demultiplexer1_4.v
    Info (12023): Found entity 1: demultiplexer1_4
Info (12021): Found 1 design units, including 1 entities, in source file demultiplexer1_2.v
    Info (12023): Found entity 1: demultiplexer1_2
Info (12021): Found 1 design units, including 1 entities, in source file decoder_2to4.v
    Info (12023): Found entity 1: decoder_2to4
Info (12021): Found 1 design units, including 1 entities, in source file datapath.bdf
    Info (12023): Found entity 1: datapath
Info (12021): Found 1 design units, including 1 entities, in source file control_unit.v
    Info (12023): Found entity 1: control_unit
Info (12021): Found 1 design units, including 1 entities, in source file constant_value_generator.v
    Info (12023): Found entity 1: constant_value_generator
Warning (10463): Verilog HDL Declaration warning at alu.v(15): "bit" is SystemVerilog-2005 keyword
Info (12021): Found 1 design units, including 1 entities, in source file alu.v
    Info (12023): Found entity 1: alu
Warning (12019): Can't analyze file -- file library.v is missing
Info (12021): Found 1 design units, including 1 entities, in source file de0nano_embedding.v
    Info (12023): Found entity 1: de0nano_embedding
Info (12127): Elaborating entity "de0nano_embedding" for the top level hierarchy
Warning (10034): Output port "DRAM_ADDR" at de0nano_embedding.v(63) has no driver
Warning (10034): Output port "DRAM_BA" at de0nano_embedding.v(64) has no driver
Warning (10034): Output port "DRAM_DQM" at de0nano_embedding.v(70) has no driver
Warning (10034): Output port "DRAM_CAS_N" at de0nano_embedding.v(65) has no driver
Warning (10034): Output port "DRAM_CKE" at de0nano_embedding.v(66) has no driver
Warning (10034): Output port "DRAM_CLK" at de0nano_embedding.v(67) has no driver
Warning (10034): Output port "DRAM_CS_N" at de0nano_embedding.v(68) has no driver
Warning (10034): Output port "DRAM_RAS_N" at de0nano_embedding.v(71) has no driver
Warning (10034): Output port "DRAM_WE_N" at de0nano_embedding.v(72) has no driver
Info (12128): Elaborating entity "deneme" for hierarchy "deneme:dnm"
Warning (275083): Bus "out1[7..0]" found using same base name as "out", which might lead to a name conflict.
Warning (275083): Bus "out2[7..0]" found using same base name as "out", which might lead to a name conflict.
Warning (275080): Converted elements in bus name "out" using legacy naming rules. Make any assignments on the new names, not on the original names.
    Warning (275081): Converted element name(s) from "out[7..0]" to "out7..0"
Warning (275080): Converted elements in bus name "out1" using legacy naming rules. Make any assignments on the new names, not on the original names.
    Warning (275081): Converted element name(s) from "out1[7..0]" to "out17..0"
Warning (275080): Converted elements in bus name "out2" using legacy naming rules. Make any assignments on the new names, not on the original names.
    Warning (275081): Converted element name(s) from "out2[7..0]" to "out27..0"
Warning (275011): Block or symbol "simple_reg_we" of instance "inst2" overlaps another block or symbol
Info (12128): Elaborating entity "alu" for hierarchy "deneme:dnm|alu:inst3"
Warning (10230): Verilog HDL assignment warning at alu.v(27): truncated value with size 32 to match size of target (1)
Warning (10230): Verilog HDL assignment warning at alu.v(42): truncated value with size 32 to match size of target (9)
Warning (10230): Verilog HDL assignment warning at alu.v(43): truncated value with size 32 to match size of target (1)
Warning (10230): Verilog HDL assignment warning at alu.v(85): truncated value with size 32 to match size of target (1)
Warning (10230): Verilog HDL assignment warning at alu.v(97): truncated value with size 32 to match size of target (1)
Warning (10230): Verilog HDL assignment warning at alu.v(109): truncated value with size 32 to match size of target (1)
Warning (10230): Verilog HDL assignment warning at alu.v(121): truncated value with size 32 to match size of target (1)
Warning (10230): Verilog HDL assignment warning at alu.v(133): truncated value with size 32 to match size of target (1)
Warning (10240): Verilog HDL Always Construct warning at alu.v(23): inferring latch(es) for variable "out", which holds its previous value in one or more paths through the always construct
Warning (10240): Verilog HDL Always Construct warning at alu.v(23): inferring latch(es) for variable "co", which holds its previous value in one or more paths through the always construct
Warning (10240): Verilog HDL Always Construct warning at alu.v(23): inferring latch(es) for variable "ovf", which holds its previous value in one or more paths through the always construct
Warning (10240): Verilog HDL Always Construct warning at alu.v(23): inferring latch(es) for variable "z", which holds its previous value in one or more paths through the always construct
Warning (10240): Verilog HDL Always Construct warning at alu.v(23): inferring latch(es) for variable "n", which holds its previous value in one or more paths through the always construct
Warning (10240): Verilog HDL Always Construct warning at alu.v(23): inferring latch(es) for variable "bit", which holds its previous value in one or more paths through the always construct
Warning (10240): Verilog HDL Always Construct warning at alu.v(23): inferring latch(es) for variable "out1", which holds its previous value in one or more paths through the always construct
Warning (10240): Verilog HDL Always Construct warning at alu.v(23): inferring latch(es) for variable "out2", which holds its previous value in one or more paths through the always construct
Warning (10240): Verilog HDL Always Construct warning at alu.v(23): inferring latch(es) for variable "product_temp", which holds its previous value in one or more paths through the always construct
Warning (10240): Verilog HDL Always Construct warning at alu.v(23): inferring latch(es) for variable "multiplicand_copy", which holds its previous value in one or more paths through the always construct
Warning (10240): Verilog HDL Always Construct warning at alu.v(23): inferring latch(es) for variable "multiplier_copy", which holds its previous value in one or more paths through the always construct
Warning (10240): Verilog HDL Always Construct warning at alu.v(23): inferring latch(es) for variable "negative_output", which holds its previous value in one or more paths through the always construct
Info (10041): Inferred latch for "out2[0]" at alu.v(23)
Info (10041): Inferred latch for "out2[1]" at alu.v(23)
Info (10041): Inferred latch for "out2[2]" at alu.v(23)
Info (10041): Inferred latch for "out2[3]" at alu.v(23)
Info (10041): Inferred latch for "out2[4]" at alu.v(23)
Info (10041): Inferred latch for "out2[5]" at alu.v(23)
Info (10041): Inferred latch for "out2[6]" at alu.v(23)
Info (10041): Inferred latch for "out2[7]" at alu.v(23)
Info (10041): Inferred latch for "out1[0]" at alu.v(23)
Info (10041): Inferred latch for "out1[1]" at alu.v(23)
Info (10041): Inferred latch for "out1[2]" at alu.v(23)
Info (10041): Inferred latch for "out1[3]" at alu.v(23)
Info (10041): Inferred latch for "out1[4]" at alu.v(23)
Info (10041): Inferred latch for "out1[5]" at alu.v(23)
Info (10041): Inferred latch for "out1[6]" at alu.v(23)
Info (10041): Inferred latch for "out1[7]" at alu.v(23)
Info (10041): Inferred latch for "n" at alu.v(23)
Info (10041): Inferred latch for "z" at alu.v(23)
Info (10041): Inferred latch for "ovf" at alu.v(23)
Info (10041): Inferred latch for "co" at alu.v(23)
Info (10041): Inferred latch for "out[0]" at alu.v(23)
Info (10041): Inferred latch for "out[1]" at alu.v(23)
Info (10041): Inferred latch for "out[2]" at alu.v(23)
Info (10041): Inferred latch for "out[3]" at alu.v(23)
Info (10041): Inferred latch for "out[4]" at alu.v(23)
Info (10041): Inferred latch for "out[5]" at alu.v(23)
Info (10041): Inferred latch for "out[6]" at alu.v(23)
Info (10041): Inferred latch for "out[7]" at alu.v(23)
Info (12128): Elaborating entity "simple_reg_we" for hierarchy "deneme:dnm|simple_reg_we:inst"
Info (12128): Elaborating entity "control_unit" for hierarchy "deneme:dnm|control_unit:inst1"
Warning (10270): Verilog HDL Case Statement warning at control_unit.v(50): incomplete case statement has no default case item
Info (10264): Verilog HDL Case Statement information at control_unit.v(50): all case item expressions in this case statement are onehot
Warning (10240): Verilog HDL Always Construct warning at control_unit.v(49): inferring latch(es) for variable "Control_Variable", which holds its previous value in one or more paths through the always construct
Info (10041): Inferred latch for "Control_Variable[0]" at control_unit.v(49)
Info (10041): Inferred latch for "Control_Variable[1]" at control_unit.v(49)
Info (10041): Inferred latch for "Control_Variable[2]" at control_unit.v(49)
Info (10041): Inferred latch for "Control_Variable[3]" at control_unit.v(49)
Info (10041): Inferred latch for "Control_Variable[4]" at control_unit.v(49)
Info (10041): Inferred latch for "Control_Variable[5]" at control_unit.v(49)
Info (10041): Inferred latch for "Control_Variable[6]" at control_unit.v(49)
Info (10041): Inferred latch for "Control_Variable[7]" at control_unit.v(49)
Info (10041): Inferred latch for "Control_Variable[8]" at control_unit.v(49)
Info (10041): Inferred latch for "Control_Variable[9]" at control_unit.v(49)
Info (10041): Inferred latch for "Control_Variable[10]" at control_unit.v(49)
Info (10041): Inferred latch for "Control_Variable[11]" at control_unit.v(49)
Info (10041): Inferred latch for "Control_Variable[12]" at control_unit.v(49)
Info (10041): Inferred latch for "Control_Variable[13]" at control_unit.v(49)
Info (12128): Elaborating entity "shift_reg" for hierarchy "deneme:dnm|shift_reg:inst5"
Info (12128): Elaborating entity "mux_2to1" for hierarchy "deneme:dnm|mux_2to1:inst13"
Info (12128): Elaborating entity "simple_reg" for hierarchy "deneme:dnm|simple_reg:inst8"
Info (12128): Elaborating entity "mux_4to1" for hierarchy "deneme:dnm|mux_4to1:inst7"
Info (12128): Elaborating entity "constant_value_generator" for hierarchy "deneme:dnm|constant_value_generator:inst10"
Warning (10230): Verilog HDL assignment warning at constant_value_generator.v(3): truncated value with size 32 to match size of target (8)
Info (12128): Elaborating entity "mux_2to1" for hierarchy "deneme:dnm|mux_2to1:inst14"
Warning (14026): LATCH primitive "deneme:dnm|control_unit:inst1|Control_Variable[0]" is permanently enabled
Warning (14026): LATCH primitive "deneme:dnm|control_unit:inst1|Control_Variable[1]" is permanently enabled
Warning (14026): LATCH primitive "deneme:dnm|control_unit:inst1|Control_Variable[12]" is permanently enabled
Warning (14026): LATCH primitive "deneme:dnm|control_unit:inst1|Control_Variable[13]" is permanently enabled
Warning (14026): LATCH primitive "deneme:dnm|control_unit:inst1|Control_Variable[4]" is permanently enabled
Warning (14026): LATCH primitive "deneme:dnm|control_unit:inst1|Control_Variable[3]" is permanently enabled
Warning (14026): LATCH primitive "deneme:dnm|control_unit:inst1|Control_Variable[2]" is permanently enabled
Warning (13034): The following nodes have both tri-state and non-tri-state drivers
    Warning (13035): Inserted always-enabled tri-state buffer between "GPIO_0[15]" and its non-tri-state driver.
    Warning (13035): Inserted always-enabled tri-state buffer between "GPIO_0[16]" and its non-tri-state driver.
    Warning (13035): Inserted always-enabled tri-state buffer between "GPIO_0[17]" and its non-tri-state driver.
    Warning (13035): Inserted always-enabled tri-state buffer between "GPIO_0[18]" and its non-tri-state driver.
    Warning (13035): Inserted always-enabled tri-state buffer between "GPIO_0[19]" and its non-tri-state driver.
    Warning (13035): Inserted always-enabled tri-state buffer between "GPIO_0[20]" and its non-tri-state driver.
    Warning (13035): Inserted always-enabled tri-state buffer between "GPIO_0[21]" and its non-tri-state driver.
    Warning (13035): Inserted always-enabled tri-state buffer between "GPIO_0[22]" and its non-tri-state driver.
    Warning (13035): Inserted always-enabled tri-state buffer between "GPIO_0[23]" and its non-tri-state driver.
Warning (13039): The following bidirectional pins have no drivers
    Warning (13040): bidirectional pin "GPIO_0[24]" has no driver
    Warning (13040): bidirectional pin "GPIO_0[25]" has no driver
    Warning (13040): bidirectional pin "GPIO_0[26]" has no driver
    Warning (13040): bidirectional pin "GPIO_0[27]" has no driver
    Warning (13040): bidirectional pin "GPIO_0[28]" has no driver
    Warning (13040): bidirectional pin "GPIO_0[29]" has no driver
    Warning (13040): bidirectional pin "GPIO_0[30]" has no driver
    Warning (13040): bidirectional pin "GPIO_0[31]" has no driver
    Warning (13040): bidirectional pin "GPIO_0[33]" has no driver
    Warning (13040): bidirectional pin "DRAM_DQ[0]" has no driver
    Warning (13040): bidirectional pin "DRAM_DQ[1]" has no driver
    Warning (13040): bidirectional pin "DRAM_DQ[2]" has no driver
    Warning (13040): bidirectional pin "DRAM_DQ[3]" has no driver
    Warning (13040): bidirectional pin "DRAM_DQ[4]" has no driver
    Warning (13040): bidirectional pin "DRAM_DQ[5]" has no driver
    Warning (13040): bidirectional pin "DRAM_DQ[6]" has no driver
    Warning (13040): bidirectional pin "DRAM_DQ[7]" has no driver
    Warning (13040): bidirectional pin "DRAM_DQ[8]" has no driver
    Warning (13040): bidirectional pin "DRAM_DQ[9]" has no driver
    Warning (13040): bidirectional pin "DRAM_DQ[10]" has no driver
    Warning (13040): bidirectional pin "DRAM_DQ[11]" has no driver
    Warning (13040): bidirectional pin "DRAM_DQ[12]" has no driver
    Warning (13040): bidirectional pin "DRAM_DQ[13]" has no driver
    Warning (13040): bidirectional pin "DRAM_DQ[14]" has no driver
    Warning (13040): bidirectional pin "DRAM_DQ[15]" has no driver
    Warning (13040): bidirectional pin "GPIO_0[0]" has no driver
    Warning (13040): bidirectional pin "GPIO_0[1]" has no driver
    Warning (13040): bidirectional pin "GPIO_0[2]" has no driver
    Warning (13040): bidirectional pin "GPIO_0[3]" has no driver
    Warning (13040): bidirectional pin "GPIO_0[4]" has no driver
    Warning (13040): bidirectional pin "GPIO_0[5]" has no driver
    Warning (13040): bidirectional pin "GPIO_0[6]" has no driver
    Warning (13040): bidirectional pin "GPIO_0[7]" has no driver
    Warning (13040): bidirectional pin "GPIO_0[8]" has no driver
    Warning (13040): bidirectional pin "GPIO_0[9]" has no driver
    Warning (13040): bidirectional pin "GPIO_0[10]" has no driver
    Warning (13040): bidirectional pin "GPIO_0[11]" has no driver
    Warning (13040): bidirectional pin "GPIO_0[12]" has no driver
    Warning (13040): bidirectional pin "GPIO_0[13]" has no driver
    Warning (13040): bidirectional pin "GPIO_0[14]" has no driver
    Warning (13040): bidirectional pin "GPIO_0[32]" has no driver
    Warning (13040): bidirectional pin "GPIO_1[0]" has no driver
    Warning (13040): bidirectional pin "GPIO_1[1]" has no driver
    Warning (13040): bidirectional pin "GPIO_1[2]" has no driver
    Warning (13040): bidirectional pin "GPIO_1[3]" has no driver
    Warning (13040): bidirectional pin "GPIO_1[4]" has no driver
    Warning (13040): bidirectional pin "GPIO_1[5]" has no driver
    Warning (13040): bidirectional pin "GPIO_1[6]" has no driver
    Warning (13040): bidirectional pin "GPIO_1[7]" has no driver
    Warning (13040): bidirectional pin "GPIO_1[8]" has no driver
    Warning (13040): bidirectional pin "GPIO_1[9]" has no driver
    Warning (13040): bidirectional pin "GPIO_1[10]" has no driver
    Warning (13040): bidirectional pin "GPIO_1[11]" has no driver
    Warning (13040): bidirectional pin "GPIO_1[12]" has no driver
    Warning (13040): bidirectional pin "GPIO_1[13]" has no driver
    Warning (13040): bidirectional pin "GPIO_1[14]" has no driver
    Warning (13040): bidirectional pin "GPIO_1[15]" has no driver
    Warning (13040): bidirectional pin "GPIO_1[16]" has no driver
    Warning (13040): bidirectional pin "GPIO_1[17]" has no driver
    Warning (13040): bidirectional pin "GPIO_1[18]" has no driver
    Warning (13040): bidirectional pin "GPIO_1[19]" has no driver
    Warning (13040): bidirectional pin "GPIO_1[20]" has no driver
    Warning (13040): bidirectional pin "GPIO_1[21]" has no driver
    Warning (13040): bidirectional pin "GPIO_1[22]" has no driver
    Warning (13040): bidirectional pin "GPIO_1[23]" has no driver
    Warning (13040): bidirectional pin "GPIO_1[24]" has no driver
    Warning (13040): bidirectional pin "GPIO_1[25]" has no driver
    Warning (13040): bidirectional pin "GPIO_1[26]" has no driver
    Warning (13040): bidirectional pin "GPIO_1[27]" has no driver
    Warning (13040): bidirectional pin "GPIO_1[28]" has no driver
    Warning (13040): bidirectional pin "GPIO_1[29]" has no driver
    Warning (13040): bidirectional pin "GPIO_1[30]" has no driver
    Warning (13040): bidirectional pin "GPIO_1[31]" has no driver
    Warning (13040): bidirectional pin "GPIO_1[32]" has no driver
    Warning (13040): bidirectional pin "GPIO_1[33]" has no driver
Warning (13012): Latch deneme:dnm|alu:inst3|out[0] has unsafe behavior
    Warning (13013): Ports D and ENA on the latch are fed by the same signal deneme:dnm|control_unit:inst1|WideOr6
Warning (13012): Latch deneme:dnm|alu:inst3|out[1] has unsafe behavior
    Warning (13013): Ports D and ENA on the latch are fed by the same signal deneme:dnm|control_unit:inst1|WideOr4
Warning (13012): Latch deneme:dnm|alu:inst3|out[2] has unsafe behavior
    Warning (13013): Ports D and ENA on the latch are fed by the same signal deneme:dnm|control_unit:inst1|WideOr4
Warning (13012): Latch deneme:dnm|alu:inst3|out[3] has unsafe behavior
    Warning (13013): Ports D and ENA on the latch are fed by the same signal deneme:dnm|control_unit:inst1|WideOr4
Warning (13012): Latch deneme:dnm|alu:inst3|out[4] has unsafe behavior
    Warning (13013): Ports D and ENA on the latch are fed by the same signal deneme:dnm|control_unit:inst1|WideOr4
Warning (13012): Latch deneme:dnm|alu:inst3|out[5] has unsafe behavior
    Warning (13013): Ports D and ENA on the latch are fed by the same signal deneme:dnm|control_unit:inst1|WideOr4
Warning (13012): Latch deneme:dnm|alu:inst3|out[6] has unsafe behavior
    Warning (13013): Ports D and ENA on the latch are fed by the same signal deneme:dnm|control_unit:inst1|WideOr4
Warning (13012): Latch deneme:dnm|alu:inst3|out[7] has unsafe behavior
    Warning (13013): Ports D and ENA on the latch are fed by the same signal deneme:dnm|control_unit:inst1|WideOr4
Warning (13012): Latch deneme:dnm|alu:inst3|ovf has unsafe behavior
    Warning (13013): Ports D and ENA on the latch are fed by the same signal deneme:dnm|control_unit:inst1|WideOr6
Warning (13012): Latch deneme:dnm|alu:inst3|co has unsafe behavior
    Warning (13013): Ports D and ENA on the latch are fed by the same signal deneme:dnm|control_unit:inst1|WideOr6
Warning (13009): TRI or OPNDRN buffers permanently enabled
    Warning (13010): Node "GPIO_0[15]~synth"
    Warning (13010): Node "GPIO_0[16]~synth"
    Warning (13010): Node "GPIO_0[17]~synth"
    Warning (13010): Node "GPIO_0[18]~synth"
    Warning (13010): Node "GPIO_0[19]~synth"
    Warning (13010): Node "GPIO_0[20]~synth"
    Warning (13010): Node "GPIO_0[21]~synth"
    Warning (13010): Node "GPIO_0[22]~synth"
    Warning (13010): Node "GPIO_0[23]~synth"
Warning (13024): Output pins are stuck at VCC or GND
    Warning (13410): Pin "DRAM_ADDR[0]" is stuck at GND
    Warning (13410): Pin "DRAM_ADDR[1]" is stuck at GND
    Warning (13410): Pin "DRAM_ADDR[2]" is stuck at GND
    Warning (13410): Pin "DRAM_ADDR[3]" is stuck at GND
    Warning (13410): Pin "DRAM_ADDR[4]" is stuck at GND
    Warning (13410): Pin "DRAM_ADDR[5]" is stuck at GND
    Warning (13410): Pin "DRAM_ADDR[6]" is stuck at GND
    Warning (13410): Pin "DRAM_ADDR[7]" is stuck at GND
    Warning (13410): Pin "DRAM_ADDR[8]" is stuck at GND
    Warning (13410): Pin "DRAM_ADDR[9]" is stuck at GND
    Warning (13410): Pin "DRAM_ADDR[10]" is stuck at GND
    Warning (13410): Pin "DRAM_ADDR[11]" is stuck at GND
    Warning (13410): Pin "DRAM_ADDR[12]" is stuck at GND
    Warning (13410): Pin "DRAM_BA[0]" is stuck at GND
    Warning (13410): Pin "DRAM_BA[1]" is stuck at GND
    Warning (13410): Pin "DRAM_CAS_N" is stuck at GND
    Warning (13410): Pin "DRAM_CKE" is stuck at GND
    Warning (13410): Pin "DRAM_CLK" is stuck at GND
    Warning (13410): Pin "DRAM_CS_N" is stuck at GND
    Warning (13410): Pin "DRAM_DQM[0]" is stuck at GND
    Warning (13410): Pin "DRAM_DQM[1]" is stuck at GND
    Warning (13410): Pin "DRAM_RAS_N" is stuck at GND
    Warning (13410): Pin "DRAM_WE_N" is stuck at GND
Info (286030): Timing-Driven Synthesis is running
Info (17049): 7 registers lost all their fanouts during netlist optimizations.
Info (144001): Generated suppressed messages file C:/Users/KaanFurkan/Desktop/lab2_v2/laboratory_practice/de0nano_embedding.map.smsg
Info (16010): Generating hard_block partition "hard_block:auto_generated_inst"
    Info (16011): Adding 0 node(s), including 0 DDIO, 0 PLL, 0 transceiver and 0 LCELL
Warning (21074): Design contains 5 input pin(s) that do not drive logic
    Warning (15610): No output dependent on input pin "CLOCK_50"
    Warning (15610): No output dependent on input pin "GPIO_0_IN[0]"
    Warning (15610): No output dependent on input pin "GPIO_0_IN[1]"
    Warning (15610): No output dependent on input pin "GPIO_1_IN[0]"
    Warning (15610): No output dependent on input pin "GPIO_1_IN[1]"
Info (21057): Implemented 466 device resources after synthesis - the final resource count might be different
    Info (21058): Implemented 11 input pins
    Info (21059): Implemented 31 output pins
    Info (21060): Implemented 84 bidirectional pins
    Info (21061): Implemented 340 logic cells
Info: Quartus II 64-Bit Analysis & Synthesis was successful. 0 errors, 196 warnings
    Info: Peak virtual memory: 733 megabytes
    Info: Processing ended: Thu Apr 05 22:55:31 2018
    Info: Elapsed time: 00:00:14
    Info: Total CPU time (on all processors): 00:00:31


+------------------------------------------+
; Analysis & Synthesis Suppressed Messages ;
+------------------------------------------+
The suppressed messages can be found in C:/Users/KaanFurkan/Desktop/lab2_v2/laboratory_practice/de0nano_embedding.map.smsg.


