Flow report for de0nano_embedding
Fri Mar 30 00:21:19 2018
Quartus II 64-Bit Version 15.0.2 Build 153 07/15/2015 SJ Web Edition


---------------------
; Table of Contents ;
---------------------
  1. Legal Notice
  2. Flow Summary
  3. Flow Settings
  4. Flow Non-Default Global Settings
  5. Flow Elapsed Time
  6. Flow OS Summary
  7. Flow Log
  8. Flow Messages
  9. Flow Suppressed Messages



----------------
; Legal Notice ;
----------------
Copyright (C) 1991-2015 Altera Corporation. All rights reserved.
Your use of Altera Corporation's design tools, logic functions 
and other software and tools, and its AMPP partner logic 
functions, and any output files from any of the foregoing 
(including device programming or simulation files), and any 
associated documentation or information are expressly subject 
to the terms and conditions of the Altera Program License 
Subscription Agreement, the Altera Quartus II License Agreement,
the Altera MegaCore Function License Agreement, or other 
applicable license agreement, including, without limitation, 
that your use is for the sole purpose of programming logic 
devices manufactured by Altera and sold by Altera or its 
authorized distributors.  Please refer to the applicable 
agreement for further details.



+---------------------------------------------------------------------------------+
; Flow Summary                                                                    ;
+------------------------------------+--------------------------------------------+
; Flow Status                        ; Successful - Fri Mar 30 00:21:19 2018      ;
; Quartus II 64-Bit Version          ; 15.0.2 Build 153 07/15/2015 SJ Web Edition ;
; Revision Name                      ; de0nano_embedding                          ;
; Top-level Entity Name              ; datapath                                   ;
; Family                             ; Cyclone IV E                               ;
; Device                             ; EP4CE22F17C6                               ;
; Timing Models                      ; Final                                      ;
; Total logic elements               ; 34                                         ;
;     Total combinational functions  ; 33                                         ;
;     Dedicated logic registers      ; 25                                         ;
; Total registers                    ; 25                                         ;
; Total pins                         ; 14                                         ;
; Total virtual pins                 ; 0                                          ;
; Total memory bits                  ; 0                                          ;
; Embedded Multiplier 9-bit elements ; 0                                          ;
; Total PLLs                         ; 0                                          ;
+------------------------------------+--------------------------------------------+


+-----------------------------------------+
; Flow Settings                           ;
+-------------------+---------------------+
; Option            ; Setting             ;
+-------------------+---------------------+
; Start date & time ; 03/30/2018 00:14:03 ;
; Main task         ; Compilation         ;
; Revision Name     ; de0nano_embedding   ;
+-------------------+---------------------+


+----------------------------------------------------------------------------------------------------------------------------+
; Flow Non-Default Global Settings                                                                                           ;
+-------------------------------------+---------------------------------------+-------------------+-------------+------------+
; Assignment Name                     ; Value                                 ; Default Value     ; Entity Name ; Section Id ;
+-------------------------------------+---------------------------------------+-------------------+-------------+------------+
; COMPILER_SIGNATURE_ID               ; 35641964083578.152235804329056        ; --                ; --          ; --         ;
; MAX_CORE_JUNCTION_TEMP              ; 85                                    ; --                ; --          ; --         ;
; MIN_CORE_JUNCTION_TEMP              ; 0                                     ; --                ; --          ; --         ;
; PARTITION_COLOR                     ; 16764057                              ; --                ; datapath    ; Top        ;
; PARTITION_FITTER_PRESERVATION_LEVEL ; PLACEMENT_AND_ROUTING                 ; --                ; datapath    ; Top        ;
; PARTITION_NETLIST_TYPE              ; SOURCE                                ; --                ; datapath    ; Top        ;
; POWER_BOARD_THERMAL_MODEL           ; None (CONSERVATIVE)                   ; --                ; --          ; --         ;
; POWER_PRESET_COOLING_SOLUTION       ; 23 MM HEAT SINK WITH 200 LFPM AIRFLOW ; --                ; --          ; --         ;
; TOP_LEVEL_ENTITY                    ; datapath                              ; de0nano_embedding ; --          ; --         ;
+-------------------------------------+---------------------------------------+-------------------+-------------+------------+


+--------------------------------------------------------------------------------------------------------------------------+
; Flow Elapsed Time                                                                                                        ;
+----------------------+--------------+-------------------------+---------------------+------------------------------------+
; Module Name          ; Elapsed Time ; Average Processors Used ; Peak Virtual Memory ; Total CPU Time (on all processors) ;
+----------------------+--------------+-------------------------+---------------------+------------------------------------+
; Analysis & Synthesis ; 00:00:13     ; 1.0                     ; 731 MB              ; 00:00:31                           ;
; EDA Netlist Writer   ; 00:00:01     ; 1.0                     ; 630 MB              ; 00:00:00                           ;
; EDA Netlist Writer   ; 00:00:00     ; 1.0                     ; 635 MB              ; 00:00:01                           ;
; EDA Netlist Writer   ; 00:00:01     ; 1.0                     ; 631 MB              ; 00:00:01                           ;
; EDA Netlist Writer   ; 00:00:01     ; 1.0                     ; 635 MB              ; 00:00:01                           ;
; EDA Netlist Writer   ; 00:00:00     ; 1.0                     ; 631 MB              ; 00:00:00                           ;
; EDA Netlist Writer   ; 00:00:00     ; 1.0                     ; 639 MB              ; 00:00:01                           ;
; EDA Netlist Writer   ; 00:00:01     ; 1.0                     ; 631 MB              ; 00:00:01                           ;
; EDA Netlist Writer   ; 00:00:01     ; 1.0                     ; 635 MB              ; 00:00:01                           ;
; EDA Netlist Writer   ; 00:00:00     ; 1.0                     ; 631 MB              ; 00:00:01                           ;
; EDA Netlist Writer   ; 00:00:01     ; 1.0                     ; 635 MB              ; 00:00:01                           ;
; Total                ; 00:00:19     ; --                      ; --                  ; 00:00:39                           ;
+----------------------+--------------+-------------------------+---------------------+------------------------------------+


+-----------------------------------------------------------------------------------+
; Flow OS Summary                                                                   ;
+----------------------+------------------+-----------+------------+----------------+
; Module Name          ; Machine Hostname ; OS Name   ; OS Version ; Processor type ;
+----------------------+------------------+-----------+------------+----------------+
; Analysis & Synthesis ; Cengaver         ; Windows 7 ; 6.2        ; x86_64         ;
; EDA Netlist Writer   ; Cengaver         ; Windows 7 ; 6.2        ; x86_64         ;
; EDA Netlist Writer   ; Cengaver         ; Windows 7 ; 6.2        ; x86_64         ;
; EDA Netlist Writer   ; Cengaver         ; Windows 7 ; 6.2        ; x86_64         ;
; EDA Netlist Writer   ; Cengaver         ; Windows 7 ; 6.2        ; x86_64         ;
; EDA Netlist Writer   ; Cengaver         ; Windows 7 ; 6.2        ; x86_64         ;
; EDA Netlist Writer   ; Cengaver         ; Windows 7 ; 6.2        ; x86_64         ;
; EDA Netlist Writer   ; Cengaver         ; Windows 7 ; 6.2        ; x86_64         ;
; EDA Netlist Writer   ; Cengaver         ; Windows 7 ; 6.2        ; x86_64         ;
; EDA Netlist Writer   ; Cengaver         ; Windows 7 ; 6.2        ; x86_64         ;
; EDA Netlist Writer   ; Cengaver         ; Windows 7 ; 6.2        ; x86_64         ;
+----------------------+------------------+-----------+------------+----------------+


------------
; Flow Log ;
------------
quartus_map --read_settings_files=on --write_settings_files=off de0nano_embedding -c de0nano_embedding
quartus_eda --gen_testbench --check_outputs=on --tool=modelsim_oem --format=verilog --write_settings_files=off de0nano_embedding -c de0nano_embedding --vector_source=C:/Users/KaanFurkan/Desktop/sonlabhal/empty_project/datapath.vwf --testbench_file=C:/Users/KaanFurkan/Desktop/sonlabhal/empty_project/simulation/qsim/datapath.vwf.vt
quartus_eda --write_settings_files=off --functional=on --flatten_buses=off --simulation=on --tool=modelsim_oem --format=verilog --output_directory=C:/Users/KaanFurkan/Desktop/sonlabhal/empty_project/simulation/qsim/ de0nano_embedding -c de0nano_embedding
quartus_eda --gen_testbench --check_outputs=on --tool=modelsim_oem --format=verilog --write_settings_files=off de0nano_embedding -c de0nano_embedding --vector_source=C:/Users/KaanFurkan/Desktop/sonlabhal/empty_project/datapath.vwf --testbench_file=C:/Users/KaanFurkan/Desktop/sonlabhal/empty_project/simulation/qsim/datapath.vwf.vt
quartus_eda --write_settings_files=off --functional=on --flatten_buses=off --simulation=on --tool=modelsim_oem --format=verilog --output_directory=C:/Users/KaanFurkan/Desktop/sonlabhal/empty_project/simulation/qsim/ de0nano_embedding -c de0nano_embedding
quartus_eda --gen_testbench --check_outputs=on --tool=modelsim_oem --format=verilog --write_settings_files=off de0nano_embedding -c de0nano_embedding --vector_source=C:/Users/KaanFurkan/Desktop/sonlabhal/empty_project/datapath.vwf --testbench_file=C:/Users/KaanFurkan/Desktop/sonlabhal/empty_project/simulation/qsim/datapath.vwf.vt
quartus_eda --write_settings_files=off --functional=on --flatten_buses=off --simulation=on --tool=modelsim_oem --format=verilog --output_directory=C:/Users/KaanFurkan/Desktop/sonlabhal/empty_project/simulation/qsim/ de0nano_embedding -c de0nano_embedding
quartus_eda --gen_testbench --check_outputs=on --tool=modelsim_oem --format=verilog --write_settings_files=off de0nano_embedding -c de0nano_embedding --vector_source=C:/Users/KaanFurkan/Desktop/sonlabhal/empty_project/datapath.vwf --testbench_file=C:/Users/KaanFurkan/Desktop/sonlabhal/empty_project/simulation/qsim/datapath.vwf.vt
quartus_eda --write_settings_files=off --functional=on --flatten_buses=off --simulation=on --tool=modelsim_oem --format=verilog --output_directory=C:/Users/KaanFurkan/Desktop/sonlabhal/empty_project/simulation/qsim/ de0nano_embedding -c de0nano_embedding
quartus_eda --gen_testbench --check_outputs=on --tool=modelsim_oem --format=verilog --write_settings_files=off de0nano_embedding -c de0nano_embedding --vector_source=C:/Users/KaanFurkan/Desktop/sonlabhal/empty_project/datapath.vwf --testbench_file=C:/Users/KaanFurkan/Desktop/sonlabhal/empty_project/simulation/qsim/datapath.vwf.vt
quartus_eda --write_settings_files=off --functional=on --flatten_buses=off --simulation=on --tool=modelsim_oem --format=verilog --output_directory=C:/Users/KaanFurkan/Desktop/sonlabhal/empty_project/simulation/qsim/ de0nano_embedding -c de0nano_embedding



